EXPNETLive.exe: 000014E8: 00:34:27 []:>--------------------------------------------------------------<
EXPNETLive.exe: 000014E8: 00:34:27 [TUniServerModule]:Server First Init.
EXPNETLive.exe: 000014E8: 00:34:27 [TUniServerModule]:Start Path = H:\Projetos Delphi Android\iGAT App Provedor\Fontes MK-EXPNET\Fonte EXPNET WEB\EXPNET Live\EXPNETWEB\Fonte EXPNET WEB\
EXPNETLive.exe: 000014E8: 00:34:27 [TUniServerModule]:Debug Mode = ON
EXPNETLive.exe: 000014E8: 00:34:27 [TUniGUISessionManager]:Cache erase job created, Folder count: [1]
EXPNETLive.exe: 000014E8: 00:34:27 [TUniServerModule]:Starting HTTP Server on Port: 8077...
EXPNETLive.exe: 000014E8: 00:34:27 [TUniServerModule]:HTTP Server Started on Port: 8077
EXPNETLive.exe: 00002998: 00:34:28 [127.0.0.1]:EUniSessionException : Invalid session or session Timeout. (Session not found: NXTxFgXXzu10AC12DF6 ) : Addr: $007C3B12
EXPNETLive.exe: 00001AA8: 00:35:51 []:>--------------------------------------------------------------<
EXPNETLive.exe: 00001AA8: 00:35:51 [TUniServerModule]:Server First Init.
EXPNETLive.exe: 00001AA8: 00:35:51 [TUniServerModule]:Start Path = H:\Projetos Delphi Android\iGAT App Provedor\Fontes MK-EXPNET\Fonte EXPNET WEB\EXPNET Live\EXPNETWEB\Fonte EXPNET WEB\
EXPNETLive.exe: 00001AA8: 00:35:51 [TUniServerModule]:Debug Mode = ON
EXPNETLive.exe: 00001AA8: 00:35:51 [TUniGUISessionManager]:Cache erase job created, Folder count: [1]
EXPNETLive.exe: 00001AA8: 00:35:51 [TUniServerModule]:Starting HTTP Server on Port: 8077...
EXPNETLive.exe: 00001AA8: 00:35:51 [TUniServerModule]:HTTP Server Started on Port: 8077
EXPNETLive.exe: 00000404: 00:35:52 [127.0.0.1]:EUniSessionException : Invalid session or session Timeout. (Session not found: 3OiMijiYXl10AC1389A ) : Addr: $007C3B12
EXPNETLive.exe: 0000182C: 00:36:31 []:>--------------------------------------------------------------<
EXPNETLive.exe: 0000182C: 00:36:31 [TUniServerModule]:Server First Init.
EXPNETLive.exe: 0000182C: 00:36:31 [TUniServerModule]:Start Path = H:\Projetos Delphi Android\iGAT App Provedor\Fontes MK-EXPNET\Fonte EXPNET WEB\EXPNET Live\EXPNETWEB\Fonte EXPNET WEB\
EXPNETLive.exe: 0000182C: 00:36:31 [TUniServerModule]:Debug Mode = ON
EXPNETLive.exe: 0000182C: 00:36:31 [TUniGUISessionManager]:Cache erase job created, Folder count: [1]
EXPNETLive.exe: 0000182C: 00:36:31 [TUniServerModule]:Starting HTTP Server on Port: 8077...
EXPNETLive.exe: 0000182C: 00:36:31 [TUniServerModule]:HTTP Server Started on Port: 8077
EXPNETLive.exe: 0000280C: 00:38:09 []:>--------------------------------------------------------------<
EXPNETLive.exe: 0000280C: 00:38:09 [TUniServerModule]:Server First Init.
EXPNETLive.exe: 0000280C: 00:38:09 [TUniServerModule]:Start Path = H:\Projetos Delphi Android\iGAT App Provedor\Fontes MK-EXPNET\Fonte EXPNET WEB\EXPNET Live\EXPNETWEB\Fonte EXPNET WEB\
EXPNETLive.exe: 0000280C: 00:38:09 [TUniServerModule]:Debug Mode = ON
EXPNETLive.exe: 0000280C: 00:38:09 [TUniGUISessionManager]:Cache erase job created, Folder count: [1]
EXPNETLive.exe: 0000280C: 00:38:10 [TUniServerModule]:Starting HTTP Server on Port: 8077...
EXPNETLive.exe: 0000280C: 00:38:10 [TUniServerModule]:HTTP Server Started on Port: 8077
EXPNETLive.exe: 00002130: 00:38:11 [127.0.0.1]:EUniSessionException : Invalid session or session Timeout. (Session not found: U3stkQgikO10AC1392B ) : Addr: $007C3B12
EXPNETLive.exe: 000042A0: 00:38:49 []:>--------------------------------------------------------------<
EXPNETLive.exe: 000042A0: 00:38:49 [TUniServerModule]:Server First Init.
EXPNETLive.exe: 000042A0: 00:38:49 [TUniServerModule]:Start Path = H:\Projetos Delphi Android\iGAT App Provedor\Fontes MK-EXPNET\Fonte EXPNET WEB\EXPNET Live\EXPNETWEB\Fonte EXPNET WEB\
EXPNETLive.exe: 000042A0: 00:38:49 [TUniServerModule]:Debug Mode = ON
EXPNETLive.exe: 000042A0: 00:38:49 [TUniGUISessionManager]:Cache erase job created, Folder count: [1]
EXPNETLive.exe: 000042A0: 00:38:49 [TUniServerModule]:Starting HTTP Server on Port: 8077...
EXPNETLive.exe: 000042A0: 00:38:49 [TUniServerModule]:HTTP Server Started on Port: 8077
EXPNETLive.exe: 00002CA4: 00:38:50 [127.0.0.1]:EUniSessionException : Invalid session or session Timeout. (Session not found: VjcSdfxEDu10AC1399C ) : Addr: $007C3B12
EXPNETLive.exe: 000035E8: 00:39:54 []:>--------------------------------------------------------------<
EXPNETLive.exe: 000035E8: 00:39:54 [TUniServerModule]:Server First Init.
EXPNETLive.exe: 000035E8: 00:39:54 [TUniServerModule]:Start Path = H:\Projetos Delphi Android\iGAT App Provedor\Fontes MK-EXPNET\Fonte EXPNET WEB\EXPNET Live\EXPNETWEB\Fonte EXPNET WEB\
EXPNETLive.exe: 000035E8: 00:39:54 [TUniServerModule]:Debug Mode = ON
EXPNETLive.exe: 000035E8: 00:39:54 [TUniGUISessionManager]:Cache erase job created, Folder count: [1]
EXPNETLive.exe: 000035E8: 00:39:54 [TUniServerModule]:Starting HTTP Server on Port: 8077...
EXPNETLive.exe: 000035E8: 00:39:54 [TUniServerModule]:HTTP Server Started on Port: 8077
EXPNETLive.exe: 00003A8C: 00:39:54 [127.0.0.1]:EUniSessionException : Invalid session or session Timeout. (Session not found: WphlPTjcpC10AC139C9 ) : Addr: $007C3B12
EXPNETLive.exe: 000000AC: 00:40:27 []:>--------------------------------------------------------------<
EXPNETLive.exe: 000000AC: 00:40:27 [TUniServerModule]:Server First Init.
EXPNETLive.exe: 000000AC: 00:40:27 [TUniServerModule]:Start Path = H:\Projetos Delphi Android\iGAT App Provedor\Fontes MK-EXPNET\Fonte EXPNET WEB\EXPNET Live\EXPNETWEB\Fonte EXPNET WEB\
EXPNETLive.exe: 000000AC: 00:40:27 [TUniServerModule]:Debug Mode = ON
EXPNETLive.exe: 000000AC: 00:40:27 [TUniGUISessionManager]:Cache erase job created, Folder count: [1]
EXPNETLive.exe: 000000AC: 00:40:27 [TUniServerModule]:Starting HTTP Server on Port: 8077...
EXPNETLive.exe: 000000AC: 00:40:27 [TUniServerModule]:HTTP Server Started on Port: 8077
EXPNETLive.exe: 00003888: 00:40:28 [127.0.0.1]:EUniSessionException : Invalid session or session Timeout. (Session not found: CN7Mk9BybT10AC13A14 ) : Addr: $007C3B12
EXPNETLive.exe: 000029D4: 00:41:07 []:>--------------------------------------------------------------<
EXPNETLive.exe: 000029D4: 00:41:07 [TUniServerModule]:Server First Init.
EXPNETLive.exe: 000029D4: 00:41:07 [TUniServerModule]:Start Path = H:\Projetos Delphi Android\iGAT App Provedor\Fontes MK-EXPNET\Fonte EXPNET WEB\EXPNET Live\EXPNETWEB\Fonte EXPNET WEB\
EXPNETLive.exe: 000029D4: 00:41:07 [TUniServerModule]:Debug Mode = ON
EXPNETLive.exe: 000029D4: 00:41:07 [TUniGUISessionManager]:Cache erase job created, Folder count: [1]
EXPNETLive.exe: 000029D4: 00:41:07 [TUniServerModule]:Starting HTTP Server on Port: 8077...
EXPNETLive.exe: 000029D4: 00:41:07 [TUniServerModule]:HTTP Server Started on Port: 8077
EXPNETLive.exe: 00001FB8: 00:41:08 [127.0.0.1]:EUniSessionException : Invalid session or session Timeout. (Session not found: afAevic84H10AC13A3B ) : Addr: $007C3B12
EXPNETLive.exe: 00002B48: 00:41:32 []:>--------------------------------------------------------------<
EXPNETLive.exe: 00002B48: 00:41:32 [TUniServerModule]:Server First Init.
EXPNETLive.exe: 00002B48: 00:41:32 [TUniServerModule]:Start Path = H:\Projetos Delphi Android\iGAT App Provedor\Fontes MK-EXPNET\Fonte EXPNET WEB\EXPNET Live\EXPNETWEB\Fonte EXPNET WEB\
EXPNETLive.exe: 00002B48: 00:41:32 [TUniServerModule]:Debug Mode = ON
EXPNETLive.exe: 00002B48: 00:41:32 [TUniGUISessionManager]:Cache erase job created, Folder count: [1]
EXPNETLive.exe: 00002B48: 00:41:32 [TUniServerModule]:Starting HTTP Server on Port: 8077...
EXPNETLive.exe: 00002B48: 00:41:32 [TUniServerModule]:HTTP Server Started on Port: 8077
EXPNETLive.exe: 00001364: 00:41:32 [127.0.0.1]:EUniSessionException : Invalid session or session Timeout. (Session not found: vAX6JnrjmI10AC13A69 ) : Addr: $007C3B12
EXPNETLive.exe: 00001660: 00:41:55 []:>--------------------------------------------------------------<
EXPNETLive.exe: 00001660: 00:41:55 [TUniServerModule]:Server First Init.
EXPNETLive.exe: 00001660: 00:41:55 [TUniServerModule]:Start Path = H:\Projetos Delphi Android\iGAT App Provedor\Fontes MK-EXPNET\Fonte EXPNET WEB\EXPNET Live\EXPNETWEB\Fonte EXPNET WEB\
EXPNETLive.exe: 00001660: 00:41:55 [TUniServerModule]:Debug Mode = ON
EXPNETLive.exe: 00001660: 00:41:55 [TUniGUISessionManager]:Cache erase job created, Folder count: [1]
EXPNETLive.exe: 00001660: 00:41:55 [TUniServerModule]:Starting HTTP Server on Port: 8077...
EXPNETLive.exe: 00001660: 00:41:55 [TUniServerModule]:HTTP Server Started on Port: 8077
EXPNETLive.exe: 00001ED0: 00:43:54 []:>--------------------------------------------------------------<
EXPNETLive.exe: 00001ED0: 00:43:54 [TUniServerModule]:Server First Init.
EXPNETLive.exe: 00001ED0: 00:43:54 [TUniServerModule]:Start Path = H:\Projetos Delphi Android\iGAT App Provedor\Fontes MK-EXPNET\Fonte EXPNET WEB\EXPNET Live\EXPNETWEB\Fonte EXPNET WEB\
EXPNETLive.exe: 00001ED0: 00:43:54 [TUniServerModule]:Debug Mode = ON
EXPNETLive.exe: 00001ED0: 00:43:54 [TUniGUISessionManager]:Cache erase job created, Folder count: [1]
EXPNETLive.exe: 00001ED0: 00:43:54 [TUniServerModule]:Starting HTTP Server on Port: 8077...
EXPNETLive.exe: 00001ED0: 00:43:54 [TUniServerModule]:HTTP Server Started on Port: 8077
EXPNETLive.exe: 00003A1C: 00:43:57 [127.0.0.1]:EUniSessionException : Invalid session or session Timeout. (Session not found: gw1tRX9Lj410AC13AA0 ) : Addr: $007C3B12
EXPNETLive.exe: 000026C4: 00:44:24 []:>--------------------------------------------------------------<
EXPNETLive.exe: 000026C4: 00:44:24 [TUniServerModule]:Server First Init.
EXPNETLive.exe: 000026C4: 00:44:24 [TUniServerModule]:Start Path = H:\Projetos Delphi Android\iGAT App Provedor\Fontes MK-EXPNET\Fonte EXPNET WEB\EXPNET Live\EXPNETWEB\Fonte EXPNET WEB\
EXPNETLive.exe: 000026C4: 00:44:24 [TUniServerModule]:Debug Mode = ON
EXPNETLive.exe: 000026C4: 00:44:24 [TUniGUISessionManager]:Cache erase job created, Folder count: [1]
EXPNETLive.exe: 000026C4: 00:44:24 [TUniServerModule]:Starting HTTP Server on Port: 8077...
EXPNETLive.exe: 000026C4: 00:44:24 [TUniServerModule]:HTTP Server Started on Port: 8077
EXPNETLive.exe: 00002930: 00:44:49 []:>--------------------------------------------------------------<
EXPNETLive.exe: 00002930: 00:44:49 [TUniServerModule]:Server First Init.
EXPNETLive.exe: 00002930: 00:44:49 [TUniServerModule]:Start Path = H:\Projetos Delphi Android\iGAT App Provedor\Fontes MK-EXPNET\Fonte EXPNET WEB\EXPNET Live\EXPNETWEB\Fonte EXPNET WEB\
EXPNETLive.exe: 00002930: 00:44:49 [TUniServerModule]:Debug Mode = ON
EXPNETLive.exe: 00002930: 00:44:49 [TUniGUISessionManager]:Cache erase job created, Folder count: [1]
EXPNETLive.exe: 00002930: 00:44:49 [TUniServerModule]:Starting HTTP Server on Port: 8077...
EXPNETLive.exe: 00002930: 00:44:49 [TUniServerModule]:HTTP Server Started on Port: 8077
EXPNETLive.exe: 000039C4: 00:44:49 [127.0.0.1]:EUniSessionException : Invalid session or session Timeout. (Session not found: CfFOF8rXaA10AC13B4C ) : Addr: $007C3B12
EXPNETLive.exe: 0000257C: 00:49:44 []:>--------------------------------------------------------------<
EXPNETLive.exe: 0000257C: 00:49:44 [TUniServerModule]:Server First Init.
EXPNETLive.exe: 0000257C: 00:49:44 [TUniServerModule]:Start Path = H:\Projetos Delphi Android\iGAT App Provedor\Fontes MK-EXPNET\Fonte EXPNET WEB\EXPNET Live\EXPNETWEB\Fonte EXPNET WEB\
EXPNETLive.exe: 0000257C: 00:49:44 [TUniServerModule]:Debug Mode = ON
EXPNETLive.exe: 0000257C: 00:49:44 [TUniGUISessionManager]:Cache erase job created, Folder count: [1]
EXPNETLive.exe: 0000257C: 00:49:44 [TUniServerModule]:Starting HTTP Server on Port: 8077...
EXPNETLive.exe: 0000257C: 00:49:44 [TUniServerModule]:HTTP Server Started on Port: 8077
EXPNETLive.exe: 00000404: 00:49:47 [127.0.0.1]:EUniSessionException : Invalid session or session Timeout. (Session not found: fCsWelYu5z10AC13B69 ) : Addr: $007C3B12
EXPNETLive.exe: 000039E0: 00:50:33 []:>--------------------------------------------------------------<
EXPNETLive.exe: 000039E0: 00:50:33 [TUniServerModule]:Server First Init.
EXPNETLive.exe: 000039E0: 00:50:33 [TUniServerModule]:Start Path = H:\Projetos Delphi Android\iGAT App Provedor\Fontes MK-EXPNET\Fonte EXPNET WEB\EXPNET Live\EXPNETWEB\Fonte EXPNET WEB\
EXPNETLive.exe: 000039E0: 00:50:33 [TUniServerModule]:Debug Mode = ON
EXPNETLive.exe: 000039E0: 00:50:33 [TUniGUISessionManager]:Cache erase job created, Folder count: [1]
EXPNETLive.exe: 000039E0: 00:50:33 [TUniServerModule]:Starting HTTP Server on Port: 8077...
EXPNETLive.exe: 000039E0: 00:50:33 [TUniServerModule]:HTTP Server Started on Port: 8077
EXPNETLive.exe: 00004008: 00:50:34 [127.0.0.1]:EUniSessionException : Invalid session or session Timeout. (Session not found: NiOmRxxBlJ10AC13CC2 ) : Addr: $007C3B12
EXPNETLive.exe: 00002114: 00:51:21 []:>--------------------------------------------------------------<
EXPNETLive.exe: 00002114: 00:51:21 [TUniServerModule]:Server First Init.
EXPNETLive.exe: 00002114: 00:51:21 [TUniServerModule]:Start Path = H:\Projetos Delphi Android\iGAT App Provedor\Fontes MK-EXPNET\Fonte EXPNET WEB\EXPNET Live\EXPNETWEB\Fonte EXPNET WEB\
EXPNETLive.exe: 00002114: 00:51:21 [TUniServerModule]:Debug Mode = ON
EXPNETLive.exe: 00002114: 00:51:21 [TUniGUISessionManager]:Cache erase job created, Folder count: [1]
EXPNETLive.exe: 00002114: 00:51:21 [TUniServerModule]:Starting HTTP Server on Port: 8077...
EXPNETLive.exe: 00002114: 00:51:21 [TUniServerModule]:HTTP Server Started on Port: 8077
EXPNETLive.exe: 000028E4: 00:51:21 [127.0.0.1]:EUniSessionException : Invalid session or session Timeout. (Session not found: qkd6alzBuI10AC13CF8 ) : Addr: $007C3B12
EXPNETLive.exe: 00003EC0: 00:52:02 []:>--------------------------------------------------------------<
EXPNETLive.exe: 00003EC0: 00:52:02 [TUniServerModule]:Server First Init.
EXPNETLive.exe: 00003EC0: 00:52:02 [TUniServerModule]:Start Path = H:\Projetos Delphi Android\iGAT App Provedor\Fontes MK-EXPNET\Fonte EXPNET WEB\EXPNET Live\EXPNETWEB\Fonte EXPNET WEB\
EXPNETLive.exe: 00003EC0: 00:52:02 [TUniServerModule]:Debug Mode = ON
EXPNETLive.exe: 00003EC0: 00:52:02 [TUniGUISessionManager]:Cache erase job created, Folder count: [1]
EXPNETLive.exe: 00003EC0: 00:52:02 [TUniServerModule]:Starting HTTP Server on Port: 8077...
EXPNETLive.exe: 00003EC0: 00:52:02 [TUniServerModule]:HTTP Server Started on Port: 8077
EXPNETLive.exe: 00000748: 00:52:03 [127.0.0.1]:EUniSessionException : Invalid session or session Timeout. (Session not found: 1yCD1HGoCg10AC13D2F ) : Addr: $007C3B12
EXPNETLive.exe: 00002808: 00:52:27 []:>--------------------------------------------------------------<
EXPNETLive.exe: 00002808: 00:52:27 [TUniServerModule]:Server First Init.
EXPNETLive.exe: 00002808: 00:52:27 [TUniServerModule]:Start Path = H:\Projetos Delphi Android\iGAT App Provedor\Fontes MK-EXPNET\Fonte EXPNET WEB\EXPNET Live\EXPNETWEB\Fonte EXPNET WEB\
EXPNETLive.exe: 00002808: 00:52:27 [TUniServerModule]:Debug Mode = ON
EXPNETLive.exe: 00002808: 00:52:27 [TUniGUISessionManager]:Cache erase job created, Folder count: [1]
EXPNETLive.exe: 00002808: 00:52:27 [TUniServerModule]:Starting HTTP Server on Port: 8077...
EXPNETLive.exe: 00002808: 00:52:27 [TUniServerModule]:HTTP Server Started on Port: 8077
EXPNETLive.exe: 000041AC: 00:52:30 [127.0.0.1]:EUniSessionException : Invalid session or session Timeout. (Session not found: ZnZaXv7Jwe10AC13D5F ) : Addr: $007C3B12
EXPNETLive.exe: 00002CA4: 00:53:23 []:>--------------------------------------------------------------<
EXPNETLive.exe: 00002CA4: 00:53:23 [TUniServerModule]:Server First Init.
EXPNETLive.exe: 00002CA4: 00:53:23 [TUniServerModule]:Start Path = H:\Projetos Delphi Android\iGAT App Provedor\Fontes MK-EXPNET\Fonte EXPNET WEB\EXPNET Live\EXPNETWEB\Fonte EXPNET WEB\
EXPNETLive.exe: 00002CA4: 00:53:23 [TUniServerModule]:Debug Mode = ON
EXPNETLive.exe: 00002CA4: 00:53:23 [TUniGUISessionManager]:Cache erase job created, Folder count: [1]
EXPNETLive.exe: 00002CA4: 00:53:23 [TUniServerModule]:Starting HTTP Server on Port: 8077...
EXPNETLive.exe: 00002CA4: 00:53:23 [TUniServerModule]:HTTP Server Started on Port: 8077
EXPNETLive.exe: 00001674: 00:53:23 [127.0.0.1]:EUniSessionException : Invalid session or session Timeout. (Session not found: KsXEt8ZKbZ10AC13D7E ) : Addr: $007C3B12
EXPNETLive.exe: 00000980: 00:53:52 []:>--------------------------------------------------------------<
EXPNETLive.exe: 00000980: 00:53:52 [TUniServerModule]:Server First Init.
EXPNETLive.exe: 00000980: 00:53:52 [TUniServerModule]:Start Path = H:\Projetos Delphi Android\iGAT App Provedor\Fontes MK-EXPNET\Fonte EXPNET WEB\EXPNET Live\EXPNETWEB\Fonte EXPNET WEB\
EXPNETLive.exe: 00000980: 00:53:52 [TUniServerModule]:Debug Mode = ON
EXPNETLive.exe: 00000980: 00:53:52 [TUniGUISessionManager]:Cache erase job created, Folder count: [1]
EXPNETLive.exe: 00000980: 00:53:52 [TUniServerModule]:Starting HTTP Server on Port: 8077...
EXPNETLive.exe: 00000980: 00:53:52 [TUniServerModule]:HTTP Server Started on Port: 8077
EXPNETLive.exe: 00002264: 00:53:53 [127.0.0.1]:EUniSessionException : Invalid session or session Timeout. (Session not found: jSAOon2FjT10AC13DBC ) : Addr: $007C3B12
EXPNETLive.exe: 00000328: 00:54:58 []:>--------------------------------------------------------------<
EXPNETLive.exe: 00000328: 00:54:58 [TUniServerModule]:Server First Init.
EXPNETLive.exe: 00000328: 00:54:58 [TUniServerModule]:Start Path = H:\Projetos Delphi Android\iGAT App Provedor\Fontes MK-EXPNET\Fonte EXPNET WEB\EXPNET Live\EXPNETWEB\Fonte EXPNET WEB\
EXPNETLive.exe: 00000328: 00:54:58 [TUniServerModule]:Debug Mode = ON
EXPNETLive.exe: 00000328: 00:54:58 [TUniGUISessionManager]:Cache erase job created, Folder count: [1]
EXPNETLive.exe: 00000328: 00:54:58 [TUniServerModule]:Starting HTTP Server on Port: 8077...
EXPNETLive.exe: 00000328: 00:54:58 [TUniServerModule]:HTTP Server Started on Port: 8077
EXPNETLive.exe: 00002F8C: 00:54:59 [127.0.0.1]:EUniSessionException : Invalid session or session Timeout. (Session not found: pE649OHa5q10AC13DDF ) : Addr: $007C3B12
EXPNETLive.exe: 00003888: 00:56:28 []:>--------------------------------------------------------------<
EXPNETLive.exe: 00003888: 00:56:28 [TUniServerModule]:Server First Init.
EXPNETLive.exe: 00003888: 00:56:28 [TUniServerModule]:Start Path = H:\Projetos Delphi Android\iGAT App Provedor\Fontes MK-EXPNET\Fonte EXPNET WEB\EXPNET Live\EXPNETWEB\Fonte EXPNET WEB\
EXPNETLive.exe: 00003888: 00:56:28 [TUniServerModule]:Debug Mode = ON
EXPNETLive.exe: 00003888: 00:56:28 [TUniGUISessionManager]:Cache erase job created, Folder count: [1]
EXPNETLive.exe: 00003888: 00:56:28 [TUniServerModule]:Starting HTTP Server on Port: 8077...
EXPNETLive.exe: 00003888: 00:56:28 [TUniServerModule]:HTTP Server Started on Port: 8077
EXPNETLive.exe: 00002F5C: 00:56:31 [127.0.0.1]:EUniSessionException : Invalid session or session Timeout. (Session not found: Zm7GNqYeE910AC13E2B ) : Addr: $007C3B12
EXPNETLive.exe: 00002158: 01:00:24 []:>--------------------------------------------------------------<
EXPNETLive.exe: 00002158: 01:00:24 [TUniServerModule]:Server First Init.
EXPNETLive.exe: 00002158: 01:00:24 [TUniServerModule]:Start Path = H:\Projetos Delphi Android\iGAT App Provedor\Fontes MK-EXPNET\Fonte EXPNET WEB\EXPNET Live\EXPNETWEB\Fonte EXPNET WEB\
EXPNETLive.exe: 00002158: 01:00:24 [TUniServerModule]:Debug Mode = ON
EXPNETLive.exe: 00002158: 01:00:24 [TUniGUISessionManager]:Cache erase job created, Folder count: [1]
EXPNETLive.exe: 00002158: 01:00:24 [TUniServerModule]:Starting HTTP Server on Port: 8077...
EXPNETLive.exe: 00002158: 01:00:25 [TUniServerModule]:HTTP Server Started on Port: 8077
EXPNETLive.exe: 00003254: 01:00:26 [127.0.0.1]:EUniSessionException : Invalid session or session Timeout. (Session not found: FHL4HNKHHM10AC13E95 ) : Addr: $007C3B12
EXPNETLive.exe: 000043D4: 01:00:55 []:>--------------------------------------------------------------<
EXPNETLive.exe: 000043D4: 01:00:55 [TUniServerModule]:Server First Init.
EXPNETLive.exe: 000043D4: 01:00:55 [TUniServerModule]:Start Path = H:\Projetos Delphi Android\iGAT App Provedor\Fontes MK-EXPNET\Fonte EXPNET WEB\EXPNET Live\EXPNETWEB\Fonte EXPNET WEB\
EXPNETLive.exe: 000043D4: 01:00:55 [TUniServerModule]:Debug Mode = ON
EXPNETLive.exe: 000043D4: 01:00:55 [TUniGUISessionManager]:Cache erase job created, Folder count: [1]
EXPNETLive.exe: 000043D4: 01:00:55 [TUniServerModule]:Starting HTTP Server on Port: 8077...
EXPNETLive.exe: 000043D4: 01:00:55 [TUniServerModule]:HTTP Server Started on Port: 8077
EXPNETLive.exe: 00002530: 01:00:56 [127.0.0.1]:EUniSessionException : Invalid session or session Timeout. (Session not found: ZC68kQXtYu10AC13FA5 ) : Addr: $007C3B12
EXPNETLive.exe: 00002748: 01:01:23 []:>--------------------------------------------------------------<
EXPNETLive.exe: 00002748: 01:01:23 [TUniServerModule]:Server First Init.
EXPNETLive.exe: 00002748: 01:01:23 [TUniServerModule]:Start Path = H:\Projetos Delphi Android\iGAT App Provedor\Fontes MK-EXPNET\Fonte EXPNET WEB\EXPNET Live\EXPNETWEB\Fonte EXPNET WEB\
EXPNETLive.exe: 00002748: 01:01:23 [TUniServerModule]:Debug Mode = ON
EXPNETLive.exe: 00002748: 01:01:23 [TUniGUISessionManager]:Cache erase job created, Folder count: [1]
EXPNETLive.exe: 00002748: 01:01:23 [TUniServerModule]:Starting HTTP Server on Port: 8077...
EXPNETLive.exe: 00002748: 01:01:23 [TUniServerModule]:HTTP Server Started on Port: 8077
EXPNETLive.exe: 00003DC4: 01:01:26 [127.0.0.1]:EUniSessionException : Invalid session or session Timeout. (Session not found: 4FzwS9TchW10AC13FC8 ) : Addr: $007C3B12
EXPNETLive.exe: 00001FBC: 01:05:44 []:>--------------------------------------------------------------<
EXPNETLive.exe: 00001FBC: 01:05:44 [TUniServerModule]:Server First Init.
EXPNETLive.exe: 00001FBC: 01:05:44 [TUniServerModule]:Start Path = H:\Projetos Delphi Android\iGAT App Provedor\Fontes MK-EXPNET\Fonte EXPNET WEB\EXPNET Live\EXPNETWEB\Fonte EXPNET WEB\
EXPNETLive.exe: 00001FBC: 01:05:44 [TUniServerModule]:Debug Mode = ON
EXPNETLive.exe: 00001FBC: 01:05:44 [TUniGUISessionManager]:Cache erase job created, Folder count: [1]
EXPNETLive.exe: 00001FBC: 01:05:44 [TUniServerModule]:Starting HTTP Server on Port: 8077...
EXPNETLive.exe: 00001FBC: 01:05:44 [TUniServerModule]:HTTP Server Started on Port: 8077
EXPNETLive.exe: 00002CB0: 01:05:45 [127.0.0.1]:EUniSessionException : Invalid session or session Timeout. (Session not found: adD5srC61g10AC13FEA ) : Addr: $007C3B12
EXPNETLive.exe: 000041C0: 01:06:15 []:>--------------------------------------------------------------<
EXPNETLive.exe: 000041C0: 01:06:15 [TUniServerModule]:Server First Init.
EXPNETLive.exe: 000041C0: 01:06:15 [TUniServerModule]:Start Path = H:\Projetos Delphi Android\iGAT App Provedor\Fontes MK-EXPNET\Fonte EXPNET WEB\EXPNET Live\EXPNETWEB\Fonte EXPNET WEB\
EXPNETLive.exe: 000041C0: 01:06:15 [TUniServerModule]:Debug Mode = ON
EXPNETLive.exe: 000041C0: 01:06:15 [TUniGUISessionManager]:Cache erase job created, Folder count: [1]
EXPNETLive.exe: 000041C0: 01:06:15 [TUniServerModule]:Starting HTTP Server on Port: 8077...
EXPNETLive.exe: 000041C0: 01:06:15 [TUniServerModule]:HTTP Server Started on Port: 8077
EXPNETLive.exe: 00000438: 01:08:10 []:>--------------------------------------------------------------<
EXPNETLive.exe: 00000438: 01:08:10 [TUniServerModule]:Server First Init.
EXPNETLive.exe: 00000438: 01:08:10 [TUniServerModule]:Start Path = H:\Projetos Delphi Android\iGAT App Provedor\Fontes MK-EXPNET\Fonte EXPNET WEB\EXPNET Live\EXPNETWEB\Fonte EXPNET WEB\
EXPNETLive.exe: 00000438: 01:08:10 [TUniServerModule]:Debug Mode = ON
EXPNETLive.exe: 00000438: 01:08:10 [TUniGUISessionManager]:Cache erase job created, Folder count: [1]
EXPNETLive.exe: 00000438: 01:08:10 [TUniServerModule]:Starting HTTP Server on Port: 8077...
EXPNETLive.exe: 00000438: 01:08:10 [TUniServerModule]:HTTP Server Started on Port: 8077
EXPNETLive.exe: 00003314: 01:08:11 [127.0.0.1]:EUniSessionException : Invalid session or session Timeout. (Session not found: LQKW24voFH10AC1413A ) : Addr: $007C3B12
EXPNETLive.exe: 00002578: 01:08:30 []:>--------------------------------------------------------------<
EXPNETLive.exe: 00002578: 01:08:30 [TUniServerModule]:Server First Init.
EXPNETLive.exe: 00002578: 01:08:30 [TUniServerModule]:Start Path = H:\Projetos Delphi Android\iGAT App Provedor\Fontes MK-EXPNET\Fonte EXPNET WEB\EXPNET Live\EXPNETWEB\Fonte EXPNET WEB\
EXPNETLive.exe: 00002578: 01:08:30 [TUniServerModule]:Debug Mode = ON
EXPNETLive.exe: 00002578: 01:08:30 [TUniGUISessionManager]:Cache erase job created, Folder count: [1]
EXPNETLive.exe: 00002578: 01:08:30 [TUniServerModule]:Starting HTTP Server on Port: 8077...
EXPNETLive.exe: 00002578: 01:08:30 [TUniServerModule]:HTTP Server Started on Port: 8077
EXPNETLive.exe: 00003810: 01:08:31 [127.0.0.1]:EUniSessionException : Invalid session or session Timeout. (Session not found: 36BE6UTUfZ10AC141BF ) : Addr: $007C3B12
EXPNETLive.exe: 00003364: 01:08:56 []:>--------------------------------------------------------------<
EXPNETLive.exe: 00003364: 01:08:56 [TUniServerModule]:Server First Init.
EXPNETLive.exe: 00003364: 01:08:56 [TUniServerModule]:Start Path = H:\Projetos Delphi Android\iGAT App Provedor\Fontes MK-EXPNET\Fonte EXPNET WEB\EXPNET Live\EXPNETWEB\Fonte EXPNET WEB\
EXPNETLive.exe: 00003364: 01:08:56 [TUniServerModule]:Debug Mode = ON
EXPNETLive.exe: 00003364: 01:08:56 [TUniGUISessionManager]:Cache erase job created, Folder count: [1]
EXPNETLive.exe: 00003364: 01:08:56 [TUniServerModule]:Starting HTTP Server on Port: 8077...
EXPNETLive.exe: 00003364: 01:08:56 [TUniServerModule]:HTTP Server Started on Port: 8077
EXPNETLive.exe: 000013A8: 01:08:57 [127.0.0.1]:EUniSessionException : Invalid session or session Timeout. (Session not found: hgyywcgLXW10AC141D6 ) : Addr: $007C3B12
EXPNETLive.exe: 0000169C: 01:09:11 []:>--------------------------------------------------------------<
EXPNETLive.exe: 0000169C: 01:09:11 [TUniServerModule]:Server First Init.
EXPNETLive.exe: 0000169C: 01:09:11 [TUniServerModule]:Start Path = H:\Projetos Delphi Android\iGAT App Provedor\Fontes MK-EXPNET\Fonte EXPNET WEB\EXPNET Live\EXPNETWEB\Fonte EXPNET WEB\
EXPNETLive.exe: 0000169C: 01:09:11 [TUniServerModule]:Debug Mode = ON
EXPNETLive.exe: 0000169C: 01:09:11 [TUniGUISessionManager]:Cache erase job created, Folder count: [1]
EXPNETLive.exe: 0000169C: 01:09:12 [TUniServerModule]:Starting HTTP Server on Port: 8077...
EXPNETLive.exe: 0000169C: 01:09:12 [TUniServerModule]:HTTP Server Started on Port: 8077
EXPNETLive.exe: 00003F34: 01:09:17 [127.0.0.1]:EUniSessionException : Invalid session or session Timeout. (Session not found: y9S1JxYU7510AC141F4 ) : Addr: $007C3B12
EXPNETLive.exe: 000012F4: 01:10:08 []:>--------------------------------------------------------------<
EXPNETLive.exe: 000012F4: 01:10:08 [TUniServerModule]:Server First Init.
EXPNETLive.exe: 000012F4: 01:10:08 [TUniServerModule]:Start Path = H:\Projetos Delphi Android\iGAT App Provedor\Fontes MK-EXPNET\Fonte EXPNET WEB\EXPNET Live\EXPNETWEB\Fonte EXPNET WEB\
EXPNETLive.exe: 000012F4: 01:10:08 [TUniServerModule]:Debug Mode = ON
EXPNETLive.exe: 000012F4: 01:10:08 [TUniGUISessionManager]:Cache erase job created, Folder count: [1]
EXPNETLive.exe: 000012F4: 01:10:08 [TUniServerModule]:Starting HTTP Server on Port: 8077...
EXPNETLive.exe: 000012F4: 01:10:08 [TUniServerModule]:HTTP Server Started on Port: 8077
EXPNETLive.exe: 00003B30: 01:10:09 [127.0.0.1]:EUniSessionException : Invalid session or session Timeout. (Session not found: 4P9FxzLL6h10AC1420E ) : Addr: $007C3B12
EXPNETLive.exe: 0000277C: 01:10:29 []:>--------------------------------------------------------------<
EXPNETLive.exe: 0000277C: 01:10:29 [TUniServerModule]:Server First Init.
EXPNETLive.exe: 0000277C: 01:10:29 [TUniServerModule]:Start Path = H:\Projetos Delphi Android\iGAT App Provedor\Fontes MK-EXPNET\Fonte EXPNET WEB\EXPNET Live\EXPNETWEB\Fonte EXPNET WEB\
EXPNETLive.exe: 0000277C: 01:10:29 [TUniServerModule]:Debug Mode = ON
EXPNETLive.exe: 0000277C: 01:10:29 [TUniGUISessionManager]:Cache erase job created, Folder count: [1]
EXPNETLive.exe: 0000277C: 01:10:29 [TUniServerModule]:Starting HTTP Server on Port: 8077...
EXPNETLive.exe: 0000277C: 01:10:29 [TUniServerModule]:HTTP Server Started on Port: 8077
EXPNETLive.exe: 00001FB8: 01:10:30 [127.0.0.1]:EUniSessionException : Invalid session or session Timeout. (Session not found: LdpEU8FdxQ10AC14247 ) : Addr: $007C3B12
EXPNETLive.exe: 00003A8C: 01:10:48 []:>--------------------------------------------------------------<
EXPNETLive.exe: 00003A8C: 01:10:48 [TUniServerModule]:Server First Init.
EXPNETLive.exe: 00003A8C: 01:10:48 [TUniServerModule]:Start Path = H:\Projetos Delphi Android\iGAT App Provedor\Fontes MK-EXPNET\Fonte EXPNET WEB\EXPNET Live\EXPNETWEB\Fonte EXPNET WEB\
EXPNETLive.exe: 00003A8C: 01:10:48 [TUniServerModule]:Debug Mode = ON
EXPNETLive.exe: 00003A8C: 01:10:48 [TUniGUISessionManager]:Cache erase job created, Folder count: [1]
EXPNETLive.exe: 00003A8C: 01:10:48 [TUniServerModule]:Starting HTTP Server on Port: 8077...
EXPNETLive.exe: 00003A8C: 01:10:48 [TUniServerModule]:HTTP Server Started on Port: 8077
EXPNETLive.exe: 00003F88: 01:10:48 [127.0.0.1]:EUniSessionException : Invalid session or session Timeout. (Session not found: LQew7j8uf810AC14260 ) : Addr: $007C3B12
EXPNETLive.exe: 000018FC: 01:11:39 []:>--------------------------------------------------------------<
EXPNETLive.exe: 000018FC: 01:11:39 [TUniServerModule]:Server First Init.
EXPNETLive.exe: 000018FC: 01:11:39 [TUniServerModule]:Start Path = H:\Projetos Delphi Android\iGAT App Provedor\Fontes MK-EXPNET\Fonte EXPNET WEB\EXPNET Live\EXPNETWEB\Fonte EXPNET WEB\
EXPNETLive.exe: 000018FC: 01:11:39 [TUniServerModule]:Debug Mode = ON
EXPNETLive.exe: 000018FC: 01:11:39 [TUniGUISessionManager]:Cache erase job created, Folder count: [1]
EXPNETLive.exe: 000018FC: 01:11:39 [TUniServerModule]:Starting HTTP Server on Port: 8077...
EXPNETLive.exe: 000018FC: 01:11:39 [TUniServerModule]:HTTP Server Started on Port: 8077
EXPNETLive.exe: 00002D50: 01:11:39 [127.0.0.1]:EUniSessionException : Invalid session or session Timeout. (Session not found: wTzZ6OBNP810AC14275 ) : Addr: $007C3B12
EXPNETLive.exe: 00003E70: 01:11:56 []:>--------------------------------------------------------------<
EXPNETLive.exe: 00003E70: 01:11:56 [TUniServerModule]:Server First Init.
EXPNETLive.exe: 00003E70: 01:11:56 [TUniServerModule]:Start Path = H:\Projetos Delphi Android\iGAT App Provedor\Fontes MK-EXPNET\Fonte EXPNET WEB\EXPNET Live\EXPNETWEB\Fonte EXPNET WEB\
EXPNETLive.exe: 00003E70: 01:11:56 [TUniServerModule]:Debug Mode = ON
EXPNETLive.exe: 00003E70: 01:11:56 [TUniGUISessionManager]:Cache erase job created, Folder count: [1]
EXPNETLive.exe: 00003E70: 01:11:56 [TUniServerModule]:Starting HTTP Server on Port: 8077...
EXPNETLive.exe: 00003E70: 01:11:56 [TUniServerModule]:HTTP Server Started on Port: 8077
EXPNETLive.exe: 00003E5C: 01:11:57 [127.0.0.1]:EUniSessionException : Invalid session or session Timeout. (Session not found: 33bNcDWYHh10AC142B1 ) : Addr: $007C3B12
EXPNETLive.exe: 00001F78: 01:12:25 []:>--------------------------------------------------------------<
EXPNETLive.exe: 00001F78: 01:12:25 [TUniServerModule]:Server First Init.
EXPNETLive.exe: 00001F78: 01:12:25 [TUniServerModule]:Start Path = H:\Projetos Delphi Android\iGAT App Provedor\Fontes MK-EXPNET\Fonte EXPNET WEB\EXPNET Live\EXPNETWEB\Fonte EXPNET WEB\
EXPNETLive.exe: 00001F78: 01:12:25 [TUniServerModule]:Debug Mode = ON
EXPNETLive.exe: 00001F78: 01:12:25 [TUniGUISessionManager]:Cache erase job created, Folder count: [1]
EXPNETLive.exe: 00001F78: 01:12:25 [TUniServerModule]:Starting HTTP Server on Port: 8077...
EXPNETLive.exe: 00001F78: 01:12:25 [TUniServerModule]:HTTP Server Started on Port: 8077
EXPNETLive.exe: 000030AC: 01:12:31 [127.0.0.1]:EUniSessionException : Invalid session or session Timeout. (Session not found: SU7yrmhxKu10AC142C5 ) : Addr: $007C3B12
EXPNETLive.exe: 00000A20: 01:12:51 []:>--------------------------------------------------------------<
EXPNETLive.exe: 00000A20: 01:12:51 [TUniServerModule]:Server First Init.
EXPNETLive.exe: 00000A20: 01:12:51 [TUniServerModule]:Start Path = H:\Projetos Delphi Android\iGAT App Provedor\Fontes MK-EXPNET\Fonte EXPNET WEB\EXPNET Live\EXPNETWEB\Fonte EXPNET WEB\
EXPNETLive.exe: 00000A20: 01:12:51 [TUniServerModule]:Debug Mode = ON
EXPNETLive.exe: 00000A20: 01:12:51 [TUniGUISessionManager]:Cache erase job created, Folder count: [1]
EXPNETLive.exe: 00000A20: 01:12:51 [TUniServerModule]:Starting HTTP Server on Port: 8077...
EXPNETLive.exe: 00000A20: 01:12:51 [TUniServerModule]:HTTP Server Started on Port: 8077
EXPNETLive.exe: 000034C4: 01:12:52 [127.0.0.1]:EUniSessionException : Invalid session or session Timeout. (Session not found: BnGF8HkktN10AC142EC ) : Addr: $007C3B12
EXPNETLive.exe: 00004164: 01:13:05 []:>--------------------------------------------------------------<
EXPNETLive.exe: 00004164: 01:13:05 [TUniServerModule]:Server First Init.
EXPNETLive.exe: 00004164: 01:13:05 [TUniServerModule]:Start Path = H:\Projetos Delphi Android\iGAT App Provedor\Fontes MK-EXPNET\Fonte EXPNET WEB\EXPNET Live\EXPNETWEB\Fonte EXPNET WEB\
EXPNETLive.exe: 00004164: 01:13:05 [TUniGUISessionManager]:Cache erase job created, Folder count: [1]
EXPNETLive.exe: 00004164: 01:13:05 [TUniServerModule]:Starting HTTP Server on Port: 8077...
EXPNETLive.exe: 00004164: 01:13:05 [TUniServerModule]:HTTP Server Started on Port: 8077
EXPNETLive.exe: 0000334C: 01:13:07 [127.0.0.1]:EUniSessionException : Invalid session or session Timeout. (Session not found: 5BgGXQOpaq10AC14304 ) : Addr: $007C3B12
EXPNETLive.exe: 00004070: 01:13:46 []:>--------------------------------------------------------------<
EXPNETLive.exe: 00004070: 01:13:46 [TUniServerModule]:Server First Init.
EXPNETLive.exe: 00004070: 01:13:46 [TUniServerModule]:Start Path = H:\Projetos Delphi Android\iGAT App Provedor\Fontes MK-EXPNET\Fonte EXPNET WEB\EXPNET Live\EXPNETWEB\Fonte EXPNET WEB\
EXPNETLive.exe: 00004070: 01:13:46 [TUniServerModule]:Debug Mode = ON
EXPNETLive.exe: 00004070: 01:13:46 [TUniGUISessionManager]:Cache erase job created, Folder count: [1]
EXPNETLive.exe: 00004070: 01:13:46 [TUniServerModule]:Starting HTTP Server on Port: 8077...
EXPNETLive.exe: 00004070: 01:13:46 [TUniServerModule]:HTTP Server Started on Port: 8077
EXPNETLive.exe: 000019E4: 01:13:47 [127.0.0.1]:EUniSessionException : Invalid session or session Timeout. (Session not found: ceqdutbIX110AC14317 ) : Addr: $007C3B12
EXPNETLive.exe: 00003AFC: 01:14:07 []:>--------------------------------------------------------------<
EXPNETLive.exe: 00003AFC: 01:14:07 [TUniServerModule]:Server First Init.
EXPNETLive.exe: 00003AFC: 01:14:07 [TUniServerModule]:Start Path = H:\Projetos Delphi Android\iGAT App Provedor\Fontes MK-EXPNET\Fonte EXPNET WEB\EXPNET Live\EXPNETWEB\Fonte EXPNET WEB\
EXPNETLive.exe: 00003AFC: 01:14:07 [TUniServerModule]:Debug Mode = ON
EXPNETLive.exe: 00003AFC: 01:14:07 [TUniGUISessionManager]:Cache erase job created, Folder count: [1]
EXPNETLive.exe: 00003AFC: 01:14:07 [TUniServerModule]:Starting HTTP Server on Port: 8077...
EXPNETLive.exe: 00003AFC: 01:14:07 [TUniServerModule]:HTTP Server Started on Port: 8077
EXPNETLive.exe: 00001C5C: 01:14:10 [127.0.0.1]:EUniSessionException : Invalid session or session Timeout. (Session not found: tx9t2LqedK10AC14344 ) : Addr: $007C3B12
EXPNETLive.exe: 00000498: 01:14:43 []:>--------------------------------------------------------------<
EXPNETLive.exe: 00000498: 01:14:43 [TUniServerModule]:Server First Init.
EXPNETLive.exe: 00000498: 01:14:43 [TUniServerModule]:Start Path = H:\Projetos Delphi Android\iGAT App Provedor\Fontes MK-EXPNET\Fonte EXPNET WEB\EXPNET Live\EXPNETWEB\Fonte EXPNET WEB\
EXPNETLive.exe: 00000498: 01:14:43 [TUniServerModule]:Debug Mode = ON
EXPNETLive.exe: 00000498: 01:14:43 [TUniGUISessionManager]:Cache erase job created, Folder count: [1]
EXPNETLive.exe: 00000498: 01:14:43 [TUniServerModule]:Starting HTTP Server on Port: 8077...
EXPNETLive.exe: 00000498: 01:14:43 [TUniServerModule]:HTTP Server Started on Port: 8077
EXPNETLive.exe: 00003B30: 01:14:44 [127.0.0.1]:EUniSessionException : Invalid session or session Timeout. (Session not found: rdEKl3X1lJ10AC1435F ) : Addr: $007C3B12
EXPNETLive.exe: 00002DEC: 01:15:07 []:>--------------------------------------------------------------<
EXPNETLive.exe: 00002DEC: 01:15:07 [TUniServerModule]:Server First Init.
EXPNETLive.exe: 00002DEC: 01:15:07 [TUniServerModule]:Start Path = H:\Projetos Delphi Android\iGAT App Provedor\Fontes MK-EXPNET\Fonte EXPNET WEB\EXPNET Live\EXPNETWEB\Fonte EXPNET WEB\
EXPNETLive.exe: 00002DEC: 01:15:07 [TUniServerModule]:Debug Mode = ON
EXPNETLive.exe: 00002DEC: 01:15:07 [TUniGUISessionManager]:Cache erase job created, Folder count: [1]
EXPNETLive.exe: 00002DEC: 01:15:07 [TUniServerModule]:Starting HTTP Server on Port: 8077...
EXPNETLive.exe: 00002DEC: 01:15:07 [TUniServerModule]:HTTP Server Started on Port: 8077
EXPNETLive.exe: 0000414C: 01:15:10 [127.0.0.1]:EUniSessionException : Invalid session or session Timeout. (Session not found: FLYFfnAlKL10AC14386 ) : Addr: $007C3B12
EXPNETLive.exe: 00002FB4: 01:15:32 []:>--------------------------------------------------------------<
EXPNETLive.exe: 00002FB4: 01:15:32 [TUniServerModule]:Server First Init.
EXPNETLive.exe: 00002FB4: 01:15:32 [TUniServerModule]:Start Path = H:\Projetos Delphi Android\iGAT App Provedor\Fontes MK-EXPNET\Fonte EXPNET WEB\EXPNET Live\EXPNETWEB\Fonte EXPNET WEB\
EXPNETLive.exe: 00002FB4: 01:15:32 [TUniServerModule]:Debug Mode = ON
EXPNETLive.exe: 00002FB4: 01:15:32 [TUniGUISessionManager]:Cache erase job created, Folder count: [1]
EXPNETLive.exe: 00002FB4: 01:15:32 [TUniServerModule]:Starting HTTP Server on Port: 8077...
EXPNETLive.exe: 00002FB4: 01:15:32 [TUniServerModule]:HTTP Server Started on Port: 8077
EXPNETLive.exe: 00002394: 01:15:34 [127.0.0.1]:EUniSessionException : Invalid session or session Timeout. (Session not found: ymhCDBjwsy10AC143A4 ) : Addr: $007C3B12
EXPNETLive.exe: 000027A0: 01:16:19 []:>--------------------------------------------------------------<
EXPNETLive.exe: 000027A0: 01:16:19 [TUniServerModule]:Server First Init.
EXPNETLive.exe: 000027A0: 01:16:19 [TUniServerModule]:Start Path = H:\Projetos Delphi Android\iGAT App Provedor\Fontes MK-EXPNET\Fonte EXPNET WEB\EXPNET Live\EXPNETWEB\Fonte EXPNET WEB\
EXPNETLive.exe: 000027A0: 01:16:19 [TUniServerModule]:Debug Mode = ON
EXPNETLive.exe: 000027A0: 01:16:19 [TUniGUISessionManager]:Cache erase job created, Folder count: [1]
EXPNETLive.exe: 000027A0: 01:16:19 [TUniServerModule]:Starting HTTP Server on Port: 8077...
EXPNETLive.exe: 000027A0: 01:16:19 [TUniServerModule]:HTTP Server Started on Port: 8077
EXPNETLive.exe: 0000409C: 01:16:20 [127.0.0.1]:EUniSessionException : Invalid session or session Timeout. (Session not found: HyZFsOvmru10AC143C0 ) : Addr: $007C3B12
EXPNETLive.exe: 00000750: 01:16:32 []:>--------------------------------------------------------------<
EXPNETLive.exe: 00000750: 01:16:32 [TUniServerModule]:Server First Init.
EXPNETLive.exe: 00000750: 01:16:32 [TUniServerModule]:Start Path = H:\Projetos Delphi Android\iGAT App Provedor\Fontes MK-EXPNET\Fonte EXPNET WEB\EXPNET Live\EXPNETWEB\Fonte EXPNET WEB\
EXPNETLive.exe: 00000750: 01:16:32 [TUniServerModule]:Debug Mode = ON
EXPNETLive.exe: 00000750: 01:16:32 [TUniGUISessionManager]:Cache erase job created, Folder count: [1]
EXPNETLive.exe: 00000750: 01:16:32 [TUniServerModule]:Starting HTTP Server on Port: 8077...
EXPNETLive.exe: 00000750: 01:16:32 [TUniServerModule]:HTTP Server Started on Port: 8077
EXPNETLive.exe: 00003F9C: 01:16:35 [127.0.0.1]:EUniSessionException : Invalid session or session Timeout. (Session not found: qeCtrObhIh10AC143F5 ) : Addr: $007C3B12
EXPNETLive.exe: 000027B0: 01:16:49 []:>--------------------------------------------------------------<
EXPNETLive.exe: 000027B0: 01:16:49 [TUniServerModule]:Server First Init.
EXPNETLive.exe: 000027B0: 01:16:49 [TUniServerModule]:Start Path = H:\Projetos Delphi Android\iGAT App Provedor\Fontes MK-EXPNET\Fonte EXPNET WEB\EXPNET Live\EXPNETWEB\Fonte EXPNET WEB\
EXPNETLive.exe: 000027B0: 01:16:49 [TUniServerModule]:Debug Mode = ON
EXPNETLive.exe: 000027B0: 01:16:49 [TUniGUISessionManager]:Cache erase job created, Folder count: [1]
EXPNETLive.exe: 000027B0: 01:16:49 [TUniServerModule]:Starting HTTP Server on Port: 8077...
EXPNETLive.exe: 000027B0: 01:16:49 [TUniServerModule]:HTTP Server Started on Port: 8077
EXPNETLive.exe: 000040B0: 01:16:50 [127.0.0.1]:EUniSessionException : Invalid session or session Timeout. (Session not found: mDU34vxmuy10AC14406 ) : Addr: $007C3B12
EXPNETLive.exe: 0000113C: 01:17:25 []:>--------------------------------------------------------------<
EXPNETLive.exe: 0000113C: 01:17:25 [TUniServerModule]:Server First Init.
EXPNETLive.exe: 0000113C: 01:17:25 [TUniServerModule]:Start Path = H:\Projetos Delphi Android\iGAT App Provedor\Fontes MK-EXPNET\Fonte EXPNET WEB\EXPNET Live\EXPNETWEB\Fonte EXPNET WEB\
EXPNETLive.exe: 0000113C: 01:17:25 [TUniServerModule]:Debug Mode = ON
EXPNETLive.exe: 0000113C: 01:17:25 [TUniGUISessionManager]:Cache erase job created, Folder count: [1]
EXPNETLive.exe: 0000113C: 01:17:25 [TUniServerModule]:Starting HTTP Server on Port: 8077...
EXPNETLive.exe: 0000113C: 01:17:25 [TUniServerModule]:HTTP Server Started on Port: 8077
EXPNETLive.exe: 00003C30: 01:17:25 [127.0.0.1]:EUniSessionException : Invalid session or session Timeout. (Session not found: fi5aKkgxVG10AC14418 ) : Addr: $007C3B12
EXPNETLive.exe: 00004214: 01:17:46 []:>--------------------------------------------------------------<
EXPNETLive.exe: 00004214: 01:17:46 [TUniServerModule]:Server First Init.
EXPNETLive.exe: 00004214: 01:17:46 [TUniServerModule]:Start Path = H:\Projetos Delphi Android\iGAT App Provedor\Fontes MK-EXPNET\Fonte EXPNET WEB\EXPNET Live\EXPNETWEB\Fonte EXPNET WEB\
EXPNETLive.exe: 00004214: 01:17:46 [TUniServerModule]:Debug Mode = ON
EXPNETLive.exe: 00004214: 01:17:46 [TUniGUISessionManager]:Cache erase job created, Folder count: [1]
EXPNETLive.exe: 00004214: 01:17:46 [TUniServerModule]:Starting HTTP Server on Port: 8077...
EXPNETLive.exe: 00004214: 01:17:46 [TUniServerModule]:HTTP Server Started on Port: 8077
EXPNETLive.exe: 00002930: 01:18:03 []:>--------------------------------------------------------------<
EXPNETLive.exe: 00002930: 01:18:03 [TUniServerModule]:Server First Init.
EXPNETLive.exe: 00002930: 01:18:03 [TUniServerModule]:Start Path = H:\Projetos Delphi Android\iGAT App Provedor\Fontes MK-EXPNET\Fonte EXPNET WEB\EXPNET Live\EXPNETWEB\Fonte EXPNET WEB\
EXPNETLive.exe: 00002930: 01:18:03 [TUniServerModule]:Debug Mode = ON
EXPNETLive.exe: 00002930: 01:18:03 [TUniGUISessionManager]:Cache erase job created, Folder count: [1]
EXPNETLive.exe: 00002930: 01:18:03 [TUniServerModule]:Starting HTTP Server on Port: 8077...
EXPNETLive.exe: 00002930: 01:18:03 [TUniServerModule]:HTTP Server Started on Port: 8077
EXPNETLive.exe: 00003B2C: 01:18:05 [127.0.0.1]:EUniSessionException : Invalid session or session Timeout. (Session not found: 9Trq7s5EO610AC1445A ) : Addr: $007C3B12
EXPNETLive.exe: 00001C4C: 01:18:58 []:>--------------------------------------------------------------<
EXPNETLive.exe: 00001C4C: 01:18:58 [TUniServerModule]:Server First Init.
EXPNETLive.exe: 00001C4C: 01:18:58 [TUniServerModule]:Start Path = H:\Projetos Delphi Android\iGAT App Provedor\Fontes MK-EXPNET\Fonte EXPNET WEB\EXPNET Live\EXPNETWEB\Fonte EXPNET WEB\
EXPNETLive.exe: 00001C4C: 01:18:58 [TUniServerModule]:Debug Mode = ON
EXPNETLive.exe: 00001C4C: 01:18:58 [TUniGUISessionManager]:Cache erase job created, Folder count: [1]
EXPNETLive.exe: 00001C4C: 01:18:58 [TUniServerModule]:Starting HTTP Server on Port: 8077...
EXPNETLive.exe: 00001C4C: 01:18:58 [TUniServerModule]:HTTP Server Started on Port: 8077
EXPNETLive.exe: 00001074: 01:18:59 [127.0.0.1]:EUniSessionException : Invalid session or session Timeout. (Session not found: Yl71H2gncw10AC1446F ) : Addr: $007C3B12
EXPNETLive.exe: 00003C18: 01:19:56 []:>--------------------------------------------------------------<
EXPNETLive.exe: 00003C18: 01:19:56 [TUniServerModule]:Server First Init.
EXPNETLive.exe: 00003C18: 01:19:56 [TUniServerModule]:Start Path = H:\Projetos Delphi Android\iGAT App Provedor\Fontes MK-EXPNET\Fonte EXPNET WEB\EXPNET Live\EXPNETWEB\Fonte EXPNET WEB\
EXPNETLive.exe: 00003C18: 01:19:56 [TUniServerModule]:Debug Mode = ON
EXPNETLive.exe: 00003C18: 01:19:56 [TUniGUISessionManager]:Cache erase job created, Folder count: [1]
EXPNETLive.exe: 00003C18: 01:19:56 [TUniServerModule]:Starting HTTP Server on Port: 8077...
EXPNETLive.exe: 00003C18: 01:19:56 [TUniServerModule]:HTTP Server Started on Port: 8077
EXPNETLive.exe: 00003394: 01:19:57 [127.0.0.1]:EUniSessionException : Invalid session or session Timeout. (Session not found: q8BW5fLj9i10AC144AD ) : Addr: $007C3B12
EXPNETLive.exe: 00002CC8: 01:20:14 []:>--------------------------------------------------------------<
EXPNETLive.exe: 00002CC8: 01:20:14 [TUniServerModule]:Server First Init.
EXPNETLive.exe: 00002CC8: 01:20:14 [TUniServerModule]:Start Path = H:\Projetos Delphi Android\iGAT App Provedor\Fontes MK-EXPNET\Fonte EXPNET WEB\EXPNET Live\EXPNETWEB\Fonte EXPNET WEB\
EXPNETLive.exe: 00002CC8: 01:20:14 [TUniServerModule]:Debug Mode = ON
EXPNETLive.exe: 00002CC8: 01:20:14 [TUniGUISessionManager]:Cache erase job created, Folder count: [1]
EXPNETLive.exe: 00002CC8: 01:20:14 [TUniServerModule]:Starting HTTP Server on Port: 8077...
EXPNETLive.exe: 00002CC8: 01:20:15 [TUniServerModule]:HTTP Server Started on Port: 8077
EXPNETLive.exe: 00002E08: 01:20:15 [127.0.0.1]:EUniSessionException : Invalid session or session Timeout. (Session not found: aZ8G6elR4O10AC144F0 ) : Addr: $007C3B12
EXPNETLive.exe: 00003320: 01:20:30 []:>--------------------------------------------------------------<
EXPNETLive.exe: 00003320: 01:20:30 [TUniServerModule]:Server First Init.
EXPNETLive.exe: 00003320: 01:20:30 [TUniServerModule]:Start Path = H:\Projetos Delphi Android\iGAT App Provedor\Fontes MK-EXPNET\Fonte EXPNET WEB\EXPNET Live\EXPNETWEB\Fonte EXPNET WEB\
EXPNETLive.exe: 00003320: 01:20:30 [TUniServerModule]:Debug Mode = ON
EXPNETLive.exe: 00003320: 01:20:30 [TUniGUISessionManager]:Cache erase job created, Folder count: [1]
EXPNETLive.exe: 00003320: 01:20:30 [TUniServerModule]:Starting HTTP Server on Port: 8077...
EXPNETLive.exe: 00003320: 01:20:30 [TUniServerModule]:HTTP Server Started on Port: 8077
EXPNETLive.exe: 000033D0: 01:20:31 [127.0.0.1]:EUniSessionException : Invalid session or session Timeout. (Session not found: 6yVcdNGlIR10AC14505 ) : Addr: $007C3B12
EXPNETLive.exe: 000021E4: 01:20:50 []:>--------------------------------------------------------------<
EXPNETLive.exe: 000021E4: 01:20:50 [TUniServerModule]:Server First Init.
EXPNETLive.exe: 000021E4: 01:20:50 [TUniServerModule]:Start Path = H:\Projetos Delphi Android\iGAT App Provedor\Fontes MK-EXPNET\Fonte EXPNET WEB\EXPNET Live\EXPNETWEB\Fonte EXPNET WEB\
EXPNETLive.exe: 000021E4: 01:20:50 [TUniServerModule]:Debug Mode = ON
EXPNETLive.exe: 000021E4: 01:20:50 [TUniGUISessionManager]:Cache erase job created, Folder count: [1]
EXPNETLive.exe: 000021E4: 01:20:50 [TUniServerModule]:Starting HTTP Server on Port: 8077...
EXPNETLive.exe: 000021E4: 01:20:50 [TUniServerModule]:HTTP Server Started on Port: 8077
EXPNETLive.exe: 00001638: 01:20:51 [127.0.0.1]:EUniSessionException : Invalid session or session Timeout. (Session not found: fhDonbN7N810AC14518 ) : Addr: $007C3B12
EXPNETLive.exe: 00000778: 01:21:04 []:>--------------------------------------------------------------<
EXPNETLive.exe: 00000778: 01:21:04 [TUniServerModule]:Server First Init.
EXPNETLive.exe: 00000778: 01:21:04 [TUniServerModule]:Start Path = H:\Projetos Delphi Android\iGAT App Provedor\Fontes MK-EXPNET\Fonte EXPNET WEB\EXPNET Live\EXPNETWEB\Fonte EXPNET WEB\
EXPNETLive.exe: 00000778: 01:21:04 [TUniServerModule]:Debug Mode = ON
EXPNETLive.exe: 00000778: 01:21:04 [TUniGUISessionManager]:Cache erase job created, Folder count: [1]
EXPNETLive.exe: 00000778: 01:21:04 [TUniServerModule]:Starting HTTP Server on Port: 8077...
EXPNETLive.exe: 00000778: 01:21:04 [TUniServerModule]:HTTP Server Started on Port: 8077
EXPNETLive.exe: 00002510: 01:21:05 [127.0.0.1]:EUniSessionException : Invalid session or session Timeout. (Session not found: wULVvZdCjd10AC1452F ) : Addr: $007C3B12
EXPNETLive.exe: 000017E0: 01:21:23 []:>--------------------------------------------------------------<
EXPNETLive.exe: 000017E0: 01:21:23 [TUniServerModule]:Server First Init.
EXPNETLive.exe: 000017E0: 01:21:23 [TUniServerModule]:Start Path = H:\Projetos Delphi Android\iGAT App Provedor\Fontes MK-EXPNET\Fonte EXPNET WEB\EXPNET Live\EXPNETWEB\Fonte EXPNET WEB\
EXPNETLive.exe: 000017E0: 01:21:23 [TUniServerModule]:Debug Mode = ON
EXPNETLive.exe: 000017E0: 01:21:23 [TUniGUISessionManager]:Cache erase job created, Folder count: [1]
EXPNETLive.exe: 000017E0: 01:21:23 [TUniServerModule]:Starting HTTP Server on Port: 8077...
EXPNETLive.exe: 000017E0: 01:21:23 [TUniServerModule]:HTTP Server Started on Port: 8077
EXPNETLive.exe: 000015A4: 01:21:42 [127.0.0.1]:EUniSessionException : Invalid session or session Timeout. (Session not found: z2hP7cyQyR10AC1453F ) : Addr: $007C3B12
EXPNETLive.exe: 00004034: 01:21:58 []:>--------------------------------------------------------------<
EXPNETLive.exe: 00004034: 01:21:58 [TUniServerModule]:Server First Init.
EXPNETLive.exe: 00004034: 01:21:58 [TUniServerModule]:Start Path = H:\Projetos Delphi Android\iGAT App Provedor\Fontes MK-EXPNET\Fonte EXPNET WEB\EXPNET Live\EXPNETWEB\Fonte EXPNET WEB\
EXPNETLive.exe: 00004034: 01:21:58 [TUniServerModule]:Debug Mode = ON
EXPNETLive.exe: 00004034: 01:21:58 [TUniGUISessionManager]:Cache erase job created, Folder count: [1]
EXPNETLive.exe: 00004034: 01:21:58 [TUniServerModule]:Starting HTTP Server on Port: 8077...
EXPNETLive.exe: 00004034: 01:21:58 [TUniServerModule]:HTTP Server Started on Port: 8077
EXPNETLive.exe: 00003554: 01:21:59 [127.0.0.1]:EUniSessionException : Invalid session or session Timeout. (Session not found: dDGVZuozvL10AC1456A ) : Addr: $007C3B12
EXPNETLive.exe: 000002F8: 01:22:36 []:>--------------------------------------------------------------<
EXPNETLive.exe: 000002F8: 01:22:36 [TUniServerModule]:Server First Init.
EXPNETLive.exe: 000002F8: 01:22:36 [TUniServerModule]:Start Path = H:\Projetos Delphi Android\iGAT App Provedor\Fontes MK-EXPNET\Fonte EXPNET WEB\EXPNET Live\EXPNETWEB\Fonte EXPNET WEB\
EXPNETLive.exe: 000002F8: 01:22:36 [TUniServerModule]:Debug Mode = ON
EXPNETLive.exe: 000002F8: 01:22:36 [TUniGUISessionManager]:Cache erase job created, Folder count: [1]
EXPNETLive.exe: 000002F8: 01:22:37 [TUniServerModule]:Starting HTTP Server on Port: 8077...
EXPNETLive.exe: 000002F8: 01:22:37 [TUniServerModule]:HTTP Server Started on Port: 8077
EXPNETLive.exe: 00003AC0: 01:22:37 [127.0.0.1]:EUniSessionException : Invalid session or session Timeout. (Session not found: jlaVRN4Bh210AC1457E ) : Addr: $007C3B12
EXPNETLive.exe: 00001AA8: 01:23:06 []:>--------------------------------------------------------------<
EXPNETLive.exe: 00001AA8: 01:23:06 [TUniServerModule]:Server First Init.
EXPNETLive.exe: 00001AA8: 01:23:06 [TUniServerModule]:Start Path = H:\Projetos Delphi Android\iGAT App Provedor\Fontes MK-EXPNET\Fonte EXPNET WEB\EXPNET Live\EXPNETWEB\Fonte EXPNET WEB\
EXPNETLive.exe: 00001AA8: 01:23:06 [TUniServerModule]:Debug Mode = ON
EXPNETLive.exe: 00001AA8: 01:23:06 [TUniGUISessionManager]:Cache erase job created, Folder count: [1]
EXPNETLive.exe: 00001AA8: 01:23:06 [TUniServerModule]:Starting HTTP Server on Port: 8077...
EXPNETLive.exe: 00001AA8: 01:23:06 [TUniServerModule]:HTTP Server Started on Port: 8077
EXPNETLive.exe: 00003244: 01:23:07 [127.0.0.1]:EUniSessionException : Invalid session or session Timeout. (Session not found: ts71HvHXim10AC145AA ) : Addr: $007C3B12
EXPNETLive.exe: 00000968: 01:23:28 []:>--------------------------------------------------------------<
EXPNETLive.exe: 00000968: 01:23:28 [TUniServerModule]:Server First Init.
EXPNETLive.exe: 00000968: 01:23:28 [TUniServerModule]:Start Path = H:\Projetos Delphi Android\iGAT App Provedor\Fontes MK-EXPNET\Fonte EXPNET WEB\EXPNET Live\EXPNETWEB\Fonte EXPNET WEB\
EXPNETLive.exe: 00000968: 01:23:28 [TUniServerModule]:Debug Mode = ON
EXPNETLive.exe: 00000968: 01:23:28 [TUniGUISessionManager]:Cache erase job created, Folder count: [1]
EXPNETLive.exe: 00000968: 01:23:28 [TUniServerModule]:Starting HTTP Server on Port: 8077...
EXPNETLive.exe: 00000968: 01:23:29 [TUniServerModule]:HTTP Server Started on Port: 8077
EXPNETLive.exe: 00001D60: 01:23:30 [127.0.0.1]:EUniSessionException : Invalid session or session Timeout. (Session not found: IEAtT7mq1T10AC145CC ) : Addr: $007C3B12
EXPNETLive.exe: 00000C44: 01:24:02 []:>--------------------------------------------------------------<
EXPNETLive.exe: 00000C44: 01:24:02 [TUniServerModule]:Server First Init.
EXPNETLive.exe: 00000C44: 01:24:02 [TUniServerModule]:Start Path = H:\Projetos Delphi Android\iGAT App Provedor\Fontes MK-EXPNET\Fonte EXPNET WEB\EXPNET Live\EXPNETWEB\Fonte EXPNET WEB\
EXPNETLive.exe: 00000C44: 01:24:02 [TUniServerModule]:Debug Mode = ON
EXPNETLive.exe: 00000C44: 01:24:02 [TUniGUISessionManager]:Cache erase job created, Folder count: [1]
EXPNETLive.exe: 00000C44: 01:24:02 [TUniServerModule]:Starting HTTP Server on Port: 8077...
EXPNETLive.exe: 00000C44: 01:24:02 [TUniServerModule]:HTTP Server Started on Port: 8077
EXPNETLive.exe: 00003C0C: 01:24:03 [127.0.0.1]:EUniSessionException : Invalid session or session Timeout. (Session not found: lfpUw36DmZ10AC145E7 ) : Addr: $007C3B12
EXPNETLive.exe: 00002358: 01:24:23 []:>--------------------------------------------------------------<
EXPNETLive.exe: 00002358: 01:24:23 [TUniServerModule]:Server First Init.
EXPNETLive.exe: 00002358: 01:24:23 [TUniServerModule]:Start Path = H:\Projetos Delphi Android\iGAT App Provedor\Fontes MK-EXPNET\Fonte EXPNET WEB\EXPNET Live\EXPNETWEB\Fonte EXPNET WEB\
EXPNETLive.exe: 00002358: 01:24:23 [TUniServerModule]:Debug Mode = ON
EXPNETLive.exe: 00002358: 01:24:23 [TUniGUISessionManager]:Cache erase job created, Folder count: [1]
EXPNETLive.exe: 00002358: 01:24:23 [TUniServerModule]:Starting HTTP Server on Port: 8077...
EXPNETLive.exe: 00002358: 01:24:23 [TUniServerModule]:HTTP Server Started on Port: 8077
EXPNETLive.exe: 00001FB4: 01:24:25 [127.0.0.1]:EUniSessionException : Invalid session or session Timeout. (Session not found: hqBk184hs510AC1460D ) : Addr: $007C3B12
EXPNETLive.exe: 00003104: 01:24:47 []:>--------------------------------------------------------------<
EXPNETLive.exe: 00003104: 01:24:47 [TUniServerModule]:Server First Init.
EXPNETLive.exe: 00003104: 01:24:47 [TUniServerModule]:Start Path = H:\Projetos Delphi Android\iGAT App Provedor\Fontes MK-EXPNET\Fonte EXPNET WEB\EXPNET Live\EXPNETWEB\Fonte EXPNET WEB\
EXPNETLive.exe: 00003104: 01:24:47 [TUniServerModule]:Debug Mode = ON
EXPNETLive.exe: 00003104: 01:24:47 [TUniGUISessionManager]:Cache erase job created, Folder count: [1]
EXPNETLive.exe: 00003104: 01:24:47 [TUniServerModule]:Starting HTTP Server on Port: 8077...
EXPNETLive.exe: 00003104: 01:24:47 [TUniServerModule]:HTTP Server Started on Port: 8077
EXPNETLive.exe: 00003118: 01:24:49 [127.0.0.1]:EUniSessionException : Invalid session or session Timeout. (Session not found: JT1ShtoC5w10AC14628 ) : Addr: $007C3B12
EXPNETLive.exe: 00003E64: 01:24:49 [127.0.0.1]:EUniSessionException : Invalid session or session Timeout. (Session not found: JT1ShtoC5w10AC14628 ) : Addr: $007C3B12
EXPNETLive.exe: 00000B74: 01:25:03 []:>--------------------------------------------------------------<
EXPNETLive.exe: 00000B74: 01:25:03 [TUniServerModule]:Server First Init.
EXPNETLive.exe: 00000B74: 01:25:03 [TUniServerModule]:Start Path = H:\Projetos Delphi Android\iGAT App Provedor\Fontes MK-EXPNET\Fonte EXPNET WEB\EXPNET Live\EXPNETWEB\Fonte EXPNET WEB\
EXPNETLive.exe: 00000B74: 01:25:03 [TUniServerModule]:Debug Mode = ON
EXPNETLive.exe: 00000B74: 01:25:03 [TUniGUISessionManager]:Cache erase job created, Folder count: [1]
EXPNETLive.exe: 00000B74: 01:25:03 [TUniServerModule]:Starting HTTP Server on Port: 8077...
EXPNETLive.exe: 00000B74: 01:25:03 [TUniServerModule]:HTTP Server Started on Port: 8077
EXPNETLive.exe: 00003728: 01:25:07 [127.0.0.1]:EUniSessionException : Invalid session or session Timeout. (Session not found: pW14gtJipz10AC14644 ) : Addr: $007C3B12
EXPNETLive.exe: 000034D8: 01:25:39 []:>--------------------------------------------------------------<
EXPNETLive.exe: 000034D8: 01:25:39 [TUniServerModule]:Server First Init.
EXPNETLive.exe: 000034D8: 01:25:39 [TUniServerModule]:Start Path = H:\Projetos Delphi Android\iGAT App Provedor\Fontes MK-EXPNET\Fonte EXPNET WEB\EXPNET Live\EXPNETWEB\Fonte EXPNET WEB\
EXPNETLive.exe: 000034D8: 01:25:39 [TUniServerModule]:Debug Mode = ON
EXPNETLive.exe: 000034D8: 01:25:39 [TUniGUISessionManager]:Cache erase job created, Folder count: [1]
EXPNETLive.exe: 000034D8: 01:25:39 [TUniServerModule]:Starting HTTP Server on Port: 8077...
EXPNETLive.exe: 000034D8: 01:25:39 [TUniServerModule]:HTTP Server Started on Port: 8077
EXPNETLive.exe: 0000433C: 01:25:43 [127.0.0.1]:EUniSessionException : Invalid session or session Timeout. (Session not found: JXWxb2tXTL10AC14659 ) : Addr: $007C3B12
EXPNETLive.exe: 00001F1C: 01:26:37 []:>--------------------------------------------------------------<
EXPNETLive.exe: 00001F1C: 01:26:37 [TUniServerModule]:Server First Init.
EXPNETLive.exe: 00001F1C: 01:26:37 [TUniServerModule]:Start Path = H:\Projetos Delphi Android\iGAT App Provedor\Fontes MK-EXPNET\Fonte EXPNET WEB\EXPNET Live\EXPNETWEB\Fonte EXPNET WEB\
EXPNETLive.exe: 00001F1C: 01:26:37 [TUniServerModule]:Debug Mode = ON
EXPNETLive.exe: 00001F1C: 01:26:37 [TUniGUISessionManager]:Cache erase job created, Folder count: [2]
EXPNETLive.exe: 00001F1C: 01:26:37 [TUniServerModule]:Starting HTTP Server on Port: 8077...
EXPNETLive.exe: 00001F1C: 01:26:37 [TUniServerModule]:HTTP Server Started on Port: 8077
EXPNETLive.exe: 00000BA8: 01:26:39 [127.0.0.1]:EUniSessionException : Invalid session or session Timeout. (Session not found: q8n7LCgwEj10AC14688 ) : Addr: $007C3B12
EXPNETLive.exe: 0000239C: 01:26:56 []:>--------------------------------------------------------------<
EXPNETLive.exe: 0000239C: 01:26:56 [TUniServerModule]:Server First Init.
EXPNETLive.exe: 0000239C: 01:26:56 [TUniServerModule]:Start Path = H:\Projetos Delphi Android\iGAT App Provedor\Fontes MK-EXPNET\Fonte EXPNET WEB\EXPNET Live\EXPNETWEB\Fonte EXPNET WEB\
EXPNETLive.exe: 0000239C: 01:26:56 [TUniServerModule]:Debug Mode = ON
EXPNETLive.exe: 0000239C: 01:26:56 [TUniGUISessionManager]:Cache erase job created, Folder count: [1]
EXPNETLive.exe: 0000239C: 01:26:56 [TUniServerModule]:Starting HTTP Server on Port: 8077...
EXPNETLive.exe: 0000239C: 01:26:56 [TUniServerModule]:HTTP Server Started on Port: 8077
EXPNETLive.exe: 00003E5C: 01:26:58 [127.0.0.1]:EUniSessionException : Invalid session or session Timeout. (Session not found: deC5x8zdKb10AC146C3 ) : Addr: $007C3B12
EXPNETLive.exe: 00001A8C: 01:27:29 []:>--------------------------------------------------------------<
EXPNETLive.exe: 00001A8C: 01:27:29 [TUniServerModule]:Server First Init.
EXPNETLive.exe: 00001A8C: 01:27:29 [TUniServerModule]:Start Path = H:\Projetos Delphi Android\iGAT App Provedor\Fontes MK-EXPNET\Fonte EXPNET WEB\EXPNET Live\EXPNETWEB\Fonte EXPNET WEB\
EXPNETLive.exe: 00001A8C: 01:27:29 [TUniServerModule]:Debug Mode = ON
EXPNETLive.exe: 00001A8C: 01:27:29 [TUniGUISessionManager]:Cache erase job created, Folder count: [1]
EXPNETLive.exe: 00001A8C: 01:27:29 [TUniServerModule]:Starting HTTP Server on Port: 8077...
EXPNETLive.exe: 00001A8C: 01:27:29 [TUniServerModule]:HTTP Server Started on Port: 8077
EXPNETLive.exe: 00000F2C: 01:27:29 [127.0.0.1]:EUniSessionException : Invalid session or session Timeout. (Session not found: VOIkG5f46Y10AC146D8 ) : Addr: $007C3B12
EXPNETLive.exe: 000007F8: 01:27:50 []:>--------------------------------------------------------------<
EXPNETLive.exe: 000007F8: 01:27:50 [TUniServerModule]:Server First Init.
EXPNETLive.exe: 000007F8: 01:27:50 [TUniServerModule]:Start Path = H:\Projetos Delphi Android\iGAT App Provedor\Fontes MK-EXPNET\Fonte EXPNET WEB\EXPNET Live\EXPNETWEB\Fonte EXPNET WEB\
EXPNETLive.exe: 000007F8: 01:27:50 [TUniServerModule]:Debug Mode = ON
EXPNETLive.exe: 000007F8: 01:27:50 [TUniGUISessionManager]:Cache erase job created, Folder count: [1]
EXPNETLive.exe: 000007F8: 01:27:50 [TUniServerModule]:Starting HTTP Server on Port: 8077...
EXPNETLive.exe: 000007F8: 01:27:50 [TUniServerModule]:HTTP Server Started on Port: 8077
EXPNETLive.exe: 00002A84: 01:27:51 [127.0.0.1]:EUniSessionException : Invalid session or session Timeout. (Session not found: lSzZ2vpttn10AC146FC ) : Addr: $007C3B12
EXPNETLive.exe: 00002AF0: 01:28:10 []:>--------------------------------------------------------------<
EXPNETLive.exe: 00002AF0: 01:28:10 [TUniServerModule]:Server First Init.
EXPNETLive.exe: 00002AF0: 01:28:10 [TUniServerModule]:Start Path = H:\Projetos Delphi Android\iGAT App Provedor\Fontes MK-EXPNET\Fonte EXPNET WEB\EXPNET Live\EXPNETWEB\Fonte EXPNET WEB\
EXPNETLive.exe: 00002AF0: 01:28:10 [TUniServerModule]:Debug Mode = ON
EXPNETLive.exe: 00002AF0: 01:28:10 [TUniGUISessionManager]:Cache erase job created, Folder count: [1]
EXPNETLive.exe: 00002AF0: 01:28:10 [TUniServerModule]:Starting HTTP Server on Port: 8077...
EXPNETLive.exe: 00002AF0: 01:28:10 [TUniServerModule]:HTTP Server Started on Port: 8077
EXPNETLive.exe: 0000312C: 01:28:11 [127.0.0.1]:EUniSessionException : Invalid session or session Timeout. (Session not found: aLVDNn1sDE10AC14715 ) : Addr: $007C3B12
EXPNETLive.exe: 00003ED4: 01:28:26 []:>--------------------------------------------------------------<
EXPNETLive.exe: 00003ED4: 01:28:26 [TUniServerModule]:Server First Init.
EXPNETLive.exe: 00003ED4: 01:28:26 [TUniServerModule]:Start Path = H:\Projetos Delphi Android\iGAT App Provedor\Fontes MK-EXPNET\Fonte EXPNET WEB\EXPNET Live\EXPNETWEB\Fonte EXPNET WEB\
EXPNETLive.exe: 00003ED4: 01:28:26 [TUniServerModule]:Debug Mode = ON
EXPNETLive.exe: 00003ED4: 01:28:26 [TUniGUISessionManager]:Cache erase job created, Folder count: [1]
EXPNETLive.exe: 00003ED4: 01:28:26 [TUniServerModule]:Starting HTTP Server on Port: 8077...
EXPNETLive.exe: 00003ED4: 01:28:26 [TUniServerModule]:HTTP Server Started on Port: 8077
EXPNETLive.exe: 00003810: 01:28:27 [127.0.0.1]:EUniSessionException : Invalid session or session Timeout. (Session not found: Fjk96Rwr4s10AC1472D ) : Addr: $007C3B12
EXPNETLive.exe: 00003D70: 01:30:01 []:>--------------------------------------------------------------<
EXPNETLive.exe: 00003D70: 01:30:01 [TUniServerModule]:Server First Init.
EXPNETLive.exe: 00003D70: 01:30:01 [TUniServerModule]:Start Path = H:\Projetos Delphi Android\iGAT App Provedor\Fontes MK-EXPNET\Fonte EXPNET WEB\EXPNET Live\EXPNETWEB\Fonte EXPNET WEB\
EXPNETLive.exe: 00003D70: 01:30:01 [TUniServerModule]:Debug Mode = ON
EXPNETLive.exe: 00003D70: 01:30:01 [TUniGUISessionManager]:Cache erase job created, Folder count: [1]
EXPNETLive.exe: 00003D70: 01:30:01 [TUniServerModule]:Starting HTTP Server on Port: 8077...
EXPNETLive.exe: 00003D70: 01:30:01 [TUniServerModule]:HTTP Server Started on Port: 8077
EXPNETLive.exe: 00002740: 01:30:02 [127.0.0.1]:EUniSessionException : Invalid session or session Timeout. (Session not found: aW5WNM2tKS10AC1473E ) : Addr: $007C3B12
EXPNETLive.exe: 000033AC: 01:30:40 []:>--------------------------------------------------------------<
EXPNETLive.exe: 000033AC: 01:30:40 [TUniServerModule]:Server First Init.
EXPNETLive.exe: 000033AC: 01:30:40 [TUniServerModule]:Start Path = H:\Projetos Delphi Android\iGAT App Provedor\Fontes MK-EXPNET\Fonte EXPNET WEB\EXPNET Live\EXPNETWEB\Fonte EXPNET WEB\
EXPNETLive.exe: 000033AC: 01:30:40 [TUniServerModule]:Debug Mode = ON
EXPNETLive.exe: 000033AC: 01:30:40 [TUniGUISessionManager]:Cache erase job created, Folder count: [1]
EXPNETLive.exe: 000033AC: 01:30:40 [TUniServerModule]:Starting HTTP Server on Port: 8077...
EXPNETLive.exe: 000033AC: 01:30:40 [TUniServerModule]:HTTP Server Started on Port: 8077
EXPNETLive.exe: 000032CC: 01:30:42 [127.0.0.1]:EUniSessionException : Invalid session or session Timeout. (Session not found: bBZ4CCMLhQ10AC147AC ) : Addr: $007C3B12
EXPNETLive.exe: 00001DE0: 01:31:12 []:>--------------------------------------------------------------<
EXPNETLive.exe: 00001DE0: 01:31:12 [TUniServerModule]:Server First Init.
EXPNETLive.exe: 00001DE0: 01:31:12 [TUniServerModule]:Start Path = H:\Projetos Delphi Android\iGAT App Provedor\Fontes MK-EXPNET\Fonte EXPNET WEB\EXPNET Live\EXPNETWEB\Fonte EXPNET WEB\
EXPNETLive.exe: 00001DE0: 01:31:12 [TUniServerModule]:Debug Mode = ON
EXPNETLive.exe: 00001DE0: 01:31:12 [TUniGUISessionManager]:Cache erase job created, Folder count: [1]
EXPNETLive.exe: 00001DE0: 01:31:12 [TUniServerModule]:Starting HTTP Server on Port: 8077...
EXPNETLive.exe: 00001DE0: 01:31:12 [TUniServerModule]:HTTP Server Started on Port: 8077
EXPNETLive.exe: 00003890: 01:31:14 [127.0.0.1]:EUniSessionException : Invalid session or session Timeout. (Session not found: mrcfUCpfdD10AC147DB ) : Addr: $007C3B12
EXPNETLive.exe: 00003B58: 01:31:14 [127.0.0.1]:EUniSessionException : Invalid session or session Timeout. (Session not found: mrcfUCpfdD10AC147DB ) : Addr: $007C3B12
EXPNETLive.exe: 00000774: 01:31:14 [127.0.0.1]:EUniSessionException : Invalid session or session Timeout. (Session not found: mrcfUCpfdD10AC147DB ) : Addr: $007C3B12
EXPNETLive.exe: 0000301C: 01:31:14 [127.0.0.1]:EUniSessionException : Invalid session or session Timeout. (Session not found: mrcfUCpfdD10AC147DB ) : Addr: $007C3B12
EXPNETLive.exe: 00003610: 01:31:38 []:>--------------------------------------------------------------<
EXPNETLive.exe: 00003610: 01:31:38 [TUniServerModule]:Server First Init.
EXPNETLive.exe: 00003610: 01:31:38 [TUniServerModule]:Start Path = H:\Projetos Delphi Android\iGAT App Provedor\Fontes MK-EXPNET\Fonte EXPNET WEB\EXPNET Live\EXPNETWEB\Fonte EXPNET WEB\
EXPNETLive.exe: 00003610: 01:31:38 [TUniServerModule]:Debug Mode = ON
EXPNETLive.exe: 00003610: 01:31:38 [TUniGUISessionManager]:Cache erase job created, Folder count: [1]
EXPNETLive.exe: 00003610: 01:31:38 [TUniServerModule]:Starting HTTP Server on Port: 8077...
EXPNETLive.exe: 00003610: 01:31:38 [TUniServerModule]:HTTP Server Started on Port: 8077
EXPNETLive.exe: 000022FC: 01:31:40 [127.0.0.1]:EUniSessionException : Invalid session or session Timeout. (Session not found: ERKCWsuMnl10AC14802 ) : Addr: $007C3B12
EXPNETLive.exe: 000023D0: 01:32:42 []:>--------------------------------------------------------------<
EXPNETLive.exe: 000023D0: 01:32:42 [TUniServerModule]:Server First Init.
EXPNETLive.exe: 000023D0: 01:32:42 [TUniServerModule]:Start Path = H:\Projetos Delphi Android\iGAT App Provedor\Fontes MK-EXPNET\Fonte EXPNET WEB\EXPNET Live\EXPNETWEB\Fonte EXPNET WEB\
EXPNETLive.exe: 000023D0: 01:32:42 [TUniServerModule]:Debug Mode = ON
EXPNETLive.exe: 000023D0: 01:32:42 [TUniGUISessionManager]:Cache erase job created, Folder count: [1]
EXPNETLive.exe: 000023D0: 01:32:42 [TUniServerModule]:Starting HTTP Server on Port: 8077...
EXPNETLive.exe: 000023D0: 01:32:42 [TUniServerModule]:HTTP Server Started on Port: 8077
EXPNETLive.exe: 000016C0: 01:34:06 []:>--------------------------------------------------------------<
EXPNETLive.exe: 000016C0: 01:34:06 [TUniServerModule]:Server First Init.
EXPNETLive.exe: 000016C0: 01:34:06 [TUniServerModule]:Start Path = H:\Projetos Delphi Android\iGAT App Provedor\Fontes MK-EXPNET\Fonte EXPNET WEB\EXPNET Live\EXPNETWEB\Fonte EXPNET WEB\
EXPNETLive.exe: 000016C0: 01:34:06 [TUniServerModule]:Debug Mode = ON
EXPNETLive.exe: 000016C0: 01:34:06 [TUniGUISessionManager]:Cache erase job created, Folder count: [2]
EXPNETLive.exe: 000016C0: 01:34:06 [TUniServerModule]:Starting HTTP Server on Port: 8077...
EXPNETLive.exe: 000016C0: 01:34:06 [TUniServerModule]:HTTP Server Started on Port: 8077
EXPNETLive.exe: 00004358: 01:34:07 [127.0.0.1]:EUniSessionException : Invalid session or session Timeout. (Session not found: MT7PHWE1VX10AC14867 ) : Addr: $007C3B12
EXPNETLive.exe: 000030AC: 01:34:42 []:>--------------------------------------------------------------<
EXPNETLive.exe: 000030AC: 01:34:42 [TUniServerModule]:Server First Init.
EXPNETLive.exe: 000030AC: 01:34:42 [TUniServerModule]:Start Path = H:\Projetos Delphi Android\iGAT App Provedor\Fontes MK-EXPNET\Fonte EXPNET WEB\EXPNET Live\EXPNETWEB\Fonte EXPNET WEB\
EXPNETLive.exe: 000030AC: 01:34:42 [TUniServerModule]:Debug Mode = ON
EXPNETLive.exe: 000030AC: 01:34:42 [TUniGUISessionManager]:Cache erase job created, Folder count: [1]
EXPNETLive.exe: 000030AC: 01:34:42 [TUniServerModule]:Starting HTTP Server on Port: 8077...
EXPNETLive.exe: 000030AC: 01:34:42 [TUniServerModule]:HTTP Server Started on Port: 8077
EXPNETLive.exe: 00000BE4: 01:34:42 [127.0.0.1]:EUniSessionException : Invalid session or session Timeout. (Session not found: fXsEpatrLP10AC148C8 ) : Addr: $007C3B12
EXPNETLive.exe: 00001534: 01:35:07 []:>--------------------------------------------------------------<
EXPNETLive.exe: 00001534: 01:35:07 [TUniServerModule]:Server First Init.
EXPNETLive.exe: 00001534: 01:35:07 [TUniServerModule]:Start Path = H:\Projetos Delphi Android\iGAT App Provedor\Fontes MK-EXPNET\Fonte EXPNET WEB\EXPNET Live\EXPNETWEB\Fonte EXPNET WEB\
EXPNETLive.exe: 00001534: 01:35:07 [TUniServerModule]:Debug Mode = ON
EXPNETLive.exe: 00001534: 01:35:07 [TUniGUISessionManager]:Cache erase job created, Folder count: [1]
EXPNETLive.exe: 00001534: 01:35:08 [TUniServerModule]:Starting HTTP Server on Port: 8077...
EXPNETLive.exe: 00001534: 01:35:08 [TUniServerModule]:HTTP Server Started on Port: 8077
EXPNETLive.exe: 0000325C: 01:35:08 [127.0.0.1]:EUniSessionException : Invalid session or session Timeout. (Session not found: rZwjwxYpuh10AC148F1 ) : Addr: $007C3B12
EXPNETLive.exe: 00001F54: 01:35:28 []:>--------------------------------------------------------------<
EXPNETLive.exe: 00001F54: 01:35:28 [TUniServerModule]:Server First Init.
EXPNETLive.exe: 00001F54: 01:35:28 [TUniServerModule]:Start Path = H:\Projetos Delphi Android\iGAT App Provedor\Fontes MK-EXPNET\Fonte EXPNET WEB\EXPNET Live\EXPNETWEB\Fonte EXPNET WEB\
EXPNETLive.exe: 00001F54: 01:35:28 [TUniServerModule]:Debug Mode = ON
EXPNETLive.exe: 00001F54: 01:35:28 [TUniGUISessionManager]:Cache erase job created, Folder count: [1]
EXPNETLive.exe: 00001F54: 01:35:28 [TUniServerModule]:Starting HTTP Server on Port: 8077...
EXPNETLive.exe: 00001F54: 01:35:28 [TUniServerModule]:HTTP Server Started on Port: 8077
EXPNETLive.exe: 00003714: 01:36:08 []:>--------------------------------------------------------------<
EXPNETLive.exe: 00003714: 01:36:08 [TUniServerModule]:Server First Init.
EXPNETLive.exe: 00003714: 01:36:08 [TUniServerModule]:Start Path = H:\Projetos Delphi Android\iGAT App Provedor\Fontes MK-EXPNET\Fonte EXPNET WEB\EXPNET Live\EXPNETWEB\Fonte EXPNET WEB\
EXPNETLive.exe: 00003714: 01:36:08 [TUniServerModule]:Debug Mode = ON
EXPNETLive.exe: 00003714: 01:36:08 [TUniGUISessionManager]:Cache erase job created, Folder count: [1]
EXPNETLive.exe: 00003714: 01:36:08 [TUniServerModule]:Starting HTTP Server on Port: 8077...
EXPNETLive.exe: 00003714: 01:36:08 [TUniServerModule]:HTTP Server Started on Port: 8077
EXPNETLive.exe: 00000AF4: 01:36:09 [127.0.0.1]:EUniSessionException : Invalid session or session Timeout. (Session not found: mPKLr6Dm7K10AC14926 ) : Addr: $007C3B12
EXPNETLive.exe: 00002E60: 01:36:26 []:>--------------------------------------------------------------<
EXPNETLive.exe: 00002E60: 01:36:26 [TUniServerModule]:Server First Init.
EXPNETLive.exe: 00002E60: 01:36:26 [TUniServerModule]:Start Path = H:\Projetos Delphi Android\iGAT App Provedor\Fontes MK-EXPNET\Fonte EXPNET WEB\EXPNET Live\EXPNETWEB\Fonte EXPNET WEB\
EXPNETLive.exe: 00002E60: 01:36:26 [TUniServerModule]:Debug Mode = ON
EXPNETLive.exe: 00002E60: 01:36:26 [TUniGUISessionManager]:Cache erase job created, Folder count: [1]
EXPNETLive.exe: 00002E60: 01:36:26 [TUniServerModule]:Starting HTTP Server on Port: 8077...
EXPNETLive.exe: 00002E60: 01:36:26 [TUniServerModule]:HTTP Server Started on Port: 8077
EXPNETLive.exe: 00001E7C: 01:36:27 [127.0.0.1]:EUniSessionException : Invalid session or session Timeout. (Session not found: cR4heAtUrB10AC14956 ) : Addr: $007C3B12
EXPNETLive.exe: 00002A0C: 01:37:47 []:>--------------------------------------------------------------<
EXPNETLive.exe: 00002A0C: 01:37:47 [TUniServerModule]:Server First Init.
EXPNETLive.exe: 00002A0C: 01:37:47 [TUniServerModule]:Start Path = H:\Projetos Delphi Android\iGAT App Provedor\Fontes MK-EXPNET\Fonte EXPNET WEB\EXPNET Live\EXPNETWEB\Fonte EXPNET WEB\
EXPNETLive.exe: 00002A0C: 01:37:47 [TUniServerModule]:Debug Mode = ON
EXPNETLive.exe: 00002A0C: 01:37:47 [TUniGUISessionManager]:Cache erase job created, Folder count: [1]
EXPNETLive.exe: 00002A0C: 01:37:47 [TUniServerModule]:Starting HTTP Server on Port: 8077...
EXPNETLive.exe: 00002A0C: 01:37:47 [TUniServerModule]:HTTP Server Started on Port: 8077
EXPNETLive.exe: 000025E0: 01:37:47 [127.0.0.1]:EUniSessionException : Invalid session or session Timeout. (Session not found: nXlOXpzfNV10AC1496B ) : Addr: $007C3B12
EXPNETLive.exe: 00003B94: 01:37:47 [127.0.0.1]:EUniSessionException : Invalid session or session Timeout. (Session not found: nXlOXpzfNV10AC1496B ) : Addr: $007C3B12
EXPNETLive.exe: 00003FB8: 01:37:48 [127.0.0.1]:EUniSessionException : Invalid session or session Timeout. (Session not found: nXlOXpzfNV10AC1496B ) : Addr: $007C3B12
EXPNETLive.exe: 00002268: 01:37:48 [127.0.0.1]:EUniSessionException : Invalid session or session Timeout. (Session not found: nXlOXpzfNV10AC1496B ) : Addr: $007C3B12
EXPNETLive.exe: 00004104: 01:37:48 [127.0.0.1]:EUniSessionException : Invalid session or session Timeout. (Session not found: nXlOXpzfNV10AC1496B ) : Addr: $007C3B12
EXPNETLive.exe: 00000F2C: 01:37:48 [127.0.0.1]:EUniSessionException : Invalid session or session Timeout. (Session not found: nXlOXpzfNV10AC1496B ) : Addr: $007C3B12
EXPNETLive.exe: 00002100: 01:37:48 [127.0.0.1]:EUniSessionException : Invalid session or session Timeout. (Session not found: nXlOXpzfNV10AC1496B ) : Addr: $007C3B12
EXPNETLive.exe: 000020E4: 01:37:48 [127.0.0.1]:EUniSessionException : Invalid session or session Timeout. (Session not found: nXlOXpzfNV10AC1496B ) : Addr: $007C3B12
EXPNETLive.exe: 00002D9C: 01:37:49 [127.0.0.1]:EUniSessionException : Invalid session or session Timeout. (Session not found: nXlOXpzfNV10AC1496B ) : Addr: $007C3B12
EXPNETLive.exe: 000026F4: 01:38:11 []:>--------------------------------------------------------------<
EXPNETLive.exe: 000026F4: 01:38:11 [TUniServerModule]:Server First Init.
EXPNETLive.exe: 000026F4: 01:38:11 [TUniServerModule]:Start Path = H:\Projetos Delphi Android\iGAT App Provedor\Fontes MK-EXPNET\Fonte EXPNET WEB\EXPNET Live\EXPNETWEB\Fonte EXPNET WEB\
EXPNETLive.exe: 000026F4: 01:38:11 [TUniServerModule]:Debug Mode = ON
EXPNETLive.exe: 000026F4: 01:38:11 [TUniGUISessionManager]:Cache erase job created, Folder count: [1]
EXPNETLive.exe: 000026F4: 01:38:11 [TUniServerModule]:Starting HTTP Server on Port: 8077...
EXPNETLive.exe: 000026F4: 01:38:11 [TUniServerModule]:HTTP Server Started on Port: 8077
EXPNETLive.exe: 000005D8: 01:38:38 [127.0.0.1]:EUniSessionException : Invalid session or session Timeout. (Session not found: AnThdAIaj710AC149CC ) : Addr: $007C3B12
EXPNETLive.exe: 00002DC8: 01:38:38 [127.0.0.1]:EUniSessionException : Invalid session or session Timeout. (Session not found: AnThdAIaj710AC149CC ) : Addr: $007C3B12
EXPNETLive.exe: 00000D28: 01:38:52 []:>--------------------------------------------------------------<
EXPNETLive.exe: 00000D28: 01:38:52 [TUniServerModule]:Server First Init.
EXPNETLive.exe: 00000D28: 01:38:52 [TUniServerModule]:Start Path = H:\Projetos Delphi Android\iGAT App Provedor\Fontes MK-EXPNET\Fonte EXPNET WEB\EXPNET Live\EXPNETWEB\Fonte EXPNET WEB\
EXPNETLive.exe: 00000D28: 01:38:52 [TUniServerModule]:Debug Mode = ON
EXPNETLive.exe: 00000D28: 01:38:52 [TUniServerModule]:Starting HTTP Server on Port: 8077...
EXPNETLive.exe: 00000D28: 01:38:52 [TUniServerModule]:HTTP Server Started on Port: 8077
EXPNETLive.exe: 00000C58: 01:42:43 []:>--------------------------------------------------------------<
EXPNETLive.exe: 00000C58: 01:42:43 [TUniServerModule]:Server First Init.
EXPNETLive.exe: 00000C58: 01:42:43 [TUniServerModule]:Start Path = H:\Projetos Delphi Android\iGAT App Provedor\Fontes MK-EXPNET\Fonte EXPNET WEB\EXPNET Live\EXPNETWEB\Fonte EXPNET WEB\
EXPNETLive.exe: 00000C58: 01:42:43 [TUniServerModule]:Debug Mode = ON
EXPNETLive.exe: 00000C58: 01:42:43 [TUniGUISessionManager]:Cache erase job created, Folder count: [1]
EXPNETLive.exe: 00000C58: 01:42:43 [TUniServerModule]:Starting HTTP Server on Port: 8077...
EXPNETLive.exe: 00000C58: 01:42:43 [TUniServerModule]:HTTP Server Started on Port: 8077
EXPNETLive.exe: 00003E64: 01:42:45 [127.0.0.1]:EUniSessionException : Invalid session or session Timeout. (Session not found: H7pmZXljVM10AC14A13 ) : Addr: $007C3B12
EXPNETLive.exe: 00000CB4: 01:44:47 []:>--------------------------------------------------------------<
EXPNETLive.exe: 00000CB4: 01:44:47 [TUniServerModule]:Server First Init.
EXPNETLive.exe: 00000CB4: 01:44:47 [TUniServerModule]:Start Path = H:\Projetos Delphi Android\iGAT App Provedor\Fontes MK-EXPNET\Fonte EXPNET WEB\EXPNET Live\EXPNETWEB\Fonte EXPNET WEB\
EXPNETLive.exe: 00000CB4: 01:44:47 [TUniServerModule]:Debug Mode = ON
EXPNETLive.exe: 00000CB4: 01:44:47 [TUniGUISessionManager]:Cache erase job created, Folder count: [1]
EXPNETLive.exe: 00000CB4: 01:44:48 [TUniServerModule]:Starting HTTP Server on Port: 8077...
EXPNETLive.exe: 00000CB4: 01:44:48 [TUniServerModule]:HTTP Server Started on Port: 8077
EXPNETLive.exe: 00002860: 01:44:48 [127.0.0.1]:EUniSessionException : Invalid session or session Timeout. (Session not found: RH7z5XRRVI10AC14B20 ) : Addr: $007C3B12
EXPNETLive.exe: 000035B8: 01:49:13 []:>--------------------------------------------------------------<
EXPNETLive.exe: 000035B8: 01:49:13 [TUniServerModule]:Server First Init.
EXPNETLive.exe: 000035B8: 01:49:13 [TUniServerModule]:Start Path = H:\Projetos Delphi Android\iGAT App Provedor\Fontes MK-EXPNET\Fonte EXPNET WEB\EXPNET Live\EXPNETWEB\Fonte EXPNET WEB\
EXPNETLive.exe: 000035B8: 01:49:14 [TUniServerModule]:Debug Mode = ON
EXPNETLive.exe: 000035B8: 01:49:14 [TUniGUISessionManager]:Cache erase job created, Folder count: [1]
EXPNETLive.exe: 000035B8: 01:49:14 [TUniServerModule]:Starting HTTP Server on Port: 8077...
EXPNETLive.exe: 000035B8: 01:49:14 [TUniServerModule]:HTTP Server Started on Port: 8077
EXPNETLive.exe: 000006B0: 01:55:02 []:>--------------------------------------------------------------<
EXPNETLive.exe: 000006B0: 01:55:02 [TUniServerModule]:Server First Init.
EXPNETLive.exe: 000006B0: 01:55:02 [TUniServerModule]:Start Path = H:\Projetos Delphi Android\iGAT App Provedor\Fontes MK-EXPNET\Fonte EXPNET WEB\EXPNET Live\EXPNETWEB\Fonte EXPNET WEB\
EXPNETLive.exe: 000006B0: 01:55:02 [TUniServerModule]:Debug Mode = ON
EXPNETLive.exe: 000006B0: 01:55:02 [TUniGUISessionManager]:Cache erase job created, Folder count: [1]
EXPNETLive.exe: 000006B0: 01:55:02 [TUniServerModule]:Starting HTTP Server on Port: 8077...
EXPNETLive.exe: 000006B0: 01:55:02 [TUniServerModule]:HTTP Server Started on Port: 8077
EXPNETLive.exe: 000010C4: 01:55:03 [127.0.0.1]:EUniSessionException : Invalid session or session Timeout. (Session not found: EbhqUe2vf310AC14CE3 ) : Addr: $007C3B12
EXPNETLive.exe: 0000254C: 02:01:28 []:>--------------------------------------------------------------<
EXPNETLive.exe: 0000254C: 02:01:28 [TUniServerModule]:Server First Init.
EXPNETLive.exe: 0000254C: 02:01:28 [TUniServerModule]:Start Path = H:\Projetos Delphi Android\iGAT App Provedor\Fontes MK-EXPNET\Fonte EXPNET WEB\EXPNET Live\EXPNETWEB\Fonte EXPNET WEB\
EXPNETLive.exe: 0000254C: 02:01:28 [TUniServerModule]:Debug Mode = ON
EXPNETLive.exe: 0000254C: 02:01:28 [TUniGUISessionManager]:Cache erase job created, Folder count: [1]
EXPNETLive.exe: 0000254C: 02:01:28 [TUniServerModule]:Starting HTTP Server on Port: 8077...
EXPNETLive.exe: 0000254C: 02:01:28 [TUniServerModule]:HTTP Server Started on Port: 8077
EXPNETLive.exe: 00002A34: 02:01:28 [127.0.0.1]:EUniSessionException : Invalid session or session Timeout. (Session not found: wH22Uf4y2M10AC14E76 ) : Addr: $007C3B12
EXPNETLive.exe: 00002D98: 02:02:13 []:>--------------------------------------------------------------<
EXPNETLive.exe: 00002D98: 02:02:13 [TUniServerModule]:Server First Init.
EXPNETLive.exe: 00002D98: 02:02:13 [TUniServerModule]:Start Path = H:\Projetos Delphi Android\iGAT App Provedor\Fontes MK-EXPNET\Fonte EXPNET WEB\EXPNET Live\EXPNETWEB\Fonte EXPNET WEB\
EXPNETLive.exe: 00002D98: 02:02:13 [TUniServerModule]:Debug Mode = ON
EXPNETLive.exe: 00002D98: 02:02:13 [TUniGUISessionManager]:Cache erase job created, Folder count: [1]
EXPNETLive.exe: 00002D98: 02:02:13 [TUniServerModule]:Starting HTTP Server on Port: 8077...
EXPNETLive.exe: 00002D98: 02:02:13 [TUniServerModule]:HTTP Server Started on Port: 8077
EXPNETLive.exe: 00001B00: 02:02:13 [127.0.0.1]:EUniSessionException : Invalid session or session Timeout. (Session not found: U2OsA1PxPe10AC15034 ) : Addr: $007C3B12
EXPNETLive.exe: 00002950: 02:04:01 []:>--------------------------------------------------------------<
EXPNETLive.exe: 00002950: 02:04:01 [TUniServerModule]:Server First Init.
EXPNETLive.exe: 00002950: 02:04:01 [TUniServerModule]:Start Path = H:\Projetos Delphi Android\iGAT App Provedor\Fontes MK-EXPNET\Fonte EXPNET WEB\EXPNET Live\EXPNETWEB\Fonte EXPNET WEB\
EXPNETLive.exe: 00002950: 02:04:01 [TUniServerModule]:Debug Mode = ON
EXPNETLive.exe: 00002950: 02:04:01 [TUniGUISessionManager]:Cache erase job created, Folder count: [1]
EXPNETLive.exe: 00002950: 02:04:01 [TUniServerModule]:Starting HTTP Server on Port: 8077...
EXPNETLive.exe: 00002950: 02:04:01 [TUniServerModule]:HTTP Server Started on Port: 8077
EXPNETLive.exe: 000037B0: 02:05:29 []:>--------------------------------------------------------------<
EXPNETLive.exe: 000037B0: 02:05:29 [TUniServerModule]:Server First Init.
EXPNETLive.exe: 000037B0: 02:05:29 [TUniServerModule]:Start Path = H:\Projetos Delphi Android\iGAT App Provedor\Fontes MK-EXPNET\Fonte EXPNET WEB\EXPNET Live\EXPNETWEB\Fonte EXPNET WEB\
EXPNETLive.exe: 000037B0: 02:05:29 [TUniServerModule]:Debug Mode = ON
EXPNETLive.exe: 000037B0: 02:05:29 [TUniGUISessionManager]:Cache erase job created, Folder count: [1]
EXPNETLive.exe: 000037B0: 02:05:29 [TUniServerModule]:Starting HTTP Server on Port: 8077...
EXPNETLive.exe: 000037B0: 02:05:29 [TUniServerModule]:HTTP Server Started on Port: 8077
EXPNETLive.exe: 00002884: 02:05:30 [127.0.0.1]:EUniSessionException : Invalid session or session Timeout. (Session not found: f7UybFUWkv10AC150E6 ) : Addr: $007C3B12
EXPNETLive.exe: 000043C4: 02:05:55 []:>--------------------------------------------------------------<
EXPNETLive.exe: 000043C4: 02:05:55 [TUniServerModule]:Server First Init.
EXPNETLive.exe: 000043C4: 02:05:55 [TUniServerModule]:Start Path = H:\Projetos Delphi Android\iGAT App Provedor\Fontes MK-EXPNET\Fonte EXPNET WEB\EXPNET Live\EXPNETWEB\Fonte EXPNET WEB\
EXPNETLive.exe: 000043C4: 02:05:55 [TUniServerModule]:Debug Mode = ON
EXPNETLive.exe: 000043C4: 02:05:55 [TUniGUISessionManager]:Cache erase job created, Folder count: [1]
EXPNETLive.exe: 000043C4: 02:05:56 [TUniServerModule]:Starting HTTP Server on Port: 8077...
EXPNETLive.exe: 000043C4: 02:05:56 [TUniServerModule]:HTTP Server Started on Port: 8077
EXPNETLive.exe: 00001F9C: 02:05:56 [127.0.0.1]:EUniSessionException : Invalid session or session Timeout. (Session not found: lAlz9BGeqn10AC1514C ) : Addr: $007C3B12
EXPNETLive.exe: 000017C4: 02:19:23 []:>--------------------------------------------------------------<
EXPNETLive.exe: 000017C4: 02:19:23 [TUniServerModule]:Server First Init.
EXPNETLive.exe: 000017C4: 02:19:23 [TUniServerModule]:Start Path = H:\Projetos Delphi Android\iGAT App Provedor\Fontes MK-EXPNET\Fonte EXPNET WEB\EXPNET Live\EXPNETWEB\Fonte EXPNET WEB\
EXPNETLive.exe: 000017C4: 02:19:24 [TUniServerModule]:Debug Mode = ON
EXPNETLive.exe: 000017C4: 02:19:24 [TUniGUISessionManager]:Cache erase job created, Folder count: [1]
EXPNETLive.exe: 000017C4: 02:19:24 [TUniServerModule]:Starting HTTP Server on Port: 8077...
EXPNETLive.exe: 000017C4: 02:19:24 [TUniServerModule]:HTTP Server Started on Port: 8077
EXPNETLive.exe: 00002430: 02:19:24 [127.0.0.1]:EUniSessionException : Invalid session or session Timeout. (Session not found: EwtlW4WDmM10AC1516A ) : Addr: $007C3B12
EXPNETLive.exe: 00002DEC: 02:30:12 []:>--------------------------------------------------------------<
EXPNETLive.exe: 00002DEC: 02:30:12 [TUniServerModule]:Server First Init.
EXPNETLive.exe: 00002DEC: 02:30:12 [TUniServerModule]:Start Path = H:\Projetos Delphi Android\iGAT App Provedor\Fontes MK-EXPNET\Fonte EXPNET WEB\EXPNET Live\EXPNETWEB\Fonte EXPNET WEB\
EXPNETLive.exe: 00002DEC: 02:30:12 [TUniServerModule]:Debug Mode = ON
EXPNETLive.exe: 00002DEC: 02:30:12 [TUniGUISessionManager]:Cache erase job created, Folder count: [1]
EXPNETLive.exe: 00002DEC: 02:30:12 [TUniServerModule]:Starting HTTP Server on Port: 8077...
EXPNETLive.exe: 00002DEC: 02:30:12 [TUniServerModule]:HTTP Server Started on Port: 8077
EXPNETLive.exe: 00000698: 02:31:57 []:>--------------------------------------------------------------<
EXPNETLive.exe: 00000698: 02:31:57 [TUniServerModule]:Server First Init.
EXPNETLive.exe: 00000698: 02:31:57 [TUniServerModule]:Start Path = H:\Projetos Delphi Android\iGAT App Provedor\Fontes MK-EXPNET\Fonte EXPNET WEB\EXPNET Live\EXPNETWEB\Fonte EXPNET WEB\
EXPNETLive.exe: 00000698: 02:31:57 [TUniServerModule]:Debug Mode = ON
EXPNETLive.exe: 00000698: 02:31:57 [TUniGUISessionManager]:Cache erase job created, Folder count: [1]
EXPNETLive.exe: 00000698: 02:31:57 [TUniServerModule]:Starting HTTP Server on Port: 8077...
EXPNETLive.exe: 00000698: 02:31:57 [TUniServerModule]:HTTP Server Started on Port: 8077
EXPNETLive.exe: 00002458: 02:31:57 [127.0.0.1]:EUniSessionException : Invalid session or session Timeout. (Session not found: wLWU3e7ZFr10AC15803 ) : Addr: $007C3B12
EXPNETLive.exe: 00003FC0: 02:33:34 []:>--------------------------------------------------------------<
EXPNETLive.exe: 00003FC0: 02:33:34 [TUniServerModule]:Server First Init.
EXPNETLive.exe: 00003FC0: 02:33:34 [TUniServerModule]:Start Path = H:\Projetos Delphi Android\iGAT App Provedor\Fontes MK-EXPNET\Fonte EXPNET WEB\EXPNET Live\EXPNETWEB\Fonte EXPNET WEB\
EXPNETLive.exe: 00003FC0: 02:33:34 [TUniServerModule]:Debug Mode = ON
EXPNETLive.exe: 00003FC0: 02:33:34 [TUniGUISessionManager]:Cache erase job created, Folder count: [1]
EXPNETLive.exe: 00003FC0: 02:33:34 [TUniServerModule]:Starting HTTP Server on Port: 8077...
EXPNETLive.exe: 00003FC0: 02:33:34 [TUniServerModule]:HTTP Server Started on Port: 8077
EXPNETLive.exe: 00000E14: 02:33:34 [127.0.0.1]:EUniSessionException : Invalid session or session Timeout. (Session not found: 4RhAjwiD5V10AC15879 ) : Addr: $007C3B12
EXPNETLive.exe: 00001F98: 02:34:33 []:>--------------------------------------------------------------<
EXPNETLive.exe: 00001F98: 02:34:33 [TUniServerModule]:Server First Init.
EXPNETLive.exe: 00001F98: 02:34:33 [TUniServerModule]:Start Path = H:\Projetos Delphi Android\iGAT App Provedor\Fontes MK-EXPNET\Fonte EXPNET WEB\EXPNET Live\EXPNETWEB\Fonte EXPNET WEB\
EXPNETLive.exe: 00001F98: 02:34:33 [TUniServerModule]:Debug Mode = ON
EXPNETLive.exe: 00001F98: 02:34:33 [TUniGUISessionManager]:Cache erase job created, Folder count: [1]
EXPNETLive.exe: 00001F98: 02:34:33 [TUniServerModule]:Starting HTTP Server on Port: 8077...
EXPNETLive.exe: 00001F98: 02:34:33 [TUniServerModule]:HTTP Server Started on Port: 8077
EXPNETLive.exe: 00002430: 02:34:34 [127.0.0.1]:EUniSessionException : Invalid session or session Timeout. (Session not found: S66e71obax10AC158E9 ) : Addr: $007C3B12
EXPNETLive.exe: 00003410: 02:36:42 []:>--------------------------------------------------------------<
EXPNETLive.exe: 00003410: 02:36:42 [TUniServerModule]:Server First Init.
EXPNETLive.exe: 00003410: 02:36:42 [TUniServerModule]:Start Path = H:\Projetos Delphi Android\iGAT App Provedor\Fontes MK-EXPNET\Fonte EXPNET WEB\EXPNET Live\EXPNETWEB\Fonte EXPNET WEB\
EXPNETLive.exe: 00003410: 02:36:42 [TUniServerModule]:Debug Mode = ON
EXPNETLive.exe: 00003410: 02:36:42 [TUniGUISessionManager]:Cache erase job created, Folder count: [1]
EXPNETLive.exe: 00003410: 02:36:42 [TUniServerModule]:Starting HTTP Server on Port: 8077...
EXPNETLive.exe: 00003410: 02:36:43 [TUniServerModule]:HTTP Server Started on Port: 8077
EXPNETLive.exe: 00002D80: 02:36:44 [127.0.0.1]:EUniSessionException : Invalid session or session Timeout. (Session not found: RWChYNX9FO10AC15967 ) : Addr: $007C3B12
EXPNETLive.exe: 000036D4: 02:38:12 []:>--------------------------------------------------------------<
EXPNETLive.exe: 000036D4: 02:38:12 [TUniServerModule]:Server First Init.
EXPNETLive.exe: 000036D4: 02:38:12 [TUniServerModule]:Start Path = H:\Projetos Delphi Android\iGAT App Provedor\Fontes MK-EXPNET\Fonte EXPNET WEB\EXPNET Live\EXPNETWEB\Fonte EXPNET WEB\
EXPNETLive.exe: 000036D4: 02:38:12 [TUniServerModule]:Debug Mode = ON
EXPNETLive.exe: 000036D4: 02:38:12 [TUniGUISessionManager]:Cache erase job created, Folder count: [1]
EXPNETLive.exe: 000036D4: 02:38:13 [TUniServerModule]:Starting HTTP Server on Port: 8077...
EXPNETLive.exe: 000036D4: 02:38:13 [TUniServerModule]:HTTP Server Started on Port: 8077
EXPNETLive.exe: 00003B80: 02:46:27 []:>--------------------------------------------------------------<
EXPNETLive.exe: 00003B80: 02:46:27 [TUniServerModule]:Server First Init.
EXPNETLive.exe: 00003B80: 02:46:27 [TUniServerModule]:Start Path = H:\Projetos Delphi Android\iGAT App Provedor\Fontes MK-EXPNET\Fonte EXPNET WEB\EXPNET Live\EXPNETWEB\Fonte EXPNET WEB\
EXPNETLive.exe: 00003B80: 02:46:27 [TUniServerModule]:Debug Mode = ON
EXPNETLive.exe: 00003B80: 02:46:27 [TUniGUISessionManager]:Cache erase job created, Folder count: [1]
EXPNETLive.exe: 00003B80: 02:46:28 [TUniServerModule]:Starting HTTP Server on Port: 8077...
EXPNETLive.exe: 00003B80: 02:46:28 [TUniServerModule]:HTTP Server Started on Port: 8077
EXPNETLive.exe: 00001C04: 02:46:32 [127.0.0.1]:EUniSessionException : Invalid session or session Timeout. (Session not found: KVNv57YvRD10AC15A2C ) : Addr: $007C3B12
EXPNETLive.exe: 00000444: 02:47:37 []:>--------------------------------------------------------------<
EXPNETLive.exe: 00000444: 02:47:37 [TUniServerModule]:Server First Init.
EXPNETLive.exe: 00000444: 02:47:37 [TUniServerModule]:Start Path = H:\Projetos Delphi Android\iGAT App Provedor\Fontes MK-EXPNET\Fonte EXPNET WEB\EXPNET Live\EXPNETWEB\Fonte EXPNET WEB\
EXPNETLive.exe: 00000444: 02:47:37 [TUniServerModule]:Debug Mode = ON
EXPNETLive.exe: 00000444: 02:47:37 [TUniGUISessionManager]:Cache erase job created, Folder count: [1]
EXPNETLive.exe: 00000444: 02:47:37 [TUniServerModule]:Starting HTTP Server on Port: 8077...
EXPNETLive.exe: 00000444: 02:47:37 [TUniServerModule]:HTTP Server Started on Port: 8077
EXPNETLive.exe: 000014C4: 02:47:39 [127.0.0.1]:EUniSessionException : Invalid session or session Timeout. (Session not found: iGyfuNQdJ310AC15C6D ) : Addr: $007C3B12
EXPNETLive.exe: 00000A9C: 02:48:21 []:>--------------------------------------------------------------<
EXPNETLive.exe: 00000A9C: 02:48:21 [TUniServerModule]:Server First Init.
EXPNETLive.exe: 00000A9C: 02:48:21 [TUniServerModule]:Start Path = H:\Projetos Delphi Android\iGAT App Provedor\Fontes MK-EXPNET\Fonte EXPNET WEB\EXPNET Live\EXPNETWEB\Fonte EXPNET WEB\
EXPNETLive.exe: 00000A9C: 02:48:21 [TUniServerModule]:Debug Mode = ON
EXPNETLive.exe: 00000A9C: 02:48:21 [TUniGUISessionManager]:Cache erase job created, Folder count: [1]
EXPNETLive.exe: 00000A9C: 02:48:21 [TUniServerModule]:Starting HTTP Server on Port: 8077...
EXPNETLive.exe: 00000A9C: 02:48:21 [TUniServerModule]:HTTP Server Started on Port: 8077
EXPNETLive.exe: 00001B08: 02:49:13 []:>--------------------------------------------------------------<
EXPNETLive.exe: 00001B08: 02:49:13 [TUniServerModule]:Server First Init.
EXPNETLive.exe: 00001B08: 02:49:13 [TUniServerModule]:Start Path = H:\Projetos Delphi Android\iGAT App Provedor\Fontes MK-EXPNET\Fonte EXPNET WEB\EXPNET Live\EXPNETWEB\Fonte EXPNET WEB\
EXPNETLive.exe: 00001B08: 02:49:13 [TUniServerModule]:Debug Mode = ON
EXPNETLive.exe: 00001B08: 02:49:13 [TUniServerModule]:Starting HTTP Server on Port: 8077...
EXPNETLive.exe: 00001B08: 02:49:13 [TUniServerModule]:HTTP Server Started on Port: 8077
EXPNETLive.exe: 00003EC4: 02:50:19 []:>--------------------------------------------------------------<
EXPNETLive.exe: 00003EC4: 02:50:19 [TUniServerModule]:Server First Init.
EXPNETLive.exe: 00003EC4: 02:50:19 [TUniServerModule]:Start Path = H:\Projetos Delphi Android\iGAT App Provedor\Fontes MK-EXPNET\Fonte EXPNET WEB\EXPNET Live\EXPNETWEB\Fonte EXPNET WEB\
EXPNETLive.exe: 00003EC4: 02:50:19 [TUniServerModule]:Debug Mode = ON
EXPNETLive.exe: 00003EC4: 02:50:19 [TUniGUISessionManager]:Cache erase job created, Folder count: [1]
EXPNETLive.exe: 00003EC4: 02:50:20 [TUniServerModule]:Starting HTTP Server on Port: 8077...
EXPNETLive.exe: 00003EC4: 02:50:20 [TUniServerModule]:HTTP Server Started on Port: 8077
EXPNETLive.exe: 0000391C: 02:50:20 [127.0.0.1]:EUniSessionException : Invalid session or session Timeout. (Session not found: 4PPrxZBDN810AC15D28 ) : Addr: $007C3B12
EXPNETLive.exe: 00002B3C: 02:50:48 []:>--------------------------------------------------------------<
EXPNETLive.exe: 00002B3C: 02:50:48 [TUniServerModule]:Server First Init.
EXPNETLive.exe: 00002B3C: 02:50:48 [TUniServerModule]:Start Path = H:\Projetos Delphi Android\iGAT App Provedor\Fontes MK-EXPNET\Fonte EXPNET WEB\EXPNET Live\EXPNETWEB\Fonte EXPNET WEB\
EXPNETLive.exe: 00002B3C: 02:50:48 [TUniServerModule]:Debug Mode = ON
EXPNETLive.exe: 00002B3C: 02:50:48 [TUniGUISessionManager]:Cache erase job created, Folder count: [1]
EXPNETLive.exe: 00002B3C: 02:50:48 [TUniServerModule]:Starting HTTP Server on Port: 8077...
EXPNETLive.exe: 00002B3C: 02:50:48 [TUniServerModule]:HTTP Server Started on Port: 8077
EXPNETLive.exe: 00000208: 02:51:45 []:>--------------------------------------------------------------<
EXPNETLive.exe: 00000208: 02:51:45 [TUniServerModule]:Server First Init.
EXPNETLive.exe: 00000208: 02:51:45 [TUniServerModule]:Start Path = H:\Projetos Delphi Android\iGAT App Provedor\Fontes MK-EXPNET\Fonte EXPNET WEB\EXPNET Live\EXPNETWEB\Fonte EXPNET WEB\
EXPNETLive.exe: 00000208: 02:51:45 [TUniServerModule]:Debug Mode = ON
EXPNETLive.exe: 00000208: 02:51:45 [TUniGUISessionManager]:Cache erase job created, Folder count: [1]
EXPNETLive.exe: 00000208: 02:51:45 [TUniServerModule]:Starting HTTP Server on Port: 8077...
EXPNETLive.exe: 00000208: 02:51:45 [TUniServerModule]:HTTP Server Started on Port: 8077
EXPNETLive.exe: 0000109C: 02:51:46 [127.0.0.1]:EUniSessionException : Invalid session or session Timeout. (Session not found: BD2xxqMkwW10AC15D96 ) : Addr: $007C3B12
EXPNETLive.exe: 00002640: 02:53:57 []:>--------------------------------------------------------------<
EXPNETLive.exe: 00002640: 02:53:57 [TUniServerModule]:Server First Init.
EXPNETLive.exe: 00002640: 02:53:57 [TUniServerModule]:Start Path = H:\Projetos Delphi Android\iGAT App Provedor\Fontes MK-EXPNET\Fonte EXPNET WEB\EXPNET Live\EXPNETWEB\Fonte EXPNET WEB\
EXPNETLive.exe: 00002640: 02:53:57 [TUniServerModule]:Debug Mode = ON
EXPNETLive.exe: 00002640: 02:53:57 [TUniGUISessionManager]:Cache erase job created, Folder count: [1]
EXPNETLive.exe: 00002640: 02:53:57 [TUniServerModule]:Starting HTTP Server on Port: 8077...
EXPNETLive.exe: 00002640: 02:53:57 [TUniServerModule]:HTTP Server Started on Port: 8077
EXPNETLive.exe: 00003EF4: 02:54:42 []:>--------------------------------------------------------------<
EXPNETLive.exe: 00003EF4: 02:54:42 [TUniServerModule]:Server First Init.
EXPNETLive.exe: 00003EF4: 02:54:42 [TUniServerModule]:Start Path = H:\Projetos Delphi Android\iGAT App Provedor\Fontes MK-EXPNET\Fonte EXPNET WEB\EXPNET Live\EXPNETWEB\Fonte EXPNET WEB\
EXPNETLive.exe: 00003EF4: 02:54:42 [TUniServerModule]:Debug Mode = ON
EXPNETLive.exe: 00003EF4: 02:54:42 [TUniGUISessionManager]:Cache erase job created, Folder count: [1]
EXPNETLive.exe: 00003EF4: 02:54:42 [TUniServerModule]:Starting HTTP Server on Port: 8077...
EXPNETLive.exe: 00003EF4: 02:54:42 [TUniServerModule]:HTTP Server Started on Port: 8077
EXPNETLive.exe: 00000E84: 02:54:45 [127.0.0.1]:EUniSessionException : Invalid session or session Timeout. (Session not found: PeTja7D7UJ10AC15E71 ) : Addr: $007C3B12
EXPNETLive.exe: 000035BC: 02:55:17 []:>--------------------------------------------------------------<
EXPNETLive.exe: 000035BC: 02:55:17 [TUniServerModule]:Server First Init.
EXPNETLive.exe: 000035BC: 02:55:17 [TUniServerModule]:Start Path = H:\Projetos Delphi Android\iGAT App Provedor\Fontes MK-EXPNET\Fonte EXPNET WEB\EXPNET Live\EXPNETWEB\Fonte EXPNET WEB\
EXPNETLive.exe: 000035BC: 02:55:17 [TUniServerModule]:Debug Mode = ON
EXPNETLive.exe: 000035BC: 02:55:17 [TUniGUISessionManager]:Cache erase job created, Folder count: [1]
EXPNETLive.exe: 000035BC: 02:55:17 [TUniServerModule]:Starting HTTP Server on Port: 8077...
EXPNETLive.exe: 000035BC: 02:55:17 [TUniServerModule]:HTTP Server Started on Port: 8077
EXPNETLive.exe: 00002854: 02:55:47 []:>--------------------------------------------------------------<
EXPNETLive.exe: 00002854: 02:55:47 [TUniServerModule]:Server First Init.
EXPNETLive.exe: 00002854: 02:55:47 [TUniServerModule]:Start Path = H:\Projetos Delphi Android\iGAT App Provedor\Fontes MK-EXPNET\Fonte EXPNET WEB\EXPNET Live\EXPNETWEB\Fonte EXPNET WEB\
EXPNETLive.exe: 00002854: 02:55:47 [TUniServerModule]:Debug Mode = ON
EXPNETLive.exe: 00002854: 02:55:47 [TUniGUISessionManager]:Cache erase job created, Folder count: [1]
EXPNETLive.exe: 00002854: 02:55:47 [TUniServerModule]:Starting HTTP Server on Port: 8077...
EXPNETLive.exe: 00002854: 02:55:47 [TUniServerModule]:HTTP Server Started on Port: 8077
