EXPNETLive.exe: 00001F24: 09:20:41 []:>--------------------------------------------------------------<
EXPNETLive.exe: 00001F24: 09:20:41 [TUniServerModule]:Server First Init.
EXPNETLive.exe: 00001F24: 09:20:41 [TUniServerModule]:Start Path = C:\Users\Dev\Documents\EXPNETWEB\Fonte EXPNET WEB\
EXPNETLive.exe: 00001F24: 09:20:41 [TUniServerModule]:Debug Mode = ON
EXPNETLive.exe: 00001F24: 09:20:41 [TUniGUISessionManager]:Cache erase job created, Folder count: [1]
EXPNETLive.exe: 00001F24: 09:20:41 [TUniServerModule]:Starting HTTP Server on Port: 8077...
EXPNETLive.exe: 00001F24: 09:20:41 [TUniServerModule]:HTTP Server Started on Port: 8077
EXPNETLive.exe: 00002278: 09:24:36 []:>--------------------------------------------------------------<
EXPNETLive.exe: 00002278: 09:24:36 [TUniServerModule]:Server First Init.
EXPNETLive.exe: 00002278: 09:24:36 [TUniServerModule]:Start Path = C:\Users\Dev\Documents\EXPNETWEB\Fonte EXPNET WEB\
EXPNETLive.exe: 00002278: 09:24:36 [TUniServerModule]:Debug Mode = ON
EXPNETLive.exe: 00002278: 09:24:36 [TUniGUISessionManager]:Cache erase job created, Folder count: [1]
EXPNETLive.exe: 00002278: 09:24:36 [TUniServerModule]:Starting HTTP Server on Port: 8077...
EXPNETLive.exe: 00002278: 09:24:36 [TUniServerModule]:HTTP Server Started on Port: 8077
EXPNETLive.exe: 00001CE0: 09:24:39 [127.0.0.1]:EUniSessionException : Invalid session or session Timeout. (Session not found: fXjkLiIoK210AC65B83 ) : Addr: $007C3B12
EXPNETLive.exe: 0000044C: 09:25:20 []:>--------------------------------------------------------------<
EXPNETLive.exe: 0000044C: 09:25:20 [TUniServerModule]:Server First Init.
EXPNETLive.exe: 0000044C: 09:25:20 [TUniServerModule]:Start Path = C:\Users\Dev\Documents\EXPNETWEB\Fonte EXPNET WEB\
EXPNETLive.exe: 0000044C: 09:25:20 [TUniServerModule]:Debug Mode = ON
EXPNETLive.exe: 0000044C: 09:25:20 [TUniGUISessionManager]:Cache erase job created, Folder count: [1]
EXPNETLive.exe: 0000044C: 09:25:21 [TUniServerModule]:Starting HTTP Server on Port: 8077...
EXPNETLive.exe: 0000044C: 09:25:21 [TUniServerModule]:HTTP Server Started on Port: 8077
EXPNETLive.exe: 00001B04: 09:25:23 [127.0.0.1]:EUniSessionException : Invalid session or session Timeout. (Session not found: tdvStgeWTp10AC65C4C ) : Addr: $007C3B12
EXPNETLive.exe: 00001AD4: 10:03:53 [127.0.0.1]:EUniSessionException : Invalid session or session Timeout. (Session not found: dUx8EAF6sg10AC65C81 ) : Addr: $007C3B12
EXPNETLive.exe: 00001104: 10:03:54 [127.0.0.1]:EUniSessionException : Invalid session or session Timeout. (Session not found: dUx8EAF6sg10AC65C81 ) : Addr: $007C3B12
EXPNETLive.exe: 000004A4: 10:03:54 [127.0.0.1]:EUniSessionException : Invalid session or session Timeout. (Session not found: dUx8EAF6sg10AC65C81 ) : Addr: $007C3B12
EXPNETLive.exe: 00000068: 10:08:20 []:>--------------------------------------------------------------<
EXPNETLive.exe: 00000068: 10:08:20 [TUniServerModule]:Server First Init.
EXPNETLive.exe: 00000068: 10:08:20 [TUniServerModule]:Start Path = C:\Users\Dev\Documents\EXPNETWEB\Fonte EXPNET WEB\
EXPNETLive.exe: 00000068: 10:08:20 [TUniServerModule]:Debug Mode = ON
EXPNETLive.exe: 00000068: 10:08:20 [TUniGUISessionManager]:Cache erase job created, Folder count: [1]
EXPNETLive.exe: 00000068: 10:08:21 [TUniServerModule]:Starting HTTP Server on Port: 8077...
EXPNETLive.exe: 00000068: 10:08:21 [TUniServerModule]:HTTP Server Started on Port: 8077
EXPNETLive.exe: 00001E68: 10:08:21 [127.0.0.1]:EUniSessionException : Invalid session or session Timeout. (Session not found: szgzeJjzCR10AC666F3 ) : Addr: $007C3B12
EXPNETLive.exe: 00001CA4: 10:09:20 []:>--------------------------------------------------------------<
EXPNETLive.exe: 00001CA4: 10:09:20 [TUniServerModule]:Server First Init.
EXPNETLive.exe: 00001CA4: 10:09:20 [TUniServerModule]:Start Path = C:\Users\Dev\Documents\EXPNETWEB\Fonte EXPNET WEB\
EXPNETLive.exe: 00001CA4: 10:09:20 [TUniServerModule]:Debug Mode = ON
EXPNETLive.exe: 00001CA4: 10:09:20 [TUniGUISessionManager]:Cache erase job created, Folder count: [1]
EXPNETLive.exe: 00001CA4: 10:09:20 [TUniServerModule]:Starting HTTP Server on Port: 8077...
EXPNETLive.exe: 00001CA4: 10:09:20 [TUniServerModule]:HTTP Server Started on Port: 8077
EXPNETLive.exe: 0000051C: 10:09:31 [127.0.0.1]:EUniSessionException : Invalid session or session Timeout. (Session not found: nv48FUdGjO10AC6682A ) : Addr: $007C3B12
EXPNETLive.exe: 000005C4: 10:10:53 []:>--------------------------------------------------------------<
EXPNETLive.exe: 000005C4: 10:10:53 [TUniServerModule]:Server First Init.
EXPNETLive.exe: 000005C4: 10:10:53 [TUniServerModule]:Start Path = C:\Users\Dev\Documents\EXPNETWEB\Fonte EXPNET WEB\
EXPNETLive.exe: 000005C4: 10:10:53 [TUniServerModule]:Debug Mode = ON
EXPNETLive.exe: 000005C4: 10:10:53 [TUniGUISessionManager]:Cache erase job created, Folder count: [1]
EXPNETLive.exe: 000005C4: 10:10:53 [TUniServerModule]:Starting HTTP Server on Port: 8077...
EXPNETLive.exe: 000005C4: 10:10:53 [TUniServerModule]:HTTP Server Started on Port: 8077
EXPNETLive.exe: 00001980: 10:10:54 [127.0.0.1]:EUniSessionException : Invalid session or session Timeout. (Session not found: sOlhzhznCK10AC66879 ) : Addr: $007C3B12
EXPNETLive.exe: 00001228: 10:11:52 []:>--------------------------------------------------------------<
EXPNETLive.exe: 00001228: 10:11:52 [TUniServerModule]:Server First Init.
EXPNETLive.exe: 00001228: 10:11:52 [TUniServerModule]:Start Path = C:\Users\Dev\Documents\EXPNETWEB\Fonte EXPNET WEB\
EXPNETLive.exe: 00001228: 10:11:52 [TUniServerModule]:Debug Mode = ON
EXPNETLive.exe: 00001228: 10:11:52 [TUniGUISessionManager]:Cache erase job created, Folder count: [1]
EXPNETLive.exe: 00001228: 10:11:52 [TUniServerModule]:Starting HTTP Server on Port: 8077...
EXPNETLive.exe: 00001228: 10:11:52 [TUniServerModule]:HTTP Server Started on Port: 8077
EXPNETLive.exe: 00001DE4: 10:11:55 [127.0.0.1]:EUniSessionException : Invalid session or session Timeout. (Session not found: KwzOKq6V3s10AC668D9 ) : Addr: $007C3B12
EXPNETLive.exe: 00001CCC: 10:13:31 []:>--------------------------------------------------------------<
EXPNETLive.exe: 00001CCC: 10:13:31 [TUniServerModule]:Server First Init.
EXPNETLive.exe: 00001CCC: 10:13:31 [TUniServerModule]:Start Path = C:\Users\Dev\Documents\EXPNETWEB\Fonte EXPNET WEB\
EXPNETLive.exe: 00001CCC: 10:13:31 [TUniServerModule]:Debug Mode = ON
EXPNETLive.exe: 00001CCC: 10:13:31 [TUniGUISessionManager]:Cache erase job created, Folder count: [1]
EXPNETLive.exe: 00001CCC: 10:13:31 [TUniServerModule]:Starting HTTP Server on Port: 8077...
EXPNETLive.exe: 00001CCC: 10:13:31 [TUniServerModule]:HTTP Server Started on Port: 8077
EXPNETLive.exe: 000014C0: 10:13:33 [127.0.0.1]:EUniSessionException : Invalid session or session Timeout. (Session not found: V1yyAJIaVV10AC6691F ) : Addr: $007C3B12
EXPNETLive.exe: 00001434: 10:15:19 []:>--------------------------------------------------------------<
EXPNETLive.exe: 00001434: 10:15:19 [TUniServerModule]:Server First Init.
EXPNETLive.exe: 00001434: 10:15:19 [TUniServerModule]:Start Path = C:\Users\Dev\Documents\EXPNETWEB\Fonte EXPNET WEB\
EXPNETLive.exe: 00001434: 10:15:19 [TUniServerModule]:Debug Mode = ON
EXPNETLive.exe: 00001434: 10:15:19 [TUniGUISessionManager]:Cache erase job created, Folder count: [1]
EXPNETLive.exe: 00001434: 10:15:19 [TUniServerModule]:Starting HTTP Server on Port: 8077...
EXPNETLive.exe: 00001434: 10:15:19 [TUniServerModule]:HTTP Server Started on Port: 8077
EXPNETLive.exe: 00000894: 10:15:22 [127.0.0.1]:EUniSessionException : Invalid session or session Timeout. (Session not found: 9gW6gAvtcf10AC66992 ) : Addr: $007C3B12
EXPNETLive.exe: 00001A74: 10:20:04 []:>--------------------------------------------------------------<
EXPNETLive.exe: 00001A74: 10:20:05 [TUniServerModule]:Server First Init.
EXPNETLive.exe: 00001A74: 10:20:05 [TUniServerModule]:Start Path = C:\Users\Dev\Documents\EXPNETWEB\Fonte EXPNET WEB\
EXPNETLive.exe: 00001A74: 10:20:05 [TUniServerModule]:Debug Mode = ON
EXPNETLive.exe: 00001A74: 10:20:05 [TUniGUISessionManager]:Cache erase job created, Folder count: [1]
EXPNETLive.exe: 00001A74: 10:20:05 [TUniServerModule]:Starting HTTP Server on Port: 8077...
EXPNETLive.exe: 00001A74: 10:20:05 [TUniServerModule]:HTTP Server Started on Port: 8077
EXPNETLive.exe: 0000055C: 10:20:05 [127.0.0.1]:EUniSessionException : Invalid session or session Timeout. (Session not found: yw2JUXtn5U10AC66A0C ) : Addr: $007C3B12
EXPNETLive.exe: 00000BD4: 10:21:40 []:>--------------------------------------------------------------<
EXPNETLive.exe: 00000BD4: 10:21:40 [TUniServerModule]:Server First Init.
EXPNETLive.exe: 00000BD4: 10:21:40 [TUniServerModule]:Start Path = C:\Users\Dev\Documents\EXPNETWEB\Fonte EXPNET WEB\
EXPNETLive.exe: 00000BD4: 10:21:40 [TUniServerModule]:Debug Mode = ON
EXPNETLive.exe: 00000BD4: 10:21:40 [TUniGUISessionManager]:Cache erase job created, Folder count: [1]
EXPNETLive.exe: 00000BD4: 10:21:40 [TUniServerModule]:Starting HTTP Server on Port: 8077...
EXPNETLive.exe: 00000BD4: 10:21:40 [TUniServerModule]:HTTP Server Started on Port: 8077
EXPNETLive.exe: 00000818: 10:21:43 [127.0.0.1]:EUniSessionException : Invalid session or session Timeout. (Session not found: SA4oeRHFQj10AC66B58 ) : Addr: $007C3B12
EXPNETLive.exe: 000008A4: 10:22:37 []:>--------------------------------------------------------------<
EXPNETLive.exe: 000008A4: 10:22:37 [TUniServerModule]:Server First Init.
EXPNETLive.exe: 000008A4: 10:22:37 [TUniServerModule]:Start Path = C:\Users\Dev\Documents\EXPNETWEB\Fonte EXPNET WEB\
EXPNETLive.exe: 000008A4: 10:22:37 [TUniServerModule]:Debug Mode = ON
EXPNETLive.exe: 000008A4: 10:22:37 [TUniGUISessionManager]:Cache erase job created, Folder count: [1]
EXPNETLive.exe: 000008A4: 10:22:37 [TUniServerModule]:Starting HTTP Server on Port: 8077...
EXPNETLive.exe: 000008A4: 10:22:37 [TUniServerModule]:HTTP Server Started on Port: 8077
EXPNETLive.exe: 000027C0: 10:22:38 [127.0.0.1]:EUniSessionException : Invalid session or session Timeout. (Session not found: T5x74LChuL10AC66BC9 ) : Addr: $007C3B12
EXPNETLive.exe: 00001F6C: 10:29:07 []:>--------------------------------------------------------------<
EXPNETLive.exe: 00001F6C: 10:29:07 [TUniServerModule]:Server First Init.
EXPNETLive.exe: 00001F6C: 10:29:07 [TUniServerModule]:Start Path = C:\Users\Dev\Documents\EXPNETWEB\Fonte EXPNET WEB\
EXPNETLive.exe: 00001F6C: 10:29:07 [TUniServerModule]:Debug Mode = ON
EXPNETLive.exe: 00001F6C: 10:29:07 [TUniGUISessionManager]:Cache erase job created, Folder count: [1]
EXPNETLive.exe: 00001F6C: 10:29:07 [TUniServerModule]:Starting HTTP Server on Port: 8077...
EXPNETLive.exe: 00001F6C: 10:29:07 [TUniServerModule]:HTTP Server Started on Port: 8077
EXPNETLive.exe: 00002128: 10:29:09 [127.0.0.1]:EUniSessionException : Invalid session or session Timeout. (Session not found: Zokgzjb6YS10AC66C08 ) : Addr: $007C3B12
EXPNETLive.exe: 00001424: 10:30:20 []:>--------------------------------------------------------------<
EXPNETLive.exe: 00001424: 10:30:20 [TUniServerModule]:Server First Init.
EXPNETLive.exe: 00001424: 10:30:20 [TUniServerModule]:Start Path = C:\Users\Dev\Documents\EXPNETWEB\Fonte EXPNET WEB\
EXPNETLive.exe: 00001424: 10:30:20 [TUniServerModule]:Debug Mode = ON
EXPNETLive.exe: 00001424: 10:30:20 [TUniGUISessionManager]:Cache erase job created, Folder count: [1]
EXPNETLive.exe: 00001424: 10:30:20 [TUniServerModule]:Starting HTTP Server on Port: 8077...
EXPNETLive.exe: 00001424: 10:30:20 [TUniServerModule]:HTTP Server Started on Port: 8077
EXPNETLive.exe: 00000F88: 10:30:22 [127.0.0.1]:EUniSessionException : Invalid session or session Timeout. (Session not found: T3FoU2c9LY10AC66DCB ) : Addr: $007C3B12
EXPNETLive.exe: 00001410: 10:33:15 []:>--------------------------------------------------------------<
EXPNETLive.exe: 00001410: 10:33:15 [TUniServerModule]:Server First Init.
EXPNETLive.exe: 00001410: 10:33:15 [TUniServerModule]:Start Path = C:\Users\Dev\Documents\EXPNETWEB\Fonte EXPNET WEB\
EXPNETLive.exe: 00001410: 10:33:15 [TUniServerModule]:Debug Mode = ON
EXPNETLive.exe: 00001410: 10:33:15 [TUniGUISessionManager]:Cache erase job created, Folder count: [1]
EXPNETLive.exe: 00001410: 10:33:16 [TUniServerModule]:Starting HTTP Server on Port: 8077...
EXPNETLive.exe: 00001410: 10:33:16 [TUniServerModule]:HTTP Server Started on Port: 8077
EXPNETLive.exe: 00001C6C: 10:33:24 [127.0.0.1]:EUniSessionException : Invalid session or session Timeout. (Session not found: Dg3Kz9rsmR10AC66E22 ) : Addr: $007C3B12
EXPNETLive.exe: 00000F7C: 10:34:02 [127.0.0.1]:EDatabaseError : FDTable1: Dataset not in edit or insert mode : Addr: $00651542
EXPNETLive.exe: 00001FCC: 10:34:18 [127.0.0.1]:EDatabaseError : FDTable1: Dataset not in edit or insert mode : Addr: $00651542
EXPNETLive.exe: 00002058: 10:47:40 []:>--------------------------------------------------------------<
EXPNETLive.exe: 00002058: 10:47:40 [TUniServerModule]:Server First Init.
EXPNETLive.exe: 00002058: 10:47:40 [TUniServerModule]:Start Path = C:\Users\Dev\Documents\EXPNETWEB\Fonte EXPNET WEB\
EXPNETLive.exe: 00002058: 10:47:40 [TUniServerModule]:Debug Mode = ON
EXPNETLive.exe: 00002058: 10:47:40 [TUniGUISessionManager]:Cache erase job created, Folder count: [1]
EXPNETLive.exe: 00002058: 10:47:40 [TUniServerModule]:Starting HTTP Server on Port: 8077...
EXPNETLive.exe: 00002058: 10:47:40 [TUniServerModule]:HTTP Server Started on Port: 8077
EXPNETLive.exe: 00002670: 10:47:43 [127.0.0.1]:EUniSessionException : Invalid session or session Timeout. (Session not found: OH9FqvQx7D10AC66EF4 ) : Addr: $007C3B12
EXPNETLive.exe: 00001488: 10:48:36 [127.0.0.1]:EDatabaseError : FDTable1: Dataset not in edit or insert mode : Addr: $00651542
EXPNETLive.exe: 00001B24: 10:52:57 []:>--------------------------------------------------------------<
EXPNETLive.exe: 00001B24: 10:52:57 [TUniServerModule]:Server First Init.
EXPNETLive.exe: 00001B24: 10:52:57 [TUniServerModule]:Start Path = C:\Users\Dev\Documents\EXPNETWEB\Fonte EXPNET WEB\
EXPNETLive.exe: 00001B24: 10:52:57 [TUniServerModule]:Debug Mode = ON
EXPNETLive.exe: 00001B24: 10:52:57 [TUniGUISessionManager]:Cache erase job created, Folder count: [1]
EXPNETLive.exe: 00001B24: 10:52:57 [TUniServerModule]:Starting HTTP Server on Port: 8077...
EXPNETLive.exe: 00001B24: 10:52:57 [TUniServerModule]:HTTP Server Started on Port: 8077
EXPNETLive.exe: 00001234: 10:53:06 [127.0.0.1]:EUniSessionException : Invalid session or session Timeout. (Session not found: N6MYEDFVH510AC672D5 ) : Addr: $007C3B12
EXPNETLive.exe: 00001ACC: 10:53:24 [127.0.0.1]:EDatabaseError : FDTable1: Dataset not in edit or insert mode : Addr: $00651542
EXPNETLive.exe: 00001CE0: 10:53:59 []:>--------------------------------------------------------------<
EXPNETLive.exe: 00001CE0: 10:53:59 [TUniServerModule]:Server First Init.
EXPNETLive.exe: 00001CE0: 10:54:00 [TUniServerModule]:Start Path = C:\Users\Dev\Documents\EXPNETWEB\Fonte EXPNET WEB\
EXPNETLive.exe: 00001CE0: 10:54:00 [TUniServerModule]:Debug Mode = ON
EXPNETLive.exe: 00001CE0: 10:54:00 [TUniGUISessionManager]:Cache erase job created, Folder count: [1]
EXPNETLive.exe: 00001CE0: 10:54:00 [TUniServerModule]:Starting HTTP Server on Port: 8077...
EXPNETLive.exe: 00001CE0: 10:54:00 [TUniServerModule]:HTTP Server Started on Port: 8077
EXPNETLive.exe: 00001FD8: 10:54:04 [127.0.0.1]:EUniSessionException : Invalid session or session Timeout. (Session not found: 8DNNQxiqRw10AC6744C ) : Addr: $007C3B12
EXPNETLive.exe: 00001A50: 10:54:26 [127.0.0.1]:EDatabaseError : FDTable1: Dataset not in edit or insert mode : Addr: $00651542
EXPNETLive.exe: 00001460: 10:55:48 []:>--------------------------------------------------------------<
EXPNETLive.exe: 00001460: 10:55:48 [TUniServerModule]:Server First Init.
EXPNETLive.exe: 00001460: 10:55:48 [TUniServerModule]:Start Path = C:\Users\Dev\Documents\EXPNETWEB\Fonte EXPNET WEB\
EXPNETLive.exe: 00001460: 10:55:48 [TUniServerModule]:Debug Mode = ON
EXPNETLive.exe: 00001460: 10:55:48 [TUniGUISessionManager]:Cache erase job created, Folder count: [1]
EXPNETLive.exe: 00001460: 10:55:49 [TUniServerModule]:Starting HTTP Server on Port: 8077...
EXPNETLive.exe: 00001460: 10:55:49 [TUniServerModule]:HTTP Server Started on Port: 8077
EXPNETLive.exe: 00000FCC: 10:55:52 [127.0.0.1]:EUniSessionException : Invalid session or session Timeout. (Session not found: BYNTB5LZS210AC67490 ) : Addr: $007C3B12
EXPNETLive.exe: 00000D3C: 11:06:02 []:>--------------------------------------------------------------<
EXPNETLive.exe: 00000D3C: 11:06:02 [TUniServerModule]:Server First Init.
EXPNETLive.exe: 00000D3C: 11:06:02 [TUniServerModule]:Start Path = C:\Users\Dev\Documents\EXPNETWEB\Fonte EXPNET WEB\
EXPNETLive.exe: 00000D3C: 11:06:02 [TUniServerModule]:Debug Mode = ON
EXPNETLive.exe: 00000D3C: 11:06:02 [TUniGUISessionManager]:Cache erase job created, Folder count: [1]
EXPNETLive.exe: 00000D3C: 11:06:02 [TUniServerModule]:Starting HTTP Server on Port: 8077...
EXPNETLive.exe: 00000D3C: 11:06:02 [TUniServerModule]:HTTP Server Started on Port: 8077
EXPNETLive.exe: 00002318: 11:06:36 []:>--------------------------------------------------------------<
EXPNETLive.exe: 00002318: 11:06:36 [TUniServerModule]:Server First Init.
EXPNETLive.exe: 00002318: 11:06:36 [TUniServerModule]:Start Path = C:\Users\Dev\Documents\EXPNETWEB\Fonte EXPNET WEB\
EXPNETLive.exe: 00002318: 11:06:36 [TUniServerModule]:Debug Mode = ON
EXPNETLive.exe: 00002318: 11:06:36 [TUniServerModule]:Starting HTTP Server on Port: 8077...
EXPNETLive.exe: 00002318: 11:06:36 [TUniServerModule]:HTTP Server Started on Port: 8077
EXPNETLive.exe: 00000A54: 11:06:38 [127.0.0.1]:EUniSessionException : Invalid session or session Timeout. (Session not found: JyvRnXibBF10AC6750C ) : Addr: $007C3B12
EXPNETLive.exe: 00002708: 11:10:52 []:>--------------------------------------------------------------<
EXPNETLive.exe: 00002708: 11:10:52 [TUniServerModule]:Server First Init.
EXPNETLive.exe: 00002708: 11:10:52 [TUniServerModule]:Start Path = C:\Users\Dev\Documents\EXPNETWEB\Fonte EXPNET WEB\
EXPNETLive.exe: 00002708: 11:10:52 [TUniServerModule]:Debug Mode = ON
EXPNETLive.exe: 00002708: 11:10:52 [TUniGUISessionManager]:Cache erase job created, Folder count: [1]
EXPNETLive.exe: 00002708: 11:10:52 [TUniServerModule]:Starting HTTP Server on Port: 8077...
EXPNETLive.exe: 00002708: 11:10:52 [TUniServerModule]:HTTP Server Started on Port: 8077
EXPNETLive.exe: 000007AC: 11:10:55 [127.0.0.1]:EUniSessionException : Invalid session or session Timeout. (Session not found: Dn8O63wSol10AC677F6 ) : Addr: $007C3B12
EXPNETLive.exe: 000025B8: 11:12:30 []:>--------------------------------------------------------------<
EXPNETLive.exe: 000025B8: 11:12:30 [TUniServerModule]:Server First Init.
EXPNETLive.exe: 000025B8: 11:12:30 [TUniServerModule]:Start Path = C:\Users\Dev\Documents\EXPNETWEB\Fonte EXPNET WEB\
EXPNETLive.exe: 000025B8: 11:12:30 [TUniServerModule]:Debug Mode = ON
EXPNETLive.exe: 000025B8: 11:12:30 [TUniGUISessionManager]:Cache erase job created, Folder count: [1]
EXPNETLive.exe: 000025B8: 11:12:30 [TUniServerModule]:Starting HTTP Server on Port: 8077...
EXPNETLive.exe: 000025B8: 11:12:30 [TUniServerModule]:HTTP Server Started on Port: 8077
EXPNETLive.exe: 000010F4: 11:16:25 []:>--------------------------------------------------------------<
EXPNETLive.exe: 000010F4: 11:16:25 [TUniServerModule]:Server First Init.
EXPNETLive.exe: 000010F4: 11:16:26 [TUniServerModule]:Start Path = C:\Users\Dev\Documents\EXPNETWEB\Fonte EXPNET WEB\
EXPNETLive.exe: 000010F4: 11:16:26 [TUniServerModule]:Debug Mode = ON
EXPNETLive.exe: 000010F4: 11:16:26 [TUniGUISessionManager]:Cache erase job created, Folder count: [1]
EXPNETLive.exe: 000010F4: 11:16:26 [TUniServerModule]:Starting HTTP Server on Port: 8077...
EXPNETLive.exe: 000010F4: 11:16:26 [TUniServerModule]:HTTP Server Started on Port: 8077
EXPNETLive.exe: 00000B1C: 11:16:28 [127.0.0.1]:EUniSessionException : Invalid session or session Timeout. (Session not found: e6oeEeYjZt10AC67998 ) : Addr: $007C3B12
EXPNETLive.exe: 000010D8: 11:32:37 []:>--------------------------------------------------------------<
EXPNETLive.exe: 000010D8: 11:32:37 [TUniServerModule]:Server First Init.
EXPNETLive.exe: 000010D8: 11:32:37 [TUniServerModule]:Start Path = C:\Users\Dev\Documents\EXPNETWEB\Fonte EXPNET WEB\
EXPNETLive.exe: 000010D8: 11:32:37 [TUniServerModule]:Debug Mode = ON
EXPNETLive.exe: 000010D8: 11:32:37 [TUniGUISessionManager]:Cache erase job created, Folder count: [1]
EXPNETLive.exe: 000010D8: 11:32:37 [TUniServerModule]:Starting HTTP Server on Port: 8077...
EXPNETLive.exe: 000010D8: 11:32:37 [TUniServerModule]:HTTP Server Started on Port: 8077
EXPNETLive.exe: 00001560: 11:47:23 []:>--------------------------------------------------------------<
EXPNETLive.exe: 00001560: 11:47:23 [TUniServerModule]:Server First Init.
EXPNETLive.exe: 00001560: 11:47:23 [TUniServerModule]:Start Path = C:\Users\Dev\Documents\EXPNETWEB\Fonte EXPNET WEB\
EXPNETLive.exe: 00001560: 11:47:23 [TUniServerModule]:Debug Mode = ON
EXPNETLive.exe: 00001560: 11:47:23 [TUniGUISessionManager]:Cache erase job created, Folder count: [1]
EXPNETLive.exe: 00001560: 11:47:24 [TUniServerModule]:Starting HTTP Server on Port: 8077...
EXPNETLive.exe: 00001560: 11:47:24 [TUniServerModule]:HTTP Server Started on Port: 8077
EXPNETLive.exe: 000024C8: 11:47:24 [127.0.0.1]:EUniSessionException : Invalid session or session Timeout. (Session not found: K2ZvSwuOz110AC681D0 ) : Addr: $007C3B66
