EXPNETLive.exe: 00001DEC: 00:02:34 []:>--------------------------------------------------------------<
EXPNETLive.exe: 00001DEC: 00:02:34 [TUniServerModule]:Server First Init.
EXPNETLive.exe: 00001DEC: 00:02:34 [TUniServerModule]:Start Path = H:\Projetos Delphi Android\iGAT App Provedor\Fontes MK-EXPNET\Fonte EXPNET WEB\EXPNET Live\EXPNETWEB\Fonte EXPNET WEB\
EXPNETLive.exe: 00001DEC: 00:02:34 [TUniServerModule]:Debug Mode = ON
EXPNETLive.exe: 00001DEC: 00:02:34 [TUniGUISessionManager]:Cache erase job created, Folder count: [1]
EXPNETLive.exe: 00001DEC: 00:02:34 [TUniServerModule]:Starting HTTP Server on Port: 8077...
EXPNETLive.exe: 00001DEC: 00:02:34 [TUniServerModule]:HTTP Server Started on Port: 8077
EXPNETLive.exe: 0000146C: 00:02:37 [127.0.0.1]:EUniSessionException : Invalid session or session Timeout. (Session not found: EWM7DXAVQX10ABE20D2 ) : Addr: $00796D6E
EXPNETLive.exe: 00000B54: 00:04:38 []:>--------------------------------------------------------------<
EXPNETLive.exe: 00000B54: 00:04:38 [TUniServerModule]:Server First Init.
EXPNETLive.exe: 00000B54: 00:04:38 [TUniServerModule]:Start Path = H:\Projetos Delphi Android\iGAT App Provedor\Fontes MK-EXPNET\Fonte EXPNET WEB\EXPNET Live\EXPNETWEB\Fonte EXPNET WEB\
EXPNETLive.exe: 00000B54: 00:04:38 [TUniServerModule]:Debug Mode = ON
EXPNETLive.exe: 00000B54: 00:04:38 [TUniGUISessionManager]:Cache erase job created, Folder count: [1]
EXPNETLive.exe: 00000B54: 00:04:38 [TUniServerModule]:Starting HTTP Server on Port: 8077...
EXPNETLive.exe: 00000B54: 00:04:38 [TUniServerModule]:HTTP Server Started on Port: 8077
EXPNETLive.exe: 00003368: 00:04:41 [127.0.0.1]:EUniSessionException : Invalid session or session Timeout. (Session not found: lWfvct7WX110ABE22B7 ) : Addr: $00796D6E
EXPNETLive.exe: 00002FBC: 00:05:41 []:>--------------------------------------------------------------<
EXPNETLive.exe: 00002FBC: 00:05:41 [TUniServerModule]:Server First Init.
EXPNETLive.exe: 00002FBC: 00:05:41 [TUniServerModule]:Start Path = H:\Projetos Delphi Android\iGAT App Provedor\Fontes MK-EXPNET\Fonte EXPNET WEB\EXPNET Live\EXPNETWEB\Fonte EXPNET WEB\
EXPNETLive.exe: 00002FBC: 00:05:41 [TUniServerModule]:Debug Mode = ON
EXPNETLive.exe: 00002FBC: 00:05:41 [TUniGUISessionManager]:Cache erase job created, Folder count: [1]
EXPNETLive.exe: 00002FBC: 00:05:41 [TUniServerModule]:Starting HTTP Server on Port: 8077...
EXPNETLive.exe: 00002FBC: 00:05:41 [TUniServerModule]:HTTP Server Started on Port: 8077
EXPNETLive.exe: 00001084: 00:05:43 [127.0.0.1]:EUniSessionException : Invalid session or session Timeout. (Session not found: pAtXRY4MpT10ABE2345 ) : Addr: $00796D6E
EXPNETLive.exe: 00002DC0: 00:09:11 []:>--------------------------------------------------------------<
EXPNETLive.exe: 00002DC0: 00:09:11 [TUniServerModule]:Server First Init.
EXPNETLive.exe: 00002DC0: 00:09:11 [TUniServerModule]:Start Path = H:\Projetos Delphi Android\iGAT App Provedor\Fontes MK-EXPNET\Fonte EXPNET WEB\EXPNET Live\EXPNETWEB\Fonte EXPNET WEB\
EXPNETLive.exe: 00002DC0: 00:09:11 [TUniServerModule]:Debug Mode = ON
EXPNETLive.exe: 00002DC0: 00:09:11 [TUniGUISessionManager]:Cache erase job created, Folder count: [2]
EXPNETLive.exe: 00002DC0: 00:09:11 [TUniServerModule]:Starting HTTP Server on Port: 8077...
EXPNETLive.exe: 00002DC0: 00:09:11 [TUniServerModule]:HTTP Server Started on Port: 8077
EXPNETLive.exe: 0000273C: 00:09:13 [127.0.0.1]:EUniSessionException : Invalid session or session Timeout. (Session not found: kW8VrVezTJ10ABE239B ) : Addr: $00796D6E
EXPNETLive.exe: 00002BEC: 00:10:09 []:>--------------------------------------------------------------<
EXPNETLive.exe: 00002BEC: 00:10:09 [TUniServerModule]:Server First Init.
EXPNETLive.exe: 00002BEC: 00:10:09 [TUniServerModule]:Start Path = H:\Projetos Delphi Android\iGAT App Provedor\Fontes MK-EXPNET\Fonte EXPNET WEB\EXPNET Live\EXPNETWEB\Fonte EXPNET WEB\
EXPNETLive.exe: 00002BEC: 00:10:09 [TUniServerModule]:Debug Mode = ON
EXPNETLive.exe: 00002BEC: 00:10:09 [TUniGUISessionManager]:Cache erase job created, Folder count: [1]
EXPNETLive.exe: 00002BEC: 00:10:09 [TUniServerModule]:Starting HTTP Server on Port: 8077...
EXPNETLive.exe: 00002BEC: 00:10:09 [TUniServerModule]:HTTP Server Started on Port: 8077
EXPNETLive.exe: 00002738: 00:10:11 [127.0.0.1]:EUniSessionException : Invalid session or session Timeout. (Session not found: mzULuMgw1D10ABE2480 ) : Addr: $00796D6E
EXPNETLive.exe: 000007E8: 00:11:55 []:>--------------------------------------------------------------<
EXPNETLive.exe: 000007E8: 00:11:55 [TUniServerModule]:Server First Init.
EXPNETLive.exe: 000007E8: 00:11:55 [TUniServerModule]:Start Path = H:\Projetos Delphi Android\iGAT App Provedor\Fontes MK-EXPNET\Fonte EXPNET WEB\EXPNET Live\EXPNETWEB\Fonte EXPNET WEB\
EXPNETLive.exe: 000007E8: 00:11:55 [TUniServerModule]:Debug Mode = ON
EXPNETLive.exe: 000007E8: 00:11:55 [TUniGUISessionManager]:Cache erase job created, Folder count: [1]
EXPNETLive.exe: 000007E8: 00:11:55 [TUniServerModule]:Starting HTTP Server on Port: 8077...
EXPNETLive.exe: 000007E8: 00:11:55 [TUniServerModule]:HTTP Server Started on Port: 8077
EXPNETLive.exe: 00003248: 00:11:56 [127.0.0.1]:EUniSessionException : Invalid session or session Timeout. (Session not found: Gdvpzj91im10ABE24C4 ) : Addr: $00796D6E
EXPNETLive.exe: 00002A68: 01:14:03 []:>--------------------------------------------------------------<
EXPNETLive.exe: 00002A68: 01:14:03 [TUniServerModule]:Server First Init.
EXPNETLive.exe: 00002A68: 01:14:03 [TUniServerModule]:Start Path = H:\Projetos Delphi Android\iGAT App Provedor\Fontes MK-EXPNET\Fonte EXPNET WEB\EXPNET Live\EXPNETWEB\Fonte EXPNET WEB\
EXPNETLive.exe: 00002A68: 01:14:03 [TUniServerModule]:Debug Mode = ON
EXPNETLive.exe: 00002A68: 01:14:03 [TUniGUISessionManager]:Cache erase job created, Folder count: [1]
EXPNETLive.exe: 00002A68: 01:14:03 [TUniServerModule]:Starting HTTP Server on Port: 8077...
EXPNETLive.exe: 00002A68: 01:14:03 [TUniServerModule]:HTTP Server Started on Port: 8077
EXPNETLive.exe: 00002BC4: 01:14:09 [127.0.0.1]:EUniSessionException : Invalid session or session Timeout. (Session not found: Vj37FBb1XA10ABE253E ) : Addr: $00796D6E
EXPNETLive.exe: 0000082C: 01:15:56 []:>--------------------------------------------------------------<
EXPNETLive.exe: 0000082C: 01:15:56 [TUniServerModule]:Server First Init.
EXPNETLive.exe: 0000082C: 01:15:56 [TUniServerModule]:Start Path = H:\Projetos Delphi Android\iGAT App Provedor\Fontes MK-EXPNET\Fonte EXPNET WEB\EXPNET Live\EXPNETWEB\Fonte EXPNET WEB\
EXPNETLive.exe: 0000082C: 01:15:56 [TUniServerModule]:Debug Mode = ON
EXPNETLive.exe: 0000082C: 01:15:56 [TUniGUISessionManager]:Cache erase job created, Folder count: [1]
EXPNETLive.exe: 0000082C: 01:15:56 [TUniServerModule]:Starting HTTP Server on Port: 8077...
EXPNETLive.exe: 0000082C: 01:15:56 [TUniServerModule]:HTTP Server Started on Port: 8077
EXPNETLive.exe: 00001B94: 01:16:00 [127.0.0.1]:EUniSessionException : Invalid session or session Timeout. (Session not found: 5MWqh8EAyq10ABE361E ) : Addr: $00796D6E
EXPNETLive.exe: 0000121C: 01:30:21 []:>--------------------------------------------------------------<
EXPNETLive.exe: 0000121C: 01:30:21 [TUniServerModule]:Server First Init.
EXPNETLive.exe: 0000121C: 01:30:21 [TUniServerModule]:Start Path = H:\Projetos Delphi Android\iGAT App Provedor\Fontes MK-EXPNET\Fonte EXPNET WEB\EXPNET Live\EXPNETWEB\Fonte EXPNET WEB\
EXPNETLive.exe: 0000121C: 01:30:21 [TUniServerModule]:Debug Mode = ON
EXPNETLive.exe: 0000121C: 01:30:21 [TUniGUISessionManager]:Cache erase job created, Folder count: [1]
EXPNETLive.exe: 0000121C: 01:30:21 [TUniServerModule]:Starting HTTP Server on Port: 8077...
EXPNETLive.exe: 0000121C: 01:30:21 [TUniServerModule]:HTTP Server Started on Port: 8077
EXPNETLive.exe: 00002E48: 01:31:24 [127.0.0.1]:EUniSessionException : Invalid session or session Timeout. (Session not found: LKyaNf6haw10ABE369F ) : Addr: $00796D6E
EXPNETLive.exe: 0000219C: 01:39:51 []:>--------------------------------------------------------------<
EXPNETLive.exe: 0000219C: 01:39:51 [TUniServerModule]:Server First Init.
EXPNETLive.exe: 0000219C: 01:39:51 [TUniServerModule]:Start Path = H:\Projetos Delphi Android\iGAT App Provedor\Fontes MK-EXPNET\Fonte EXPNET WEB\EXPNET Live\EXPNETWEB\Fonte EXPNET WEB\
EXPNETLive.exe: 0000219C: 01:39:51 [TUniServerModule]:Debug Mode = ON
EXPNETLive.exe: 0000219C: 01:39:51 [TUniGUISessionManager]:Cache erase job created, Folder count: [1]
EXPNETLive.exe: 0000219C: 01:39:51 [TUniServerModule]:Starting HTTP Server on Port: 8077...
EXPNETLive.exe: 0000219C: 01:39:51 [TUniServerModule]:HTTP Server Started on Port: 8077
EXPNETLive.exe: 00001CB0: 01:39:56 [127.0.0.1]:EUniSessionException : Invalid session or session Timeout. (Session not found: NzfNRuhKrP10ABE3ACC ) : Addr: $00796D6E
EXPNETLive.exe: 00002554: 01:42:54 []:>--------------------------------------------------------------<
EXPNETLive.exe: 00002554: 01:42:54 [TUniServerModule]:Server First Init.
EXPNETLive.exe: 00002554: 01:42:54 [TUniServerModule]:Start Path = H:\Projetos Delphi Android\iGAT App Provedor\Fontes MK-EXPNET\Fonte EXPNET WEB\EXPNET Live\EXPNETWEB\Fonte EXPNET WEB\
EXPNETLive.exe: 00002554: 01:42:54 [TUniServerModule]:Debug Mode = ON
EXPNETLive.exe: 00002554: 01:42:54 [TUniGUISessionManager]:Cache erase job created, Folder count: [1]
EXPNETLive.exe: 00002554: 01:42:54 [TUniServerModule]:Starting HTTP Server on Port: 8077...
EXPNETLive.exe: 00002554: 01:42:54 [TUniServerModule]:HTTP Server Started on Port: 8077
EXPNETLive.exe: 000028E0: 01:42:58 [127.0.0.1]:EUniSessionException : Invalid session or session Timeout. (Session not found: 6ZXA43UwRv10ABE3D1C ) : Addr: $00796D6E
EXPNETLive.exe: 00002178: 01:45:23 []:>--------------------------------------------------------------<
EXPNETLive.exe: 00002178: 01:45:23 [TUniServerModule]:Server First Init.
EXPNETLive.exe: 00002178: 01:45:23 [TUniServerModule]:Start Path = H:\Projetos Delphi Android\iGAT App Provedor\Fontes MK-EXPNET\Fonte EXPNET WEB\EXPNET Live\EXPNETWEB\Fonte EXPNET WEB\
EXPNETLive.exe: 00002178: 01:45:23 [TUniServerModule]:Debug Mode = ON
EXPNETLive.exe: 00002178: 01:45:23 [TUniGUISessionManager]:Cache erase job created, Folder count: [1]
EXPNETLive.exe: 00002178: 01:45:23 [TUniServerModule]:Starting HTTP Server on Port: 8077...
EXPNETLive.exe: 00002178: 01:45:23 [TUniServerModule]:HTTP Server Started on Port: 8077
EXPNETLive.exe: 00002198: 01:45:25 [127.0.0.1]:EUniSessionException : Invalid session or session Timeout. (Session not found: BYlvvvmobV10ABE3DEF ) : Addr: $00796D6E
EXPNETLive.exe: 00002018: 01:48:14 []:>--------------------------------------------------------------<
EXPNETLive.exe: 00002018: 01:48:14 [TUniServerModule]:Server First Init.
EXPNETLive.exe: 00002018: 01:48:14 [TUniServerModule]:Start Path = H:\Projetos Delphi Android\iGAT App Provedor\Fontes MK-EXPNET\Fonte EXPNET WEB\EXPNET Live\EXPNETWEB\Fonte EXPNET WEB\
EXPNETLive.exe: 00002018: 01:48:14 [TUniServerModule]:Debug Mode = ON
EXPNETLive.exe: 00002018: 01:48:14 [TUniGUISessionManager]:Cache erase job created, Folder count: [1]
EXPNETLive.exe: 00002018: 01:48:14 [TUniServerModule]:Starting HTTP Server on Port: 8077...
EXPNETLive.exe: 00002018: 01:48:14 [TUniServerModule]:HTTP Server Started on Port: 8077
EXPNETLive.exe: 00000900: 01:48:16 [127.0.0.1]:EUniSessionException : Invalid session or session Timeout. (Session not found: gNpCxMiWDC10ABE3E99 ) : Addr: $00796D6E
EXPNETLive.exe: 00002A48: 01:50:23 []:>--------------------------------------------------------------<
EXPNETLive.exe: 00002A48: 01:50:23 [TUniServerModule]:Server First Init.
EXPNETLive.exe: 00002A48: 01:50:23 [TUniServerModule]:Start Path = H:\Projetos Delphi Android\iGAT App Provedor\Fontes MK-EXPNET\Fonte EXPNET WEB\EXPNET Live\EXPNETWEB\Fonte EXPNET WEB\
EXPNETLive.exe: 00002A48: 01:50:23 [TUniServerModule]:Debug Mode = ON
EXPNETLive.exe: 00002A48: 01:50:24 [TUniGUISessionManager]:Cache erase job created, Folder count: [1]
EXPNETLive.exe: 00002A48: 01:50:24 [TUniServerModule]:Starting HTTP Server on Port: 8077...
EXPNETLive.exe: 00002A48: 01:50:24 [TUniServerModule]:HTTP Server Started on Port: 8077
EXPNETLive.exe: 00001474: 01:50:26 [127.0.0.1]:EUniSessionException : Invalid session or session Timeout. (Session not found: UnqvVXXYYc10ABE3F5F ) : Addr: $00796D6E
EXPNETLive.exe: 00000BEC: 01:51:43 []:>--------------------------------------------------------------<
EXPNETLive.exe: 00000BEC: 01:51:43 [TUniServerModule]:Server First Init.
EXPNETLive.exe: 00000BEC: 01:51:43 [TUniServerModule]:Start Path = H:\Projetos Delphi Android\iGAT App Provedor\Fontes MK-EXPNET\Fonte EXPNET WEB\EXPNET Live\EXPNETWEB\Fonte EXPNET WEB\
EXPNETLive.exe: 00000BEC: 01:51:43 [TUniServerModule]:Debug Mode = ON
EXPNETLive.exe: 00000BEC: 01:51:43 [TUniGUISessionManager]:Cache erase job created, Folder count: [1]
EXPNETLive.exe: 00000BEC: 01:51:43 [TUniServerModule]:Starting HTTP Server on Port: 8077...
EXPNETLive.exe: 00000BEC: 01:51:43 [TUniServerModule]:HTTP Server Started on Port: 8077
EXPNETLive.exe: 000020B0: 01:51:44 [127.0.0.1]:EUniSessionException : Invalid session or session Timeout. (Session not found: kYSaHKPwEW10ABE3FF5 ) : Addr: $00796D6E
EXPNETLive.exe: 000014C4: 01:52:55 []:>--------------------------------------------------------------<
EXPNETLive.exe: 000014C4: 01:52:55 [TUniServerModule]:Server First Init.
EXPNETLive.exe: 000014C4: 01:52:55 [TUniServerModule]:Start Path = H:\Projetos Delphi Android\iGAT App Provedor\Fontes MK-EXPNET\Fonte EXPNET WEB\EXPNET Live\EXPNETWEB\Fonte EXPNET WEB\
EXPNETLive.exe: 000014C4: 01:52:55 [TUniServerModule]:Debug Mode = ON
EXPNETLive.exe: 000014C4: 01:52:55 [TUniGUISessionManager]:Cache erase job created, Folder count: [1]
EXPNETLive.exe: 000014C4: 01:52:55 [TUniServerModule]:Starting HTTP Server on Port: 8077...
EXPNETLive.exe: 000014C4: 01:52:55 [TUniServerModule]:HTTP Server Started on Port: 8077
EXPNETLive.exe: 00002F68: 01:52:56 [127.0.0.1]:EUniSessionException : Invalid session or session Timeout. (Session not found: pTo1rKPt8410ABE4050 ) : Addr: $00796D6E
EXPNETLive.exe: 00000E28: 01:53:29 []:>--------------------------------------------------------------<
EXPNETLive.exe: 00000E28: 01:53:29 [TUniServerModule]:Server First Init.
EXPNETLive.exe: 00000E28: 01:53:29 [TUniServerModule]:Start Path = H:\Projetos Delphi Android\iGAT App Provedor\Fontes MK-EXPNET\Fonte EXPNET WEB\EXPNET Live\EXPNETWEB\Fonte EXPNET WEB\
EXPNETLive.exe: 00000E28: 01:53:29 [TUniServerModule]:Debug Mode = ON
EXPNETLive.exe: 00000E28: 01:53:29 [TUniGUISessionManager]:Cache erase job created, Folder count: [1]
EXPNETLive.exe: 00000E28: 01:53:29 [TUniServerModule]:Starting HTTP Server on Port: 8077...
EXPNETLive.exe: 00000E28: 01:53:29 [TUniServerModule]:HTTP Server Started on Port: 8077
EXPNETLive.exe: 000003DC: 01:53:32 [127.0.0.1]:EUniSessionException : Invalid session or session Timeout. (Session not found: RUdKtWcjKw10ABE40A4 ) : Addr: $00796D6E
EXPNETLive.exe: 00003348: 01:54:01 []:>--------------------------------------------------------------<
EXPNETLive.exe: 00003348: 01:54:01 [TUniServerModule]:Server First Init.
EXPNETLive.exe: 00003348: 01:54:01 [TUniServerModule]:Start Path = H:\Projetos Delphi Android\iGAT App Provedor\Fontes MK-EXPNET\Fonte EXPNET WEB\EXPNET Live\EXPNETWEB\Fonte EXPNET WEB\
EXPNETLive.exe: 00003348: 01:54:01 [TUniServerModule]:Debug Mode = ON
EXPNETLive.exe: 00003348: 01:54:01 [TUniGUISessionManager]:Cache erase job created, Folder count: [1]
EXPNETLive.exe: 00003348: 01:54:01 [TUniServerModule]:Starting HTTP Server on Port: 8077...
EXPNETLive.exe: 00003348: 01:54:01 [TUniServerModule]:HTTP Server Started on Port: 8077
EXPNETLive.exe: 00002FD8: 01:54:03 [127.0.0.1]:EUniSessionException : Invalid session or session Timeout. (Session not found: D7qiHAJ6Tu10ABE40CD ) : Addr: $00796D6E
EXPNETLive.exe: 0000095C: 01:54:39 []:>--------------------------------------------------------------<
EXPNETLive.exe: 0000095C: 01:54:39 [TUniServerModule]:Server First Init.
EXPNETLive.exe: 0000095C: 01:54:39 [TUniServerModule]:Start Path = H:\Projetos Delphi Android\iGAT App Provedor\Fontes MK-EXPNET\Fonte EXPNET WEB\EXPNET Live\EXPNETWEB\Fonte EXPNET WEB\
EXPNETLive.exe: 0000095C: 01:54:39 [TUniServerModule]:Debug Mode = ON
EXPNETLive.exe: 0000095C: 01:54:39 [TUniGUISessionManager]:Cache erase job created, Folder count: [1]
EXPNETLive.exe: 0000095C: 01:54:39 [TUniServerModule]:Starting HTTP Server on Port: 8077...
EXPNETLive.exe: 0000095C: 01:54:39 [TUniServerModule]:HTTP Server Started on Port: 8077
EXPNETLive.exe: 00002198: 01:54:41 [127.0.0.1]:EUniSessionException : Invalid session or session Timeout. (Session not found: j9WOQRvEbk10ABE40F0 ) : Addr: $00796D6E
EXPNETLive.exe: 000003AC: 02:02:08 []:>--------------------------------------------------------------<
EXPNETLive.exe: 000003AC: 02:02:08 [TUniServerModule]:Server First Init.
EXPNETLive.exe: 000003AC: 02:02:08 [TUniServerModule]:Start Path = H:\Projetos Delphi Android\iGAT App Provedor\Fontes MK-EXPNET\Fonte EXPNET WEB\EXPNET Live\EXPNETWEB\Fonte EXPNET WEB\
EXPNETLive.exe: 000003AC: 02:02:08 [TUniServerModule]:Debug Mode = ON
EXPNETLive.exe: 000003AC: 02:02:08 [TUniGUISessionManager]:Cache erase job created, Folder count: [1]
EXPNETLive.exe: 000003AC: 02:02:08 [TUniServerModule]:Starting HTTP Server on Port: 8077...
EXPNETLive.exe: 000003AC: 02:02:08 [TUniServerModule]:HTTP Server Started on Port: 8077
EXPNETLive.exe: 00002FDC: 02:02:09 [127.0.0.1]:EUniSessionException : Invalid session or session Timeout. (Session not found: 3XFNyt6uBC10ABE4180 ) : Addr: $00796D6E
EXPNETLive.exe: 00001918: 02:04:33 []:>--------------------------------------------------------------<
EXPNETLive.exe: 00001918: 02:04:33 [TUniServerModule]:Server First Init.
EXPNETLive.exe: 00001918: 02:04:33 [TUniServerModule]:Start Path = H:\Projetos Delphi Android\iGAT App Provedor\Fontes MK-EXPNET\Fonte EXPNET WEB\EXPNET Live\EXPNETWEB\Fonte EXPNET WEB\
EXPNETLive.exe: 00001918: 02:04:33 [TUniServerModule]:Debug Mode = ON
EXPNETLive.exe: 00001918: 02:04:33 [TUniGUISessionManager]:Cache erase job created, Folder count: [1]
EXPNETLive.exe: 00001918: 02:04:33 [TUniServerModule]:Starting HTTP Server on Port: 8077...
EXPNETLive.exe: 00001918: 02:04:33 [TUniServerModule]:HTTP Server Started on Port: 8077
EXPNETLive.exe: 00000BAC: 02:04:34 [127.0.0.1]:EUniSessionException : Invalid session or session Timeout. (Session not found: VxacSGU6mb10ABE4323 ) : Addr: $00796D6E
EXPNETLive.exe: 00000328: 02:05:54 []:>--------------------------------------------------------------<
EXPNETLive.exe: 00000328: 02:05:54 [TUniServerModule]:Server First Init.
EXPNETLive.exe: 00000328: 02:05:54 [TUniServerModule]:Start Path = H:\Projetos Delphi Android\iGAT App Provedor\Fontes MK-EXPNET\Fonte EXPNET WEB\EXPNET Live\EXPNETWEB\Fonte EXPNET WEB\
EXPNETLive.exe: 00000328: 02:05:54 [TUniServerModule]:Debug Mode = ON
EXPNETLive.exe: 00000328: 02:05:54 [TUniGUISessionManager]:Cache erase job created, Folder count: [1]
EXPNETLive.exe: 00000328: 02:05:54 [TUniServerModule]:Starting HTTP Server on Port: 8077...
EXPNETLive.exe: 00000328: 02:05:54 [TUniServerModule]:HTTP Server Started on Port: 8077
EXPNETLive.exe: 00001314: 02:05:55 [127.0.0.1]:EUniSessionException : Invalid session or session Timeout. (Session not found: aySXP176IM10ABE43CB ) : Addr: $00796D6E
EXPNETLive.exe: 00000408: 02:10:17 []:>--------------------------------------------------------------<
EXPNETLive.exe: 00000408: 02:10:17 [TUniServerModule]:Server First Init.
EXPNETLive.exe: 00000408: 02:10:17 [TUniServerModule]:Start Path = H:\Projetos Delphi Android\iGAT App Provedor\Fontes MK-EXPNET\Fonte EXPNET WEB\EXPNET Live\EXPNETWEB\Fonte EXPNET WEB\
EXPNETLive.exe: 00000408: 02:10:17 [TUniServerModule]:Debug Mode = ON
EXPNETLive.exe: 00000408: 02:10:17 [TUniGUISessionManager]:Cache erase job created, Folder count: [1]
EXPNETLive.exe: 00000408: 02:10:17 [TUniServerModule]:Starting HTTP Server on Port: 8077...
EXPNETLive.exe: 00000408: 02:10:17 [TUniServerModule]:HTTP Server Started on Port: 8077
EXPNETLive.exe: 00001954: 02:10:20 [127.0.0.1]:EUniSessionException : Invalid session or session Timeout. (Session not found: caSB81syf410ABE4428 ) : Addr: $00796D6E
EXPNETLive.exe: 00002C40: 02:10:35 [127.0.0.1]:EAccessViolation : Access violation at address 005D3D77 in module 'EXPNETLive.exe'. Read of address 0000001C : Addr: $005D3D77
EXPNETLive.exe: 000030CC: 02:11:46 []:>--------------------------------------------------------------<
EXPNETLive.exe: 000030CC: 02:11:46 [TUniServerModule]:Server First Init.
EXPNETLive.exe: 000030CC: 02:11:46 [TUniServerModule]:Start Path = H:\Projetos Delphi Android\iGAT App Provedor\Fontes MK-EXPNET\Fonte EXPNET WEB\EXPNET Live\EXPNETWEB\Fonte EXPNET WEB\
EXPNETLive.exe: 000030CC: 02:11:46 [TUniServerModule]:Debug Mode = ON
EXPNETLive.exe: 000030CC: 02:11:46 [TUniGUISessionManager]:Cache erase job created, Folder count: [1]
EXPNETLive.exe: 000030CC: 02:11:46 [TUniServerModule]:Starting HTTP Server on Port: 8077...
EXPNETLive.exe: 000030CC: 02:11:46 [TUniServerModule]:HTTP Server Started on Port: 8077
EXPNETLive.exe: 00002FDC: 02:11:48 [127.0.0.1]:EUniSessionException : Invalid session or session Timeout. (Session not found: a9ASocsGlB10ABE455B ) : Addr: $00796D6E
EXPNETLive.exe: 00002484: 02:11:57 [Access violation at address 00859644 in module 'EXPNETLive.exe'. Read of address 00000000-127.0.0.1]:EAccessViolation : Access violation at address 00859644 in module 'EXPNETLive.exe'. Read of address 00000000 : Addr: $00859644
EXPNETLive.exe: 00002B44: 02:12:11 []:>--------------------------------------------------------------<
EXPNETLive.exe: 00002B44: 02:12:11 [TUniServerModule]:Server First Init.
EXPNETLive.exe: 00002B44: 02:12:11 [TUniServerModule]:Start Path = H:\Projetos Delphi Android\iGAT App Provedor\Fontes MK-EXPNET\Fonte EXPNET WEB\EXPNET Live\EXPNETWEB\Fonte EXPNET WEB\
EXPNETLive.exe: 00002B44: 02:12:11 [TUniServerModule]:Debug Mode = ON
EXPNETLive.exe: 00002B44: 02:12:11 [TUniGUISessionManager]:Cache erase job created, Folder count: [1]
EXPNETLive.exe: 00002B44: 02:12:11 [TUniServerModule]:Starting HTTP Server on Port: 8077...
EXPNETLive.exe: 00002B44: 02:12:11 [TUniServerModule]:HTTP Server Started on Port: 8077
EXPNETLive.exe: 0000216C: 02:12:13 [127.0.0.1]:EUniSessionException : Invalid session or session Timeout. (Session not found: MGV2yNFjk210ABE45C1 ) : Addr: $00796D6E
EXPNETLive.exe: 00002CC0: 02:12:22 [Access violation at address 00859644 in module 'EXPNETLive.exe'. Read of address 00000000-127.0.0.1]:EAccessViolation : Access violation at address 00859644 in module 'EXPNETLive.exe'. Read of address 00000000 : Addr: $00859644
EXPNETLive.exe: 00003234: 02:12:32 []:>--------------------------------------------------------------<
EXPNETLive.exe: 00003234: 02:12:32 [TUniServerModule]:Server First Init.
EXPNETLive.exe: 00003234: 02:12:32 [TUniServerModule]:Start Path = H:\Projetos Delphi Android\iGAT App Provedor\Fontes MK-EXPNET\Fonte EXPNET WEB\EXPNET Live\EXPNETWEB\Fonte EXPNET WEB\
EXPNETLive.exe: 00003234: 02:12:32 [TUniGUISessionManager]:Cache erase job created, Folder count: [1]
EXPNETLive.exe: 00003234: 02:12:32 [TUniServerModule]:Starting HTTP Server on Port: 8077...
EXPNETLive.exe: 00003234: 02:12:32 [TUniServerModule]:HTTP Server Started on Port: 8077
EXPNETLive.exe: 000022EC: 02:12:34 [127.0.0.1]:EUniSessionException : Invalid session or session Timeout. (Session not found: e3TEDnWeQi10ABE45DE ) : Addr: $00796D6E
EXPNETLive.exe: 00001A14: 02:12:40 [Access violation at address 00859644 in module 'EXPNETLive.exe'. Read of address 00000000-127.0.0.1]:EAccessViolation : Access violation at address 00859644 in module 'EXPNETLive.exe'. Read of address 00000000 : Addr: $00859644
EXPNETLive.exe: 00003234: 02:12:51 [TUniServerModule]:Shutting Down Server.
EXPNETLive.exe: 00003234: 02:12:51 [TUniServerModule]:Stopping HTTP Server.
EXPNETLive.exe: 00003234: 02:12:52 [TUniServerModule]:HTTP Server Stopped.
EXPNETLive.exe: 00003234: 02:12:52 [TUniGUISessionManager]:Terminating Session manager.
EXPNETLive.exe: 00003234: 02:12:52 [TUniGUISessionManager]:Stopping Cache Eraser...
EXPNETLive.exe: 00003234: 02:12:52 [TUniGUISessionManager]:Cache Eraser Stopped.
EXPNETLive.exe: 00003234: 02:12:53 [TUniGUISessionManager]:Destroying Worker Threads.
EXPNETLive.exe: 00003234: 02:12:53 [TUniGUISessionManager]:Session manager terminated.
EXPNETLive.exe: 00003234: 02:12:53 [TUniServerModule]:Server Shutdown Completed.
EXPNETLive.exe: 00003234: 02:12:53 []:<-------------------------------------------------------------->
EXPNETLive.exe: 00003234: 02:12:53 [Terminated]:Exit Code: 0
EXPNETLive.exe: 00000DE8: 02:13:24 []:>--------------------------------------------------------------<
EXPNETLive.exe: 00000DE8: 02:13:24 [TUniServerModule]:Server First Init.
EXPNETLive.exe: 00000DE8: 02:13:24 [TUniServerModule]:Start Path = H:\Projetos Delphi Android\iGAT App Provedor\Fontes MK-EXPNET\Fonte EXPNET WEB\EXPNET Live\EXPNETWEB\Fonte EXPNET WEB\
EXPNETLive.exe: 00000DE8: 02:13:24 [TUniServerModule]:Debug Mode = ON
EXPNETLive.exe: 00000DE8: 02:13:24 [TUniGUISessionManager]:Cache erase job created, Folder count: [1]
EXPNETLive.exe: 00000DE8: 02:13:25 [TUniServerModule]:Starting HTTP Server on Port: 8077...
EXPNETLive.exe: 00000DE8: 02:13:25 [TUniServerModule]:HTTP Server Started on Port: 8077
EXPNETLive.exe: 0000334C: 02:13:27 [127.0.0.1]:EUniSessionException : Invalid session or session Timeout. (Session not found: mFQ86S1sZM10ABE45F6 ) : Addr: $00796D6E
EXPNETLive.exe: 00002C40: 02:14:03 []:>--------------------------------------------------------------<
EXPNETLive.exe: 00002C40: 02:14:03 [TUniServerModule]:Server First Init.
EXPNETLive.exe: 00002C40: 02:14:03 [TUniServerModule]:Start Path = H:\Projetos Delphi Android\iGAT App Provedor\Fontes MK-EXPNET\Fonte EXPNET WEB\EXPNET Live\EXPNETWEB\Fonte EXPNET WEB\
EXPNETLive.exe: 00002C40: 02:14:03 [TUniServerModule]:Debug Mode = ON
EXPNETLive.exe: 00002C40: 02:14:03 [TUniGUISessionManager]:Cache erase job created, Folder count: [1]
EXPNETLive.exe: 00002C40: 02:14:03 [TUniServerModule]:Starting HTTP Server on Port: 8077...
EXPNETLive.exe: 00002C40: 02:14:03 [TUniServerModule]:HTTP Server Started on Port: 8077
EXPNETLive.exe: 000012EC: 02:14:03 [127.0.0.1]:EUniSessionException : Invalid session or session Timeout. (Session not found: bdcPkwINGe10ABE4634 ) : Addr: $00796D6E
EXPNETLive.exe: 00000988: 02:14:14 [Access violation at address 00859644 in module 'EXPNETLive.exe'. Read of address 00000000-127.0.0.1]:EAccessViolation : Access violation at address 00859644 in module 'EXPNETLive.exe'. Read of address 00000000 : Addr: $00859644
EXPNETLive.exe: 00003194: 02:15:51 []:>--------------------------------------------------------------<
EXPNETLive.exe: 00003194: 02:15:51 [TUniServerModule]:Server First Init.
EXPNETLive.exe: 00003194: 02:15:51 [TUniServerModule]:Start Path = H:\Projetos Delphi Android\iGAT App Provedor\Fontes MK-EXPNET\Fonte EXPNET WEB\EXPNET Live\EXPNETWEB\Fonte EXPNET WEB\
EXPNETLive.exe: 00003194: 02:15:51 [TUniServerModule]:Debug Mode = ON
EXPNETLive.exe: 00003194: 02:15:51 [TUniGUISessionManager]:Cache erase job created, Folder count: [1]
EXPNETLive.exe: 00003194: 02:15:51 [TUniServerModule]:Starting HTTP Server on Port: 8077...
EXPNETLive.exe: 00003194: 02:15:51 [TUniServerModule]:HTTP Server Started on Port: 8077
EXPNETLive.exe: 000032C0: 02:15:52 [127.0.0.1]:EUniSessionException : Invalid session or session Timeout. (Session not found: VSp3rxuz5Q10ABE4660 ) : Addr: $00796D6E
EXPNETLive.exe: 0000283C: 02:15:52 [127.0.0.1]:EUniSessionException : Invalid session or session Timeout. (Session not found: VSp3rxuz5Q10ABE4660 ) : Addr: $00796D6E
EXPNETLive.exe: 000030BC: 02:15:52 [127.0.0.1]:EUniSessionException : Invalid session or session Timeout. (Session not found: VSp3rxuz5Q10ABE4660 ) : Addr: $00796D6E
EXPNETLive.exe: 00000D14: 02:16:56 []:>--------------------------------------------------------------<
EXPNETLive.exe: 00000D14: 02:16:56 [TUniServerModule]:Server First Init.
EXPNETLive.exe: 00000D14: 02:16:56 [TUniServerModule]:Start Path = H:\Projetos Delphi Android\iGAT App Provedor\Fontes MK-EXPNET\Fonte EXPNET WEB\EXPNET Live\EXPNETWEB\Fonte EXPNET WEB\
EXPNETLive.exe: 00000D14: 02:16:56 [TUniServerModule]:Debug Mode = ON
EXPNETLive.exe: 00000D14: 02:16:56 [TUniGUISessionManager]:Cache erase job created, Folder count: [1]
EXPNETLive.exe: 00000D14: 02:16:56 [TUniServerModule]:Starting HTTP Server on Port: 8077...
EXPNETLive.exe: 00000D14: 02:16:56 [TUniServerModule]:HTTP Server Started on Port: 8077
EXPNETLive.exe: 000033D8: 02:16:58 [127.0.0.1]:EUniSessionException : Invalid session or session Timeout. (Session not found: jlSdUmr9xs10ABE46DD ) : Addr: $00796D6E
EXPNETLive.exe: 00003314: 02:17:33 []:>--------------------------------------------------------------<
EXPNETLive.exe: 00003314: 02:17:33 [TUniServerModule]:Server First Init.
EXPNETLive.exe: 00003314: 02:17:33 [TUniServerModule]:Start Path = H:\Projetos Delphi Android\iGAT App Provedor\Fontes MK-EXPNET\Fonte EXPNET WEB\EXPNET Live\EXPNETWEB\Fonte EXPNET WEB\
EXPNETLive.exe: 00003314: 02:17:33 [TUniServerModule]:Debug Mode = ON
EXPNETLive.exe: 00003314: 02:17:33 [TUniGUISessionManager]:Cache erase job created, Folder count: [1]
EXPNETLive.exe: 00003314: 02:17:33 [TUniServerModule]:Starting HTTP Server on Port: 8077...
EXPNETLive.exe: 00003314: 02:17:33 [TUniServerModule]:HTTP Server Started on Port: 8077
EXPNETLive.exe: 00001F10: 02:17:37 [127.0.0.1]:EUniSessionException : Invalid session or session Timeout. (Session not found: X2YVOt9ROs10ABE4728 ) : Addr: $00796D6E
EXPNETLive.exe: 000027AC: 02:19:24 []:>--------------------------------------------------------------<
EXPNETLive.exe: 000027AC: 02:19:24 [TUniServerModule]:Server First Init.
EXPNETLive.exe: 000027AC: 02:19:24 [TUniServerModule]:Start Path = H:\Projetos Delphi Android\iGAT App Provedor\Fontes MK-EXPNET\Fonte EXPNET WEB\EXPNET Live\EXPNETWEB\Fonte EXPNET WEB\
EXPNETLive.exe: 000027AC: 02:19:24 [TUniServerModule]:Debug Mode = ON
EXPNETLive.exe: 000027AC: 02:19:24 [TUniGUISessionManager]:Cache erase job created, Folder count: [1]
EXPNETLive.exe: 000027AC: 02:19:24 [TUniServerModule]:Starting HTTP Server on Port: 8077...
EXPNETLive.exe: 000027AC: 02:19:24 [TUniServerModule]:HTTP Server Started on Port: 8077
EXPNETLive.exe: 00002B10: 02:19:25 [127.0.0.1]:EUniSessionException : Invalid session or session Timeout. (Session not found: eYcXLTnBnA10ABE4755 ) : Addr: $00796D6E
EXPNETLive.exe: 000036C0: 02:21:44 []:>--------------------------------------------------------------<
EXPNETLive.exe: 000036C0: 02:21:44 [TUniServerModule]:Server First Init.
EXPNETLive.exe: 000036C0: 02:21:44 [TUniServerModule]:Start Path = H:\Projetos Delphi Android\iGAT App Provedor\Fontes MK-EXPNET\Fonte EXPNET WEB\EXPNET Live\EXPNETWEB\Fonte EXPNET WEB\
EXPNETLive.exe: 000036C0: 02:21:44 [TUniServerModule]:Debug Mode = ON
EXPNETLive.exe: 000036C0: 02:21:44 [TUniGUISessionManager]:Cache erase job created, Folder count: [1]
EXPNETLive.exe: 000036C0: 02:21:44 [TUniServerModule]:Starting HTTP Server on Port: 8077...
EXPNETLive.exe: 000036C0: 02:21:44 [TUniServerModule]:HTTP Server Started on Port: 8077
EXPNETLive.exe: 00002C64: 02:21:46 [127.0.0.1]:EUniSessionException : Invalid session or session Timeout. (Session not found: ax2ljWZktd10ABE47D2 ) : Addr: $00796D6E
EXPNETLive.exe: 00002208: 02:22:20 []:>--------------------------------------------------------------<
EXPNETLive.exe: 00002208: 02:22:20 [TUniServerModule]:Server First Init.
EXPNETLive.exe: 00002208: 02:22:20 [TUniServerModule]:Start Path = H:\Projetos Delphi Android\iGAT App Provedor\Fontes MK-EXPNET\Fonte EXPNET WEB\EXPNET Live\EXPNETWEB\Fonte EXPNET WEB\
EXPNETLive.exe: 00002208: 02:22:20 [TUniServerModule]:Debug Mode = ON
EXPNETLive.exe: 00002208: 02:22:20 [TUniGUISessionManager]:Cache erase job created, Folder count: [1]
EXPNETLive.exe: 00002208: 02:22:20 [TUniServerModule]:Starting HTTP Server on Port: 8077...
EXPNETLive.exe: 00002208: 02:22:20 [TUniServerModule]:HTTP Server Started on Port: 8077
EXPNETLive.exe: 00002620: 02:22:24 [127.0.0.1]:EUniSessionException : Invalid session or session Timeout. (Session not found: 8IhKJTqQTW10ABE4875 ) : Addr: $00796D6E
EXPNETLive.exe: 000018D8: 02:23:44 []:>--------------------------------------------------------------<
EXPNETLive.exe: 000018D8: 02:23:44 [TUniServerModule]:Server First Init.
EXPNETLive.exe: 000018D8: 02:23:44 [TUniServerModule]:Start Path = H:\Projetos Delphi Android\iGAT App Provedor\Fontes MK-EXPNET\Fonte EXPNET WEB\EXPNET Live\EXPNETWEB\Fonte EXPNET WEB\
EXPNETLive.exe: 000018D8: 02:23:44 [TUniServerModule]:Debug Mode = ON
EXPNETLive.exe: 000018D8: 02:23:44 [TUniGUISessionManager]:Cache erase job created, Folder count: [2]
EXPNETLive.exe: 000018D8: 02:23:44 [TUniServerModule]:Starting HTTP Server on Port: 8077...
EXPNETLive.exe: 000018D8: 02:23:44 [TUniServerModule]:HTTP Server Started on Port: 8077
EXPNETLive.exe: 00003060: 02:23:46 [127.0.0.1]:EUniSessionException : Invalid session or session Timeout. (Session not found: AcadeVF1AN10ABE48B0 ) : Addr: $00796D6E
EXPNETLive.exe: 00003318: 02:24:09 []:>--------------------------------------------------------------<
EXPNETLive.exe: 00003318: 02:24:09 [TUniServerModule]:Server First Init.
EXPNETLive.exe: 00003318: 02:24:09 [TUniServerModule]:Start Path = H:\Projetos Delphi Android\iGAT App Provedor\Fontes MK-EXPNET\Fonte EXPNET WEB\EXPNET Live\EXPNETWEB\Fonte EXPNET WEB\
EXPNETLive.exe: 00003318: 02:24:09 [TUniServerModule]:Debug Mode = ON
EXPNETLive.exe: 00003318: 02:24:09 [TUniGUISessionManager]:Cache erase job created, Folder count: [1]
EXPNETLive.exe: 00003318: 02:24:09 [TUniServerModule]:Starting HTTP Server on Port: 8077...
EXPNETLive.exe: 00003318: 02:24:09 [TUniServerModule]:HTTP Server Started on Port: 8077
EXPNETLive.exe: 0000082C: 02:24:10 [127.0.0.1]:EUniSessionException : Invalid session or session Timeout. (Session not found: qgGuDBmJQb10ABE4901 ) : Addr: $00796D6E
EXPNETLive.exe: 00000B1C: 02:24:50 []:>--------------------------------------------------------------<
EXPNETLive.exe: 00000B1C: 02:24:50 [TUniServerModule]:Server First Init.
EXPNETLive.exe: 00000B1C: 02:24:50 [TUniServerModule]:Start Path = H:\Projetos Delphi Android\iGAT App Provedor\Fontes MK-EXPNET\Fonte EXPNET WEB\EXPNET Live\EXPNETWEB\Fonte EXPNET WEB\
EXPNETLive.exe: 00000B1C: 02:24:50 [TUniServerModule]:Debug Mode = ON
EXPNETLive.exe: 00000B1C: 02:24:50 [TUniGUISessionManager]:Cache erase job created, Folder count: [1]
EXPNETLive.exe: 00000B1C: 02:24:50 [TUniServerModule]:Starting HTTP Server on Port: 8077...
EXPNETLive.exe: 00000B1C: 02:24:50 [TUniServerModule]:HTTP Server Started on Port: 8077
EXPNETLive.exe: 00000530: 02:24:59 [127.0.0.1]:EUniSessionException : Invalid session or session Timeout. (Session not found: CEQSQf18iF10ABE491C ) : Addr: $00796D6E
EXPNETLive.exe: 00000B64: 02:30:11 []:>--------------------------------------------------------------<
EXPNETLive.exe: 00000B64: 02:30:11 [TUniServerModule]:Server First Init.
EXPNETLive.exe: 00000B64: 02:30:11 [TUniServerModule]:Start Path = H:\Projetos Delphi Android\iGAT App Provedor\Fontes MK-EXPNET\Fonte EXPNET WEB\EXPNET Live\EXPNETWEB\Fonte EXPNET WEB\
EXPNETLive.exe: 00000B64: 02:30:11 [TUniServerModule]:Debug Mode = ON
EXPNETLive.exe: 00000B64: 02:30:11 [TUniGUISessionManager]:Cache erase job created, Folder count: [1]
EXPNETLive.exe: 00000B64: 02:30:11 [TUniServerModule]:Starting HTTP Server on Port: 8077...
EXPNETLive.exe: 00000B64: 02:30:11 [TUniServerModule]:HTTP Server Started on Port: 8077
EXPNETLive.exe: 00003594: 02:30:12 [127.0.0.1]:EUniSessionException : Invalid session or session Timeout. (Session not found: 2ymtwt4i9z10ABE4955 ) : Addr: $00796D6E
EXPNETLive.exe: 00000980: 02:31:24 []:>--------------------------------------------------------------<
EXPNETLive.exe: 00000980: 02:31:24 [TUniServerModule]:Server First Init.
EXPNETLive.exe: 00000980: 02:31:24 [TUniServerModule]:Start Path = H:\Projetos Delphi Android\iGAT App Provedor\Fontes MK-EXPNET\Fonte EXPNET WEB\EXPNET Live\EXPNETWEB\Fonte EXPNET WEB\
EXPNETLive.exe: 00000980: 02:31:24 [TUniServerModule]:Debug Mode = ON
EXPNETLive.exe: 00000980: 02:31:24 [TUniGUISessionManager]:Cache erase job created, Folder count: [1]
EXPNETLive.exe: 00000980: 02:31:24 [TUniServerModule]:Starting HTTP Server on Port: 8077...
EXPNETLive.exe: 00000980: 02:31:24 [TUniServerModule]:HTTP Server Started on Port: 8077
EXPNETLive.exe: 00002DC8: 02:31:25 [127.0.0.1]:EUniSessionException : Invalid session or session Timeout. (Session not found: KiuFMJzFNw10ABE4ABF ) : Addr: $00796D6E
EXPNETLive.exe: 00001BAC: 02:32:05 []:>--------------------------------------------------------------<
EXPNETLive.exe: 00001BAC: 02:32:05 [TUniServerModule]:Server First Init.
EXPNETLive.exe: 00001BAC: 02:32:05 [TUniServerModule]:Start Path = H:\Projetos Delphi Android\iGAT App Provedor\Fontes MK-EXPNET\Fonte EXPNET WEB\EXPNET Live\EXPNETWEB\Fonte EXPNET WEB\
EXPNETLive.exe: 00001BAC: 02:32:05 [TUniServerModule]:Debug Mode = ON
EXPNETLive.exe: 00001BAC: 02:32:05 [TUniGUISessionManager]:Cache erase job created, Folder count: [1]
EXPNETLive.exe: 00001BAC: 02:32:05 [TUniServerModule]:Starting HTTP Server on Port: 8077...
EXPNETLive.exe: 00001BAC: 02:32:06 [TUniServerModule]:HTTP Server Started on Port: 8077
EXPNETLive.exe: 000024A4: 02:32:08 [127.0.0.1]:EUniSessionException : Invalid session or session Timeout. (Session not found: AkFj1xEXuE10ABE4B13 ) : Addr: $00796D6E
EXPNETLive.exe: 000036A4: 02:33:45 []:>--------------------------------------------------------------<
EXPNETLive.exe: 000036A4: 02:33:45 [TUniServerModule]:Server First Init.
EXPNETLive.exe: 000036A4: 02:33:45 [TUniServerModule]:Start Path = H:\Projetos Delphi Android\iGAT App Provedor\Fontes MK-EXPNET\Fonte EXPNET WEB\EXPNET Live\EXPNETWEB\Fonte EXPNET WEB\
EXPNETLive.exe: 000036A4: 02:33:45 [TUniServerModule]:Debug Mode = ON
EXPNETLive.exe: 000036A4: 02:33:45 [TUniGUISessionManager]:Cache erase job created, Folder count: [1]
EXPNETLive.exe: 000036A4: 02:33:45 [TUniServerModule]:Starting HTTP Server on Port: 8077...
EXPNETLive.exe: 000036A4: 02:33:45 [TUniServerModule]:HTTP Server Started on Port: 8077
EXPNETLive.exe: 000006DC: 02:34:09 [127.0.0.1]:EUniSessionException : Invalid session or session Timeout. (Session not found: 8BawWNv2bc10ABE4B46 ) : Addr: $00796D6E
EXPNETLive.exe: 000014D4: 02:34:46 []:>--------------------------------------------------------------<
EXPNETLive.exe: 000014D4: 02:34:46 [TUniServerModule]:Server First Init.
EXPNETLive.exe: 000014D4: 02:34:46 [TUniServerModule]:Start Path = H:\Projetos Delphi Android\iGAT App Provedor\Fontes MK-EXPNET\Fonte EXPNET WEB\EXPNET Live\EXPNETWEB\Fonte EXPNET WEB\
EXPNETLive.exe: 000014D4: 02:34:46 [TUniServerModule]:Debug Mode = ON
EXPNETLive.exe: 000014D4: 02:34:46 [TUniGUISessionManager]:Cache erase job created, Folder count: [1]
EXPNETLive.exe: 000014D4: 02:34:46 [TUniServerModule]:Starting HTTP Server on Port: 8077...
EXPNETLive.exe: 000014D4: 02:34:46 [TUniServerModule]:HTTP Server Started on Port: 8077
EXPNETLive.exe: 00000DE4: 02:34:54 [127.0.0.1]:EUniSessionException : Invalid session or session Timeout. (Session not found: mWSxdPWKrL10ABE4BD1 ) : Addr: $00796D6E
EXPNETLive.exe: 00003758: 02:36:05 []:>--------------------------------------------------------------<
EXPNETLive.exe: 00003758: 02:36:05 [TUniServerModule]:Server First Init.
EXPNETLive.exe: 00003758: 02:36:05 [TUniServerModule]:Start Path = H:\Projetos Delphi Android\iGAT App Provedor\Fontes MK-EXPNET\Fonte EXPNET WEB\EXPNET Live\EXPNETWEB\Fonte EXPNET WEB\
EXPNETLive.exe: 00003758: 02:36:05 [TUniServerModule]:Debug Mode = ON
EXPNETLive.exe: 00003758: 02:36:05 [TUniGUISessionManager]:Cache erase job created, Folder count: [2]
EXPNETLive.exe: 00003758: 02:36:05 [TUniServerModule]:Starting HTTP Server on Port: 8077...
EXPNETLive.exe: 00003758: 02:36:05 [TUniServerModule]:HTTP Server Started on Port: 8077
EXPNETLive.exe: 00002EB8: 02:36:06 [127.0.0.1]:EUniSessionException : Invalid session or session Timeout. (Session not found: pkeV44gLB410ABE4C05 ) : Addr: $00796D6E
EXPNETLive.exe: 00003084: 02:37:15 []:>--------------------------------------------------------------<
EXPNETLive.exe: 00003084: 02:37:15 [TUniServerModule]:Server First Init.
EXPNETLive.exe: 00003084: 02:37:15 [TUniServerModule]:Start Path = H:\Projetos Delphi Android\iGAT App Provedor\Fontes MK-EXPNET\Fonte EXPNET WEB\EXPNET Live\EXPNETWEB\Fonte EXPNET WEB\
EXPNETLive.exe: 00003084: 02:37:15 [TUniServerModule]:Debug Mode = ON
EXPNETLive.exe: 00003084: 02:37:15 [TUniGUISessionManager]:Cache erase job created, Folder count: [1]
EXPNETLive.exe: 00003084: 02:37:15 [TUniServerModule]:Starting HTTP Server on Port: 8077...
EXPNETLive.exe: 00003084: 02:37:15 [TUniServerModule]:HTTP Server Started on Port: 8077
EXPNETLive.exe: 00002278: 02:37:17 [127.0.0.1]:EUniSessionException : Invalid session or session Timeout. (Session not found: sp71pYCrh810ABE4C59 ) : Addr: $00796D6E
EXPNETLive.exe: 000020E0: 02:38:48 []:>--------------------------------------------------------------<
EXPNETLive.exe: 000020E0: 02:38:48 [TUniServerModule]:Server First Init.
EXPNETLive.exe: 000020E0: 02:38:48 [TUniServerModule]:Start Path = H:\Projetos Delphi Android\iGAT App Provedor\Fontes MK-EXPNET\Fonte EXPNET WEB\EXPNET Live\EXPNETWEB\Fonte EXPNET WEB\
EXPNETLive.exe: 000020E0: 02:38:48 [TUniServerModule]:Debug Mode = ON
EXPNETLive.exe: 000020E0: 02:38:48 [TUniGUISessionManager]:Cache erase job created, Folder count: [1]
EXPNETLive.exe: 000020E0: 02:38:48 [TUniServerModule]:Starting HTTP Server on Port: 8077...
EXPNETLive.exe: 000020E0: 02:38:48 [TUniServerModule]:HTTP Server Started on Port: 8077
EXPNETLive.exe: 000003B4: 02:38:48 [127.0.0.1]:EUniSessionException : Invalid session or session Timeout. (Session not found: YH22I7w9PU10ABE4CAA ) : Addr: $00796D6E
EXPNETLive.exe: 0000244C: 02:39:11 []:>--------------------------------------------------------------<
EXPNETLive.exe: 0000244C: 02:39:11 [TUniServerModule]:Server First Init.
EXPNETLive.exe: 0000244C: 02:39:11 [TUniServerModule]:Start Path = H:\Projetos Delphi Android\iGAT App Provedor\Fontes MK-EXPNET\Fonte EXPNET WEB\EXPNET Live\EXPNETWEB\Fonte EXPNET WEB\
EXPNETLive.exe: 0000244C: 02:39:11 [TUniServerModule]:Debug Mode = ON
EXPNETLive.exe: 0000244C: 02:39:11 [TUniGUISessionManager]:Cache erase job created, Folder count: [1]
EXPNETLive.exe: 0000244C: 02:39:11 [TUniServerModule]:Starting HTTP Server on Port: 8077...
EXPNETLive.exe: 0000244C: 02:39:11 [TUniServerModule]:HTTP Server Started on Port: 8077
EXPNETLive.exe: 00002FFC: 02:39:12 [127.0.0.1]:EUniSessionException : Invalid session or session Timeout. (Session not found: 7VmKxFg3ff10ABE4D14 ) : Addr: $00796D6E
EXPNETLive.exe: 000002F8: 02:39:55 []:>--------------------------------------------------------------<
EXPNETLive.exe: 000002F8: 02:39:55 [TUniServerModule]:Server First Init.
EXPNETLive.exe: 000002F8: 02:39:55 [TUniServerModule]:Start Path = H:\Projetos Delphi Android\iGAT App Provedor\Fontes MK-EXPNET\Fonte EXPNET WEB\EXPNET Live\EXPNETWEB\Fonte EXPNET WEB\
EXPNETLive.exe: 000002F8: 02:39:55 [TUniServerModule]:Debug Mode = ON
EXPNETLive.exe: 000002F8: 02:39:55 [TUniGUISessionManager]:Cache erase job created, Folder count: [1]
EXPNETLive.exe: 000002F8: 02:39:55 [TUniServerModule]:Starting HTTP Server on Port: 8077...
EXPNETLive.exe: 000002F8: 02:39:55 [TUniServerModule]:HTTP Server Started on Port: 8077
EXPNETLive.exe: 0000272C: 02:39:57 [127.0.0.1]:EUniSessionException : Invalid session or session Timeout. (Session not found: 3xTlsieOpM10ABE4D30 ) : Addr: $00796D6E
EXPNETLive.exe: 000003A8: 02:41:07 []:>--------------------------------------------------------------<
EXPNETLive.exe: 000003A8: 02:41:07 [TUniServerModule]:Server First Init.
EXPNETLive.exe: 000003A8: 02:41:07 [TUniServerModule]:Start Path = H:\Projetos Delphi Android\iGAT App Provedor\Fontes MK-EXPNET\Fonte EXPNET WEB\EXPNET Live\EXPNETWEB\Fonte EXPNET WEB\
EXPNETLive.exe: 000003A8: 02:41:07 [TUniServerModule]:Debug Mode = ON
EXPNETLive.exe: 000003A8: 02:41:07 [TUniGUISessionManager]:Cache erase job created, Folder count: [1]
EXPNETLive.exe: 000003A8: 02:41:07 [TUniServerModule]:Starting HTTP Server on Port: 8077...
EXPNETLive.exe: 000003A8: 02:41:07 [TUniServerModule]:HTTP Server Started on Port: 8077
EXPNETLive.exe: 000003F0: 02:41:09 [127.0.0.1]:EUniSessionException : Invalid session or session Timeout. (Session not found: vXAygHzfzw10ABE4D65 ) : Addr: $00796D6E
EXPNETLive.exe: 00001EDC: 02:41:09 [127.0.0.1]:EUniSessionException : Invalid session or session Timeout. (Session not found: vXAygHzfzw10ABE4D65 ) : Addr: $00796D6E
EXPNETLive.exe: 00000708: 02:41:09 [127.0.0.1]:EUniSessionException : Invalid session or session Timeout. (Session not found: vXAygHzfzw10ABE4D65 ) : Addr: $00796D6E
EXPNETLive.exe: 000017E0: 02:41:50 []:>--------------------------------------------------------------<
EXPNETLive.exe: 000017E0: 02:41:50 [TUniServerModule]:Server First Init.
EXPNETLive.exe: 000017E0: 02:41:50 [TUniServerModule]:Start Path = H:\Projetos Delphi Android\iGAT App Provedor\Fontes MK-EXPNET\Fonte EXPNET WEB\EXPNET Live\EXPNETWEB\Fonte EXPNET WEB\
EXPNETLive.exe: 000017E0: 02:41:50 [TUniServerModule]:Debug Mode = ON
EXPNETLive.exe: 000017E0: 02:41:50 [TUniGUISessionManager]:Cache erase job created, Folder count: [1]
EXPNETLive.exe: 000017E0: 02:41:50 [TUniServerModule]:Starting HTTP Server on Port: 8077...
EXPNETLive.exe: 000017E0: 02:41:50 [TUniServerModule]:HTTP Server Started on Port: 8077
EXPNETLive.exe: 00000924: 02:41:51 [127.0.0.1]:EUniSessionException : Invalid session or session Timeout. (Session not found: YtOoogEpA410ABE4DB9 ) : Addr: $00796D6E
EXPNETLive.exe: 000033B0: 02:49:39 []:>--------------------------------------------------------------<
EXPNETLive.exe: 000033B0: 02:49:39 [TUniServerModule]:Server First Init.
EXPNETLive.exe: 000033B0: 02:49:39 [TUniServerModule]:Start Path = H:\Projetos Delphi Android\iGAT App Provedor\Fontes MK-EXPNET\Fonte EXPNET WEB\EXPNET Live\EXPNETWEB\Fonte EXPNET WEB\
EXPNETLive.exe: 000033B0: 02:49:39 [TUniServerModule]:Debug Mode = ON
EXPNETLive.exe: 000033B0: 02:49:39 [TUniGUISessionManager]:Cache erase job created, Folder count: [1]
EXPNETLive.exe: 000033B0: 02:49:39 [TUniServerModule]:Starting HTTP Server on Port: 8077...
EXPNETLive.exe: 000033B0: 02:49:39 [TUniServerModule]:HTTP Server Started on Port: 8077
EXPNETLive.exe: 00002280: 02:49:41 [127.0.0.1]:EUniSessionException : Invalid session or session Timeout. (Session not found: EgGAvXB3Xb10ABE4DE8 ) : Addr: $00796D6E
EXPNETLive.exe: 000027A0: 02:50:08 []:>--------------------------------------------------------------<
EXPNETLive.exe: 000027A0: 02:50:08 [TUniServerModule]:Server First Init.
EXPNETLive.exe: 000027A0: 02:50:08 [TUniServerModule]:Start Path = H:\Projetos Delphi Android\iGAT App Provedor\Fontes MK-EXPNET\Fonte EXPNET WEB\EXPNET Live\EXPNETWEB\Fonte EXPNET WEB\
EXPNETLive.exe: 000027A0: 02:50:08 [TUniServerModule]:Debug Mode = ON
EXPNETLive.exe: 000027A0: 02:50:08 [TUniGUISessionManager]:Cache erase job created, Folder count: [1]
EXPNETLive.exe: 000027A0: 02:50:08 [TUniServerModule]:Starting HTTP Server on Port: 8077...
EXPNETLive.exe: 000027A0: 02:50:08 [TUniServerModule]:HTTP Server Started on Port: 8077
EXPNETLive.exe: 000037AC: 02:50:10 [127.0.0.1]:EUniSessionException : Invalid session or session Timeout. (Session not found: xl7b3VuYiX10ABE5008 ) : Addr: $00796D6E
EXPNETLive.exe: 000033A0: 11:52:28 []:>--------------------------------------------------------------<
EXPNETLive.exe: 000033A0: 11:52:28 [TUniServerModule]:Server First Init.
EXPNETLive.exe: 000033A0: 11:52:28 [TUniServerModule]:Start Path = H:\Projetos Delphi Android\iGAT App Provedor\Fontes MK-EXPNET\Fonte EXPNET WEB\EXPNET Live\EXPNETWEB\Fonte EXPNET WEB\
EXPNETLive.exe: 000033A0: 11:52:28 [TUniServerModule]:Debug Mode = ON
EXPNETLive.exe: 000033A0: 11:52:28 [TUniGUISessionManager]:Cache erase job created, Folder count: [2]
EXPNETLive.exe: 000033A0: 11:52:28 [TUniServerModule]:Starting HTTP Server on Port: 8077...
EXPNETLive.exe: 000033A0: 11:52:28 [TUniServerModule]:HTTP Server Started on Port: 8077
EXPNETLive.exe: 00001C5C: 11:53:48 []:>--------------------------------------------------------------<
EXPNETLive.exe: 00001C5C: 11:53:48 [TUniServerModule]:Server First Init.
EXPNETLive.exe: 00001C5C: 11:53:48 [TUniServerModule]:Start Path = H:\Projetos Delphi Android\iGAT App Provedor\Fontes MK-EXPNET\Fonte EXPNET WEB\EXPNET Live\EXPNETWEB\Fonte EXPNET WEB\
EXPNETLive.exe: 00001C5C: 11:53:48 [TUniServerModule]:Debug Mode = ON
EXPNETLive.exe: 00001C5C: 11:53:48 [TUniGUISessionManager]:Cache erase job created, Folder count: [1]
EXPNETLive.exe: 00001C5C: 11:53:48 [TUniServerModule]:Starting HTTP Server on Port: 8077...
EXPNETLive.exe: 00001C5C: 11:53:48 [TUniServerModule]:HTTP Server Started on Port: 8077
EXPNETLive.exe: 00002064: 11:53:50 [127.0.0.1]:EUniSessionException : Invalid session or session Timeout. (Session not found: dpBjpejOxf10ABEE347 ) : Addr: $00796D6E
EXPNETLive.exe: 00003590: 11:54:11 []:>--------------------------------------------------------------<
EXPNETLive.exe: 00003590: 11:54:11 [TUniServerModule]:Server First Init.
EXPNETLive.exe: 00003590: 11:54:11 [TUniServerModule]:Start Path = H:\Projetos Delphi Android\iGAT App Provedor\Fontes MK-EXPNET\Fonte EXPNET WEB\EXPNET Live\EXPNETWEB\Fonte EXPNET WEB\
EXPNETLive.exe: 00003590: 11:54:11 [TUniServerModule]:Debug Mode = ON
EXPNETLive.exe: 00003590: 11:54:11 [TUniGUISessionManager]:Cache erase job created, Folder count: [1]
EXPNETLive.exe: 00003590: 11:54:11 [TUniServerModule]:Starting HTTP Server on Port: 8077...
EXPNETLive.exe: 00003590: 11:54:11 [TUniServerModule]:HTTP Server Started on Port: 8077
EXPNETLive.exe: 000005D0: 11:54:12 [127.0.0.1]:EUniSessionException : Invalid session or session Timeout. (Session not found: ehVqexK4rb10ABEE3A4 ) : Addr: $00796D6E
EXPNETLive.exe: 00001B00: 11:55:22 []:>--------------------------------------------------------------<
EXPNETLive.exe: 00001B00: 11:55:22 [TUniServerModule]:Server First Init.
EXPNETLive.exe: 00001B00: 11:55:22 [TUniServerModule]:Start Path = H:\Projetos Delphi Android\iGAT App Provedor\Fontes MK-EXPNET\Fonte EXPNET WEB\EXPNET Live\EXPNETWEB\Fonte EXPNET WEB\
EXPNETLive.exe: 00001B00: 11:55:22 [TUniServerModule]:Debug Mode = ON
EXPNETLive.exe: 00001B00: 11:55:22 [TUniGUISessionManager]:Cache erase job created, Folder count: [1]
EXPNETLive.exe: 00001B00: 11:55:22 [TUniServerModule]:Starting HTTP Server on Port: 8077...
EXPNETLive.exe: 00001B00: 11:55:22 [TUniServerModule]:HTTP Server Started on Port: 8077
EXPNETLive.exe: 00000998: 11:55:25 [127.0.0.1]:EUniSessionException : Invalid session or session Timeout. (Session not found: uIiPXjB2cS10ABEE3BE ) : Addr: $00796D6E
EXPNETLive.exe: 00003264: 12:01:06 []:>--------------------------------------------------------------<
EXPNETLive.exe: 00003264: 12:01:06 [TUniServerModule]:Server First Init.
EXPNETLive.exe: 00003264: 12:01:06 [TUniServerModule]:Start Path = H:\Projetos Delphi Android\iGAT App Provedor\Fontes MK-EXPNET\Fonte EXPNET WEB\EXPNET Live\EXPNETWEB\Fonte EXPNET WEB\
EXPNETLive.exe: 00003264: 12:01:06 [TUniServerModule]:Debug Mode = ON
EXPNETLive.exe: 00003264: 12:01:06 [TUniGUISessionManager]:Cache erase job created, Folder count: [1]
EXPNETLive.exe: 00003264: 12:01:06 [TUniServerModule]:Starting HTTP Server on Port: 8077...
EXPNETLive.exe: 00003264: 12:01:06 [TUniServerModule]:HTTP Server Started on Port: 8077
EXPNETLive.exe: 0000245C: 12:01:08 [127.0.0.1]:EUniSessionException : Invalid session or session Timeout. (Session not found: eh6qNiCPFR10ABEE412 ) : Addr: $00796D6E
EXPNETLive.exe: 0000169C: 12:01:52 []:>--------------------------------------------------------------<
EXPNETLive.exe: 0000169C: 12:01:52 [TUniServerModule]:Server First Init.
EXPNETLive.exe: 0000169C: 12:01:52 [TUniServerModule]:Start Path = H:\Projetos Delphi Android\iGAT App Provedor\Fontes MK-EXPNET\Fonte EXPNET WEB\EXPNET Live\EXPNETWEB\Fonte EXPNET WEB\
EXPNETLive.exe: 0000169C: 12:01:52 [TUniServerModule]:Debug Mode = ON
EXPNETLive.exe: 0000169C: 12:01:52 [TUniGUISessionManager]:Cache erase job created, Folder count: [1]
EXPNETLive.exe: 0000169C: 12:01:52 [TUniServerModule]:Starting HTTP Server on Port: 8077...
EXPNETLive.exe: 0000169C: 12:01:52 [TUniServerModule]:HTTP Server Started on Port: 8077
EXPNETLive.exe: 00002F2C: 12:01:53 [127.0.0.1]:EUniSessionException : Invalid session or session Timeout. (Session not found: pw4xMUfnd610ABEE59F ) : Addr: $00796D6E
EXPNETLive.exe: 00002DBC: 12:08:34 []:>--------------------------------------------------------------<
EXPNETLive.exe: 00002DBC: 12:08:34 [TUniServerModule]:Server First Init.
EXPNETLive.exe: 00002DBC: 12:08:34 [TUniServerModule]:Start Path = H:\Projetos Delphi Android\iGAT App Provedor\Fontes MK-EXPNET\Fonte EXPNET WEB\EXPNET Live\EXPNETWEB\Fonte EXPNET WEB\
EXPNETLive.exe: 00002DBC: 12:08:34 [TUniServerModule]:Debug Mode = ON
EXPNETLive.exe: 00002DBC: 12:08:34 [TUniGUISessionManager]:Cache erase job created, Folder count: [1]
EXPNETLive.exe: 00002DBC: 12:08:34 [TUniServerModule]:Starting HTTP Server on Port: 8077...
EXPNETLive.exe: 00002DBC: 12:08:34 [TUniServerModule]:HTTP Server Started on Port: 8077
EXPNETLive.exe: 00001914: 12:08:34 [127.0.0.1]:EUniSessionException : Invalid session or session Timeout. (Session not found: ecTO5yAjJT10ABEE5D4 ) : Addr: $00796D7E
EXPNETLive.exe: 00000840: 12:14:44 []:>--------------------------------------------------------------<
EXPNETLive.exe: 00000840: 12:14:44 [TUniServerModule]:Server First Init.
EXPNETLive.exe: 00000840: 12:14:44 [TUniServerModule]:Start Path = H:\Projetos Delphi Android\iGAT App Provedor\Fontes MK-EXPNET\Fonte EXPNET WEB\EXPNET Live\EXPNETWEB\Fonte EXPNET WEB\
EXPNETLive.exe: 00000840: 12:14:44 [TUniServerModule]:Debug Mode = ON
EXPNETLive.exe: 00000840: 12:14:44 [TUniGUISessionManager]:Cache erase job created, Folder count: [1]
EXPNETLive.exe: 00000840: 12:14:44 [TUniServerModule]:Starting HTTP Server on Port: 8077...
EXPNETLive.exe: 00000840: 12:14:44 [TUniServerModule]:HTTP Server Started on Port: 8077
EXPNETLive.exe: 000003F0: 12:14:45 [127.0.0.1]:EUniSessionException : Invalid session or session Timeout. (Session not found: PiqrCpNK1W10ABEE7A9 ) : Addr: $00796D7E
EXPNETLive.exe: 000004A0: 12:21:21 []:>--------------------------------------------------------------<
EXPNETLive.exe: 000004A0: 12:21:21 [TUniServerModule]:Server First Init.
EXPNETLive.exe: 000004A0: 12:21:21 [TUniServerModule]:Start Path = H:\Projetos Delphi Android\iGAT App Provedor\Fontes MK-EXPNET\Fonte EXPNET WEB\EXPNET Live\EXPNETWEB\Fonte EXPNET WEB\
EXPNETLive.exe: 000004A0: 12:21:21 [TUniServerModule]:Debug Mode = ON
EXPNETLive.exe: 000004A0: 12:21:21 [TUniGUISessionManager]:Cache erase job created, Folder count: [1]
EXPNETLive.exe: 000004A0: 12:21:21 [TUniServerModule]:Starting HTTP Server on Port: 8077...
EXPNETLive.exe: 000004A0: 12:21:21 [TUniServerModule]:HTTP Server Started on Port: 8077
EXPNETLive.exe: 00002268: 12:21:24 [127.0.0.1]:EUniSessionException : Invalid session or session Timeout. (Session not found: F25pyacHdU10ABEE953 ) : Addr: $00796D6E
EXPNETLive.exe: 000013A4: 12:22:45 []:>--------------------------------------------------------------<
EXPNETLive.exe: 000013A4: 12:22:45 [TUniServerModule]:Server First Init.
EXPNETLive.exe: 000013A4: 12:22:45 [TUniServerModule]:Start Path = H:\Projetos Delphi Android\iGAT App Provedor\Fontes MK-EXPNET\Fonte EXPNET WEB\EXPNET Live\EXPNETWEB\Fonte EXPNET WEB\
EXPNETLive.exe: 000013A4: 12:22:45 [TUniServerModule]:Debug Mode = ON
EXPNETLive.exe: 000013A4: 12:22:45 [TUniGUISessionManager]:Cache erase job created, Folder count: [1]
EXPNETLive.exe: 000013A4: 12:22:45 [TUniServerModule]:Starting HTTP Server on Port: 8077...
EXPNETLive.exe: 000013A4: 12:22:45 [TUniServerModule]:HTTP Server Started on Port: 8077
EXPNETLive.exe: 00001660: 12:22:48 [127.0.0.1]:EUniSessionException : Invalid session or session Timeout. (Session not found: AMScjdGGod10ABEEB1F ) : Addr: $00796D6E
EXPNETLive.exe: 00002878: 12:23:47 []:>--------------------------------------------------------------<
EXPNETLive.exe: 00002878: 12:23:47 [TUniServerModule]:Server First Init.
EXPNETLive.exe: 00002878: 12:23:47 [TUniServerModule]:Start Path = H:\Projetos Delphi Android\iGAT App Provedor\Fontes MK-EXPNET\Fonte EXPNET WEB\EXPNET Live\EXPNETWEB\Fonte EXPNET WEB\
EXPNETLive.exe: 00002878: 12:23:47 [TUniServerModule]:Debug Mode = ON
EXPNETLive.exe: 00002878: 12:23:47 [TUniGUISessionManager]:Cache erase job created, Folder count: [1]
EXPNETLive.exe: 00002878: 12:23:47 [TUniServerModule]:Starting HTTP Server on Port: 8077...
EXPNETLive.exe: 00002878: 12:23:47 [TUniServerModule]:HTTP Server Started on Port: 8077
EXPNETLive.exe: 000027DC: 12:23:50 [127.0.0.1]:EUniSessionException : Invalid session or session Timeout. (Session not found: Q9dI2Yllk310ABEEB80 ) : Addr: $00796D6E
EXPNETLive.exe: 00002250: 12:46:05 []:>--------------------------------------------------------------<
EXPNETLive.exe: 00002250: 12:46:05 [TUniServerModule]:Server First Init.
EXPNETLive.exe: 00002250: 12:46:05 [TUniServerModule]:Start Path = H:\Projetos Delphi Android\iGAT App Provedor\Fontes MK-EXPNET\Fonte EXPNET WEB\EXPNET Live\EXPNETWEB\Fonte EXPNET WEB\
EXPNETLive.exe: 00002250: 12:46:05 [TUniServerModule]:Debug Mode = ON
EXPNETLive.exe: 00002250: 12:46:05 [TUniGUISessionManager]:Cache erase job created, Folder count: [1]
EXPNETLive.exe: 00002250: 12:46:05 [TUniServerModule]:Starting HTTP Server on Port: 8077...
EXPNETLive.exe: 00002250: 12:46:05 [TUniServerModule]:HTTP Server Started on Port: 8077
EXPNETLive.exe: 0000088C: 12:46:08 [127.0.0.1]:EUniSessionException : Invalid session or session Timeout. (Session not found: EnQQbnuSY210ABEEBC8 ) : Addr: $007C3B02
EXPNETLive.exe: 00001374: 12:46:16 [127.0.0.1]:EConvertError : Cannot assign a nil to a TFont : Addr: $004B8082
EXPNETLive.exe: 00002F7C: 12:47:09 []:>--------------------------------------------------------------<
EXPNETLive.exe: 00002F7C: 12:47:09 [TUniServerModule]:Server First Init.
EXPNETLive.exe: 00002F7C: 12:47:09 [TUniServerModule]:Start Path = H:\Projetos Delphi Android\iGAT App Provedor\Fontes MK-EXPNET\Fonte EXPNET WEB\EXPNET Live\EXPNETWEB\Fonte EXPNET WEB\
EXPNETLive.exe: 00002F7C: 12:47:09 [TUniGUISessionManager]:Cache erase job created, Folder count: [2]
EXPNETLive.exe: 00002F7C: 12:47:09 [TUniServerModule]:Starting HTTP Server on Port: 8077...
EXPNETLive.exe: 00002F7C: 12:47:09 [TUniServerModule]:HTTP Server Started on Port: 8077
EXPNETLive.exe: 00003238: 12:47:09 [127.0.0.1]:EUniSessionException : Invalid session or session Timeout. (Session not found: oi54GYnZRt10ABEF1F0 ) : Addr: $007C3B02
EXPNETLive.exe: 00002880: 12:47:14 [127.0.0.1]:EConvertError : Cannot assign a nil to a TFont : Addr: $004B8082
EXPNETLive.exe: 00001DCC: 12:49:13 []:>--------------------------------------------------------------<
EXPNETLive.exe: 00001DCC: 12:49:13 [TUniServerModule]:Server First Init.
EXPNETLive.exe: 00001DCC: 12:49:13 [TUniServerModule]:Start Path = H:\Projetos Delphi Android\iGAT App Provedor\Fontes MK-EXPNET\Fonte EXPNET WEB\EXPNET Live\EXPNETWEB\Fonte EXPNET WEB\
EXPNETLive.exe: 00001DCC: 12:49:13 [TUniServerModule]:Debug Mode = ON
EXPNETLive.exe: 00001DCC: 12:49:13 [TUniGUISessionManager]:Cache erase job created, Folder count: [1]
EXPNETLive.exe: 00001DCC: 12:49:13 [TUniServerModule]:Starting HTTP Server on Port: 8077...
EXPNETLive.exe: 00001DCC: 12:49:13 [TUniServerModule]:HTTP Server Started on Port: 8077
EXPNETLive.exe: 000033B8: 12:49:15 [127.0.0.1]:EUniSessionException : Invalid session or session Timeout. (Session not found: aMr8n6dy8S10ABEF21D ) : Addr: $007C3B02
EXPNETLive.exe: 00001644: 12:50:32 []:>--------------------------------------------------------------<
EXPNETLive.exe: 00001644: 12:50:32 [TUniServerModule]:Server First Init.
EXPNETLive.exe: 00001644: 12:50:32 [TUniServerModule]:Start Path = H:\Projetos Delphi Android\iGAT App Provedor\Fontes MK-EXPNET\Fonte EXPNET WEB\EXPNET Live\EXPNETWEB\Fonte EXPNET WEB\
EXPNETLive.exe: 00001644: 12:50:32 [TUniServerModule]:Debug Mode = ON
EXPNETLive.exe: 00001644: 12:50:32 [TUniGUISessionManager]:Cache erase job created, Folder count: [1]
EXPNETLive.exe: 00001644: 12:50:32 [TUniServerModule]:Starting HTTP Server on Port: 8077...
EXPNETLive.exe: 00001644: 12:50:32 [TUniServerModule]:HTTP Server Started on Port: 8077
EXPNETLive.exe: 00000614: 12:50:33 [127.0.0.1]:EUniSessionException : Invalid session or session Timeout. (Session not found: Ghd5HKJA8x10ABEF2AC ) : Addr: $007C3B02
EXPNETLive.exe: 000002C8: 12:50:54 [127.0.0.1]:EConvertError : Cannot assign a nil to a TFont : Addr: $004B8082
EXPNETLive.exe: 00002954: 12:51:44 []:>--------------------------------------------------------------<
EXPNETLive.exe: 00002954: 12:51:44 [TUniServerModule]:Server First Init.
EXPNETLive.exe: 00002954: 12:51:44 [TUniServerModule]:Start Path = H:\Projetos Delphi Android\iGAT App Provedor\Fontes MK-EXPNET\Fonte EXPNET WEB\EXPNET Live\EXPNETWEB\Fonte EXPNET WEB\
EXPNETLive.exe: 00002954: 12:51:44 [TUniServerModule]:Debug Mode = ON
EXPNETLive.exe: 00002954: 12:51:44 [TUniGUISessionManager]:Cache erase job created, Folder count: [1]
EXPNETLive.exe: 00002954: 12:51:44 [TUniServerModule]:Starting HTTP Server on Port: 8077...
EXPNETLive.exe: 00002954: 12:51:44 [TUniServerModule]:HTTP Server Started on Port: 8077
EXPNETLive.exe: 00001C7C: 12:53:51 []:>--------------------------------------------------------------<
EXPNETLive.exe: 00001C7C: 12:53:51 [TUniServerModule]:Server First Init.
EXPNETLive.exe: 00001C7C: 12:53:51 [TUniServerModule]:Start Path = H:\Projetos Delphi Android\iGAT App Provedor\Fontes MK-EXPNET\Fonte EXPNET WEB\EXPNET Live\EXPNETWEB\Fonte EXPNET WEB\
EXPNETLive.exe: 00001C7C: 12:53:51 [TUniServerModule]:Debug Mode = ON
EXPNETLive.exe: 00001C7C: 12:53:52 [TUniServerModule]:Starting HTTP Server on Port: 8077...
EXPNETLive.exe: 00001C7C: 12:53:52 [TUniServerModule]:HTTP Server Started on Port: 8077
EXPNETLive.exe: 00001434: 12:53:55 [127.0.0.1]:EUniSessionException : Invalid session or session Timeout. (Session not found: CSNTc8dSov10ABEF318 ) : Addr: $00796E2E
EXPNETLive.exe: 00000D64: 12:54:01 [127.0.0.1]:EConvertError : Cannot assign a nil to a TFont : Addr: $004B7462
EXPNETLive.exe: 00000A3C: 12:55:20 []:>--------------------------------------------------------------<
EXPNETLive.exe: 00000A3C: 12:55:20 [TUniServerModule]:Server First Init.
EXPNETLive.exe: 00000A3C: 12:55:20 [TUniServerModule]:Start Path = H:\Projetos Delphi Android\iGAT App Provedor\Fontes MK-EXPNET\Fonte EXPNET WEB\EXPNET Live\EXPNETWEB\Fonte EXPNET WEB\
EXPNETLive.exe: 00000A3C: 12:55:20 [TUniServerModule]:Debug Mode = ON
EXPNETLive.exe: 00000A3C: 12:55:20 [TUniGUISessionManager]:Cache erase job created, Folder count: [1]
EXPNETLive.exe: 00000A3C: 12:55:20 [TUniServerModule]:Starting HTTP Server on Port: 8077...
EXPNETLive.exe: 00000A3C: 12:55:20 [TUniServerModule]:HTTP Server Started on Port: 8077
EXPNETLive.exe: 00002248: 12:55:22 [127.0.0.1]:EUniSessionException : Invalid session or session Timeout. (Session not found: WKsDLKi2li10ABEF3F1 ) : Addr: $007C3B02
EXPNETLive.exe: 000022A8: 12:55:30 [127.0.0.1]:EAccessViolation : Access violation at address 00666540 in module 'EXPNETLive.exe'. Read of address 000000A9 : Addr: $00666540
EXPNETLive.exe: 000020C0: 12:55:47 [127.0.0.1]:EAccessViolation : Access violation at address 00666540 in module 'EXPNETLive.exe'. Read of address 000000A9 : Addr: $00666540
EXPNETLive.exe: 00002F60: 12:57:07 []:>--------------------------------------------------------------<
EXPNETLive.exe: 00002F60: 12:57:07 [TUniServerModule]:Server First Init.
EXPNETLive.exe: 00002F60: 12:57:07 [TUniServerModule]:Start Path = H:\Projetos Delphi Android\iGAT App Provedor\Fontes MK-EXPNET\Fonte EXPNET WEB\EXPNET Live\EXPNETWEB\Fonte EXPNET WEB\
EXPNETLive.exe: 00002F60: 12:57:07 [TUniServerModule]:Debug Mode = ON
EXPNETLive.exe: 00002F60: 12:57:07 [TUniGUISessionManager]:Cache erase job created, Folder count: [1]
EXPNETLive.exe: 00002F60: 12:57:07 [TUniServerModule]:Starting HTTP Server on Port: 8077...
EXPNETLive.exe: 00002F60: 12:57:08 [TUniServerModule]:HTTP Server Started on Port: 8077
EXPNETLive.exe: 00002588: 12:57:09 [127.0.0.1]:EUniSessionException : Invalid session or session Timeout. (Session not found: 3A5xe2ZZGr10ABEF455 ) : Addr: $007C3B02
EXPNETLive.exe: 00003674: 12:58:34 []:>--------------------------------------------------------------<
EXPNETLive.exe: 00003674: 12:58:34 [TUniServerModule]:Server First Init.
EXPNETLive.exe: 00003674: 12:58:34 [TUniServerModule]:Start Path = H:\Projetos Delphi Android\iGAT App Provedor\Fontes MK-EXPNET\Fonte EXPNET WEB\EXPNET Live\EXPNETWEB\Fonte EXPNET WEB\
EXPNETLive.exe: 00003674: 12:58:34 [TUniServerModule]:Debug Mode = ON
EXPNETLive.exe: 00003674: 12:58:34 [TUniGUISessionManager]:Cache erase job created, Folder count: [1]
EXPNETLive.exe: 00003674: 12:58:34 [TUniServerModule]:Starting HTTP Server on Port: 8077...
EXPNETLive.exe: 00003674: 12:58:35 [TUniServerModule]:HTTP Server Started on Port: 8077
EXPNETLive.exe: 000026F0: 12:58:38 [127.0.0.1]:EUniSessionException : Invalid session or session Timeout. (Session not found: OGmzZGUwqE10ABEF4D1 ) : Addr: $007C3B02
EXPNETLive.exe: 00001E6C: 12:58:47 [127.0.0.1]:EAccessViolation : Access violation at address 00666540 in module 'EXPNETLive.exe'. Read of address 000000A9 : Addr: $00666540
EXPNETLive.exe: 0000191C: 13:03:52 []:>--------------------------------------------------------------<
EXPNETLive.exe: 0000191C: 13:03:52 [TUniServerModule]:Server First Init.
EXPNETLive.exe: 0000191C: 13:03:52 [TUniServerModule]:Start Path = H:\Projetos Delphi Android\iGAT App Provedor\Fontes MK-EXPNET\Fonte EXPNET WEB\EXPNET Live\EXPNETWEB\Fonte EXPNET WEB\
EXPNETLive.exe: 0000191C: 13:03:52 [TUniServerModule]:Debug Mode = ON
EXPNETLive.exe: 0000191C: 13:03:52 [TUniGUISessionManager]:Cache erase job created, Folder count: [1]
EXPNETLive.exe: 0000191C: 13:03:52 [TUniServerModule]:Starting HTTP Server on Port: 8077...
EXPNETLive.exe: 0000191C: 13:03:52 [TUniServerModule]:HTTP Server Started on Port: 8077
EXPNETLive.exe: 000036A0: 13:03:53 [127.0.0.1]:EUniSessionException : Invalid session or session Timeout. (Session not found: 1W4oDWrur210ABEF538 ) : Addr: $007C3B12
EXPNETLive.exe: 00001540: 13:03:53 [127.0.0.1]:EUniSessionException : Invalid session or session Timeout. (Session not found: 1W4oDWrur210ABEF538 ) : Addr: $007C3B12
EXPNETLive.exe: 000027F8: 13:06:45 []:>--------------------------------------------------------------<
EXPNETLive.exe: 000027F8: 13:06:45 [TUniServerModule]:Server First Init.
EXPNETLive.exe: 000027F8: 13:06:45 [TUniServerModule]:Start Path = H:\Projetos Delphi Android\iGAT App Provedor\Fontes MK-EXPNET\Fonte EXPNET WEB\EXPNET Live\EXPNETWEB\Fonte EXPNET WEB\
EXPNETLive.exe: 000027F8: 13:06:45 [TUniServerModule]:Debug Mode = ON
EXPNETLive.exe: 000027F8: 13:06:45 [TUniGUISessionManager]:Cache erase job created, Folder count: [1]
EXPNETLive.exe: 000027F8: 13:06:45 [TUniServerModule]:Starting HTTP Server on Port: 8077...
EXPNETLive.exe: 000027F8: 13:06:46 [TUniServerModule]:HTTP Server Started on Port: 8077
EXPNETLive.exe: 00001EC8: 13:06:48 [127.0.0.1]:EUniSessionException : Invalid session or session Timeout. (Session not found: nIgARtesVh10ABEF70C ) : Addr: $007C3B12
EXPNETLive.exe: 0000209C: 13:20:07 []:>--------------------------------------------------------------<
EXPNETLive.exe: 0000209C: 13:20:07 [TUniServerModule]:Server First Init.
EXPNETLive.exe: 0000209C: 13:20:07 [TUniServerModule]:Start Path = H:\Projetos Delphi Android\iGAT App Provedor\Fontes MK-EXPNET\Fonte EXPNET WEB\EXPNET Live\EXPNETWEB\Fonte EXPNET WEB\
EXPNETLive.exe: 0000209C: 13:20:07 [TUniServerModule]:Debug Mode = ON
EXPNETLive.exe: 0000209C: 13:20:07 [TUniGUISessionManager]:Cache erase job created, Folder count: [1]
EXPNETLive.exe: 0000209C: 13:20:07 [TUniServerModule]:Starting HTTP Server on Port: 8077...
EXPNETLive.exe: 0000209C: 13:20:07 [TUniServerModule]:HTTP Server Started on Port: 8077
EXPNETLive.exe: 00002E70: 13:20:13 [127.0.0.1]:EUniSessionException : Invalid session or session Timeout. (Session not found: I1btR6RD7s10ABEF76F ) : Addr: $007C3B12
EXPNETLive.exe: 00002464: 13:21:15 []:>--------------------------------------------------------------<
EXPNETLive.exe: 00002464: 13:21:15 [TUniServerModule]:Server First Init.
EXPNETLive.exe: 00002464: 13:21:15 [TUniServerModule]:Start Path = H:\Projetos Delphi Android\iGAT App Provedor\Fontes MK-EXPNET\Fonte EXPNET WEB\EXPNET Live\EXPNETWEB\Fonte EXPNET WEB\
EXPNETLive.exe: 00002464: 13:21:15 [TUniServerModule]:Debug Mode = ON
EXPNETLive.exe: 00002464: 13:21:15 [TUniGUISessionManager]:Cache erase job created, Folder count: [1]
EXPNETLive.exe: 00002464: 13:21:15 [TUniServerModule]:Starting HTTP Server on Port: 8077...
EXPNETLive.exe: 00002464: 13:21:15 [TUniServerModule]:HTTP Server Started on Port: 8077
EXPNETLive.exe: 00003174: 13:21:16 [127.0.0.1]:EUniSessionException : Invalid session or session Timeout. (Session not found: rU7PE9tjrg10ABEFB13 ) : Addr: $007C3B12
EXPNETLive.exe: 00000C04: 13:21:37 []:>--------------------------------------------------------------<
EXPNETLive.exe: 00000C04: 13:21:37 [TUniServerModule]:Server First Init.
EXPNETLive.exe: 00000C04: 13:21:37 [TUniServerModule]:Start Path = H:\Projetos Delphi Android\iGAT App Provedor\Fontes MK-EXPNET\Fonte EXPNET WEB\EXPNET Live\EXPNETWEB\Fonte EXPNET WEB\
EXPNETLive.exe: 00000C04: 13:21:37 [TUniServerModule]:Debug Mode = ON
EXPNETLive.exe: 00000C04: 13:21:37 [TUniGUISessionManager]:Cache erase job created, Folder count: [1]
EXPNETLive.exe: 00000C04: 13:21:37 [TUniServerModule]:Starting HTTP Server on Port: 8077...
EXPNETLive.exe: 00000C04: 13:21:37 [TUniServerModule]:HTTP Server Started on Port: 8077
EXPNETLive.exe: 000023EC: 13:21:39 [127.0.0.1]:EUniSessionException : Invalid session or session Timeout. (Session not found: RYPHb3cXrJ10ABEFB5D ) : Addr: $007C3B12
EXPNETLive.exe: 00000A7C: 13:31:34 []:>--------------------------------------------------------------<
EXPNETLive.exe: 00000A7C: 13:31:34 [TUniServerModule]:Server First Init.
EXPNETLive.exe: 00000A7C: 13:31:34 [TUniServerModule]:Start Path = H:\Projetos Delphi Android\iGAT App Provedor\Fontes MK-EXPNET\Fonte EXPNET WEB\EXPNET Live\EXPNETWEB\Fonte EXPNET WEB\
EXPNETLive.exe: 00000A7C: 13:31:34 [TUniServerModule]:Debug Mode = ON
EXPNETLive.exe: 00000A7C: 13:31:34 [TUniGUISessionManager]:Cache erase job created, Folder count: [1]
EXPNETLive.exe: 00000A7C: 13:31:34 [TUniServerModule]:Starting HTTP Server on Port: 8077...
EXPNETLive.exe: 00000A7C: 13:31:34 [TUniServerModule]:HTTP Server Started on Port: 8077
EXPNETLive.exe: 00002048: 13:31:36 [127.0.0.1]:EUniSessionException : Invalid session or session Timeout. (Session not found: IJfnNzLd8v10ABEFB77 ) : Addr: $007C3B12
EXPNETLive.exe: 00001EA8: 20:11:26 []:>--------------------------------------------------------------<
EXPNETLive.exe: 00001EA8: 20:11:26 [TUniServerModule]:Server First Init.
EXPNETLive.exe: 00001EA8: 20:11:26 [TUniServerModule]:Start Path = H:\Projetos Delphi Android\iGAT App Provedor\Fontes MK-EXPNET\Fonte EXPNET WEB\EXPNET Live\EXPNETWEB\Fonte EXPNET WEB\
EXPNETLive.exe: 00001EA8: 20:11:26 [TUniServerModule]:Debug Mode = ON
EXPNETLive.exe: 00001EA8: 20:11:26 [TUniGUISessionManager]:Cache erase job created, Folder count: [1]
EXPNETLive.exe: 00001EA8: 20:11:26 [TUniServerModule]:Starting HTTP Server on Port: 8077...
EXPNETLive.exe: 00001EA8: 20:11:26 [TUniServerModule]:HTTP Server Started on Port: 8077
EXPNETLive.exe: 00002458: 20:12:10 []:>--------------------------------------------------------------<
EXPNETLive.exe: 00002458: 20:12:10 [TUniServerModule]:Server First Init.
EXPNETLive.exe: 00002458: 20:12:10 [TUniServerModule]:Start Path = H:\Projetos Delphi Android\iGAT App Provedor\Fontes MK-EXPNET\Fonte EXPNET WEB\EXPNET Live\EXPNETWEB\Fonte EXPNET WEB\
EXPNETLive.exe: 00002458: 20:12:10 [TUniServerModule]:Debug Mode = ON
EXPNETLive.exe: 00002458: 20:12:10 [TUniGUISessionManager]:Cache erase job created, Folder count: [1]
EXPNETLive.exe: 00002458: 20:12:10 [TUniServerModule]:Starting HTTP Server on Port: 8077...
EXPNETLive.exe: 00002458: 20:12:10 [TUniServerModule]:HTTP Server Started on Port: 8077
EXPNETLive.exe: 00001790: 20:12:11 [127.0.0.1]:EUniSessionException : Invalid session or session Timeout. (Session not found: E7ldDhexFn10ABF6AA1 ) : Addr: $007C3B12
EXPNETLive.exe: 000042AC: 20:12:48 []:>--------------------------------------------------------------<
EXPNETLive.exe: 000042AC: 20:12:48 [TUniServerModule]:Server First Init.
EXPNETLive.exe: 000042AC: 20:12:48 [TUniServerModule]:Start Path = H:\Projetos Delphi Android\iGAT App Provedor\Fontes MK-EXPNET\Fonte EXPNET WEB\EXPNET Live\EXPNETWEB\Fonte EXPNET WEB\
EXPNETLive.exe: 000042AC: 20:12:48 [TUniServerModule]:Debug Mode = ON
EXPNETLive.exe: 000042AC: 20:12:48 [TUniGUISessionManager]:Cache erase job created, Folder count: [1]
EXPNETLive.exe: 000042AC: 20:12:48 [TUniServerModule]:Starting HTTP Server on Port: 8077...
EXPNETLive.exe: 000042AC: 20:12:48 [TUniServerModule]:HTTP Server Started on Port: 8077
EXPNETLive.exe: 0000113C: 20:12:49 [127.0.0.1]:EUniSessionException : Invalid session or session Timeout. (Session not found: wC9e6GumtO10ABF6AD4 ) : Addr: $007C3B12
EXPNETLive.exe: 00002AB0: 20:13:26 []:>--------------------------------------------------------------<
EXPNETLive.exe: 00002AB0: 20:13:26 [TUniServerModule]:Server First Init.
EXPNETLive.exe: 00002AB0: 20:13:26 [TUniServerModule]:Start Path = H:\Projetos Delphi Android\iGAT App Provedor\Fontes MK-EXPNET\Fonte EXPNET WEB\EXPNET Live\EXPNETWEB\Fonte EXPNET WEB\
EXPNETLive.exe: 00002AB0: 20:13:26 [TUniServerModule]:Debug Mode = ON
EXPNETLive.exe: 00002AB0: 20:13:26 [TUniGUISessionManager]:Cache erase job created, Folder count: [1]
EXPNETLive.exe: 00002AB0: 20:13:26 [TUniServerModule]:Starting HTTP Server on Port: 8077...
EXPNETLive.exe: 00002AB0: 20:13:26 [TUniServerModule]:HTTP Server Started on Port: 8077
EXPNETLive.exe: 00003500: 20:13:26 [127.0.0.1]:EUniSessionException : Invalid session or session Timeout. (Session not found: QUaIBB79hV10ABF6AFF ) : Addr: $007C3B12
