EXPNETLive.exe: 00003084: 14:55:58 []:>--------------------------------------------------------------<
EXPNETLive.exe: 00003084: 14:55:58 [TUniServerModule]:Server First Init.
EXPNETLive.exe: 00003084: 14:55:58 [TUniServerModule]:Start Path = H:\Projetos Delphi Android\iGAT App Provedor\Fontes MK-EXPNET\Fonte EXPNET WEB\EXPNET Live\EXPNETWEB\Fonte EXPNET WEB\
EXPNETLive.exe: 00003084: 14:55:58 [TUniServerModule]:Debug Mode = ON
EXPNETLive.exe: 00003084: 14:55:58 [TUniGUISessionManager]:Cache erase job created, Folder count: [8]
EXPNETLive.exe: 00003084: 14:55:58 [TUniServerModule]:Starting HTTP Server on Port: 8077...
EXPNETLive.exe: 00003084: 14:55:59 [TUniServerModule]:HTTP Server Started on Port: 8077
EXPNETLive.exe: 00002F2C: 14:56:21 [127.0.0.1]:EMySQLNativeException : [FireDAC][Phys][MySQL] Unknown database 'experp' : Addr: $0092DE70
EXPNETLive.exe: 00002B3C: 14:56:22 [127.0.0.1]:EMySQLNativeException : [FireDAC][Phys][MySQL] Unknown database 'experp' : Addr: $0092DE70
EXPNETLive.exe: 00002EE8: 14:56:23 [127.0.0.1]:EMySQLNativeException : [FireDAC][Phys][MySQL] Unknown database 'experp' : Addr: $0092DE70
EXPNETLive.exe: 00002A54: 15:00:46 []:>--------------------------------------------------------------<
EXPNETLive.exe: 00002A54: 15:00:46 [TUniServerModule]:Server First Init.
EXPNETLive.exe: 00002A54: 15:00:46 [TUniServerModule]:Start Path = H:\Projetos Delphi Android\iGAT App Provedor\Fontes MK-EXPNET\Fonte EXPNET WEB\EXPNET Live\EXPNETWEB\Fonte EXPNET WEB\
EXPNETLive.exe: 00002A54: 15:00:46 [TUniServerModule]:Debug Mode = ON
EXPNETLive.exe: 00002A54: 15:00:46 [TUniGUISessionManager]:Cache erase job created, Folder count: [3]
EXPNETLive.exe: 00002A54: 15:00:46 [TUniServerModule]:Starting HTTP Server on Port: 8077...
EXPNETLive.exe: 00002A54: 15:00:46 [TUniServerModule]:HTTP Server Started on Port: 8077
EXPNETLive.exe: 00002D88: 15:01:01 [127.0.0.1]:EMySQLNativeException : [FireDAC][Phys][MySQL] Table 'expneterp.secao' doesn't exist : Addr: $0092E268
EXPNETLive.exe: 00002454: 15:01:05 [127.0.0.1]:EMySQLNativeException : [FireDAC][Phys][MySQL] Table 'expneterp.secao' doesn't exist : Addr: $0092E268
EXPNETLive.exe: 00003A4C: 15:01:30 []:>--------------------------------------------------------------<
EXPNETLive.exe: 00003A4C: 15:01:30 [TUniServerModule]:Server First Init.
EXPNETLive.exe: 00003A4C: 15:01:30 [TUniServerModule]:Start Path = H:\Projetos Delphi Android\iGAT App Provedor\Fontes MK-EXPNET\Fonte EXPNET WEB\EXPNET Live\EXPNETWEB\Fonte EXPNET WEB\
EXPNETLive.exe: 00003A4C: 15:01:30 [TUniServerModule]:Debug Mode = ON
EXPNETLive.exe: 00003A4C: 15:01:30 [TUniGUISessionManager]:Cache erase job created, Folder count: [1]
EXPNETLive.exe: 00003A4C: 15:01:30 [TUniServerModule]:Starting HTTP Server on Port: 8077...
EXPNETLive.exe: 00003A4C: 15:01:30 [TUniServerModule]:HTTP Server Started on Port: 8077
EXPNETLive.exe: 00002018: 15:01:33 [127.0.0.1]:EUniSessionException : Invalid session or session Timeout. (Session not found: lDbdSCBFmc10ACB4B5F ) : Addr: $007C3B66
EXPNETLive.exe: 00001DC0: 15:09:51 []:>--------------------------------------------------------------<
EXPNETLive.exe: 00001DC0: 15:09:51 [TUniServerModule]:Server First Init.
EXPNETLive.exe: 00001DC0: 15:09:51 [TUniServerModule]:Start Path = H:\Projetos Delphi Android\iGAT App Provedor\Fontes MK-EXPNET\Fonte EXPNET WEB\EXPNET Live\EXPNETWEB\Fonte EXPNET WEB\
EXPNETLive.exe: 00001DC0: 15:09:51 [TUniServerModule]:Debug Mode = ON
EXPNETLive.exe: 00001DC0: 15:09:51 [TUniGUISessionManager]:Cache erase job created, Folder count: [1]
EXPNETLive.exe: 00001DC0: 15:09:51 [TUniServerModule]:Starting HTTP Server on Port: 8077...
EXPNETLive.exe: 00001DC0: 15:09:51 [TUniServerModule]:HTTP Server Started on Port: 8077
EXPNETLive.exe: 00000208: 15:09:54 [127.0.0.1]:EUniSessionException : Invalid session or session Timeout. (Session not found: THPBx4iPkF10ACB4B90 ) : Addr: $007C3B66
EXPNETLive.exe: 00001F98: 15:11:42 []:>--------------------------------------------------------------<
EXPNETLive.exe: 00001F98: 15:11:42 [TUniServerModule]:Server First Init.
EXPNETLive.exe: 00001F98: 15:11:42 [TUniServerModule]:Start Path = H:\Projetos Delphi Android\iGAT App Provedor\Fontes MK-EXPNET\Fonte EXPNET WEB\EXPNET Live\EXPNETWEB\Fonte EXPNET WEB\
EXPNETLive.exe: 00001F98: 15:11:42 [TUniServerModule]:Debug Mode = ON
EXPNETLive.exe: 00001F98: 15:11:42 [TUniGUISessionManager]:Cache erase job created, Folder count: [1]
EXPNETLive.exe: 00001F98: 15:11:42 [TUniServerModule]:Starting HTTP Server on Port: 8077...
EXPNETLive.exe: 00001F98: 15:11:42 [TUniServerModule]:HTTP Server Started on Port: 8077
EXPNETLive.exe: 0000164C: 15:11:46 [127.0.0.1]:EUniSessionException : Invalid session or session Timeout. (Session not found: SQsHPngEoe10ACB4DD5 ) : Addr: $007C3B66
EXPNETLive.exe: 000027D8: 15:12:19 []:>--------------------------------------------------------------<
EXPNETLive.exe: 000027D8: 15:12:19 [TUniServerModule]:Server First Init.
EXPNETLive.exe: 000027D8: 15:12:19 [TUniServerModule]:Start Path = H:\Projetos Delphi Android\iGAT App Provedor\Fontes MK-EXPNET\Fonte EXPNET WEB\EXPNET Live\EXPNETWEB\Fonte EXPNET WEB\
EXPNETLive.exe: 000027D8: 15:12:19 [TUniServerModule]:Debug Mode = ON
EXPNETLive.exe: 000027D8: 15:12:19 [TUniGUISessionManager]:Cache erase job created, Folder count: [1]
EXPNETLive.exe: 000027D8: 15:12:19 [TUniServerModule]:Starting HTTP Server on Port: 8077...
EXPNETLive.exe: 000027D8: 15:12:19 [TUniServerModule]:HTTP Server Started on Port: 8077
EXPNETLive.exe: 000016B0: 15:12:21 [127.0.0.1]:EUniSessionException : Invalid session or session Timeout. (Session not found: yU9hex5u6B10ACB4E56 ) : Addr: $007C3B66
EXPNETLive.exe: 00002430: 15:12:53 []:>--------------------------------------------------------------<
EXPNETLive.exe: 00002430: 15:12:53 [TUniServerModule]:Server First Init.
EXPNETLive.exe: 00002430: 15:12:53 [TUniServerModule]:Start Path = H:\Projetos Delphi Android\iGAT App Provedor\Fontes MK-EXPNET\Fonte EXPNET WEB\EXPNET Live\EXPNETWEB\Fonte EXPNET WEB\
EXPNETLive.exe: 00002430: 15:12:53 [TUniServerModule]:Debug Mode = ON
EXPNETLive.exe: 00002430: 15:12:53 [TUniGUISessionManager]:Cache erase job created, Folder count: [1]
EXPNETLive.exe: 00002430: 15:12:53 [TUniServerModule]:Starting HTTP Server on Port: 8077...
EXPNETLive.exe: 00002430: 15:12:53 [TUniServerModule]:HTTP Server Started on Port: 8077
EXPNETLive.exe: 00003E1C: 15:20:21 []:>--------------------------------------------------------------<
EXPNETLive.exe: 00003E1C: 15:20:21 [TUniServerModule]:Server First Init.
EXPNETLive.exe: 00003E1C: 15:20:21 [TUniServerModule]:Start Path = H:\Projetos Delphi Android\iGAT App Provedor\Fontes MK-EXPNET\Fonte EXPNET WEB\EXPNET Live\EXPNETWEB\Fonte EXPNET WEB\
EXPNETLive.exe: 00003E1C: 15:20:21 [TUniServerModule]:Debug Mode = ON
EXPNETLive.exe: 00003E1C: 15:20:21 [TUniGUISessionManager]:Cache erase job created, Folder count: [1]
EXPNETLive.exe: 00003E1C: 15:20:21 [TUniServerModule]:Starting HTTP Server on Port: 8077...
EXPNETLive.exe: 00003E1C: 15:20:21 [TUniServerModule]:HTTP Server Started on Port: 8077
EXPNETLive.exe: 00001B08: 15:20:23 [127.0.0.1]:EUniSessionException : Invalid session or session Timeout. (Session not found: HpSoOzHV3e10ACB4EA6 ) : Addr: $007C3B66
EXPNETLive.exe: 00002124: 18:47:01 []:>--------------------------------------------------------------<
EXPNETLive.exe: 00002124: 18:47:01 [TUniServerModule]:Server First Init.
EXPNETLive.exe: 00002124: 18:47:01 [TUniServerModule]:Start Path = H:\Projetos Delphi Android\iGAT App Provedor\Fontes MK-EXPNET\Fonte EXPNET WEB\EXPNET Live\EXPNETWEB\Fonte EXPNET WEB\
EXPNETLive.exe: 00002124: 18:47:01 [TUniServerModule]:Debug Mode = ON
EXPNETLive.exe: 00002124: 18:47:01 [TUniServerModule]:Starting HTTP Server on Port: 8077...
EXPNETLive.exe: 00002124: 18:47:01 [TUniServerModule]:HTTP Server Started on Port: 8077
EXPNETLive.exe: 000011E4: 18:47:02 [127.0.0.1]:EUniSessionException : Invalid session or session Timeout. (Session not found: W9q1AUJgXh10ACB50E9 ) : Addr: $007C3B66
EXPNETLive.exe: 00001D6C: 18:48:36 []:>--------------------------------------------------------------<
EXPNETLive.exe: 00001D6C: 18:48:36 [TUniServerModule]:Server First Init.
EXPNETLive.exe: 00001D6C: 18:48:36 [TUniServerModule]:Start Path = H:\Projetos Delphi Android\iGAT App Provedor\Fontes MK-EXPNET\Fonte EXPNET WEB\EXPNET Live\EXPNETWEB\Fonte EXPNET WEB\
EXPNETLive.exe: 00001D6C: 18:48:36 [TUniServerModule]:Debug Mode = ON
EXPNETLive.exe: 00001D6C: 18:48:36 [TUniGUISessionManager]:Cache erase job created, Folder count: [1]
EXPNETLive.exe: 00001D6C: 18:48:36 [TUniServerModule]:Starting HTTP Server on Port: 8077...
EXPNETLive.exe: 00001D6C: 18:48:36 [TUniServerModule]:HTTP Server Started on Port: 8077
EXPNETLive.exe: 00003A3C: 18:48:41 [127.0.0.1]:EUniSessionException : Invalid session or session Timeout. (Session not found: SUTaF9qLhL10ACB88BB ) : Addr: $007C3B66
EXPNETLive.exe: 00002104: 18:49:11 []:>--------------------------------------------------------------<
EXPNETLive.exe: 00002104: 18:49:11 [TUniServerModule]:Server First Init.
EXPNETLive.exe: 00002104: 18:49:11 [TUniServerModule]:Start Path = H:\Projetos Delphi Android\iGAT App Provedor\Fontes MK-EXPNET\Fonte EXPNET WEB\EXPNET Live\EXPNETWEB\Fonte EXPNET WEB\
EXPNETLive.exe: 00002104: 18:49:11 [TUniServerModule]:Debug Mode = ON
EXPNETLive.exe: 00002104: 18:49:11 [TUniGUISessionManager]:Cache erase job created, Folder count: [1]
EXPNETLive.exe: 00002104: 18:49:11 [TUniServerModule]:Starting HTTP Server on Port: 8077...
EXPNETLive.exe: 00002104: 18:49:11 [TUniServerModule]:HTTP Server Started on Port: 8077
EXPNETLive.exe: 000006B0: 18:49:13 [127.0.0.1]:EUniSessionException : Invalid session or session Timeout. (Session not found: tMbMpg6Onb10ACB892D ) : Addr: $007C3B66
EXPNETLive.exe: 00000A2C: 18:50:01 []:>--------------------------------------------------------------<
EXPNETLive.exe: 00000A2C: 18:50:01 [TUniServerModule]:Server First Init.
EXPNETLive.exe: 00000A2C: 18:50:01 [TUniServerModule]:Start Path = H:\Projetos Delphi Android\iGAT App Provedor\Fontes MK-EXPNET\Fonte EXPNET WEB\EXPNET Live\EXPNETWEB\Fonte EXPNET WEB\
EXPNETLive.exe: 00000A2C: 18:50:01 [TUniServerModule]:Debug Mode = ON
EXPNETLive.exe: 00000A2C: 18:50:01 [TUniGUISessionManager]:Cache erase job created, Folder count: [1]
EXPNETLive.exe: 00000A2C: 18:50:01 [TUniServerModule]:Starting HTTP Server on Port: 8077...
EXPNETLive.exe: 00000A2C: 18:50:01 [TUniServerModule]:HTTP Server Started on Port: 8077
EXPNETLive.exe: 000015A8: 18:50:02 [127.0.0.1]:EUniSessionException : Invalid session or session Timeout. (Session not found: sDeo5WCbBF10ACB8952 ) : Addr: $007C3B66
EXPNETLive.exe: 00002804: 18:50:32 []:>--------------------------------------------------------------<
EXPNETLive.exe: 00002804: 18:50:32 [TUniServerModule]:Server First Init.
EXPNETLive.exe: 00002804: 18:50:32 [TUniServerModule]:Start Path = H:\Projetos Delphi Android\iGAT App Provedor\Fontes MK-EXPNET\Fonte EXPNET WEB\EXPNET Live\EXPNETWEB\Fonte EXPNET WEB\
EXPNETLive.exe: 00002804: 18:50:32 [TUniServerModule]:Debug Mode = ON
EXPNETLive.exe: 00002804: 18:50:32 [TUniGUISessionManager]:Cache erase job created, Folder count: [1]
EXPNETLive.exe: 00002804: 18:50:32 [TUniServerModule]:Starting HTTP Server on Port: 8077...
EXPNETLive.exe: 00002804: 18:50:32 [TUniServerModule]:HTTP Server Started on Port: 8077
EXPNETLive.exe: 000033B0: 18:50:33 [127.0.0.1]:EUniSessionException : Invalid session or session Timeout. (Session not found: sscvauyY6O10ACB898C ) : Addr: $007C3B66
EXPNETLive.exe: 00001D40: 18:51:01 []:>--------------------------------------------------------------<
EXPNETLive.exe: 00001D40: 18:51:01 [TUniServerModule]:Server First Init.
EXPNETLive.exe: 00001D40: 18:51:01 [TUniServerModule]:Start Path = H:\Projetos Delphi Android\iGAT App Provedor\Fontes MK-EXPNET\Fonte EXPNET WEB\EXPNET Live\EXPNETWEB\Fonte EXPNET WEB\
EXPNETLive.exe: 00001D40: 18:51:01 [TUniServerModule]:Debug Mode = ON
EXPNETLive.exe: 00001D40: 18:51:01 [TUniGUISessionManager]:Cache erase job created, Folder count: [1]
EXPNETLive.exe: 00001D40: 18:51:01 [TUniServerModule]:Starting HTTP Server on Port: 8077...
EXPNETLive.exe: 00001D40: 18:51:01 [TUniServerModule]:HTTP Server Started on Port: 8077
EXPNETLive.exe: 00002D48: 18:51:04 [127.0.0.1]:EUniSessionException : Invalid session or session Timeout. (Session not found: lw7JDAokhq10ACB89AF ) : Addr: $007C3B66
EXPNETLive.exe: 0000300C: 18:52:12 []:>--------------------------------------------------------------<
EXPNETLive.exe: 0000300C: 18:52:12 [TUniServerModule]:Server First Init.
EXPNETLive.exe: 0000300C: 18:52:12 [TUniServerModule]:Start Path = H:\Projetos Delphi Android\iGAT App Provedor\Fontes MK-EXPNET\Fonte EXPNET WEB\EXPNET Live\EXPNETWEB\Fonte EXPNET WEB\
EXPNETLive.exe: 0000300C: 18:52:12 [TUniServerModule]:Debug Mode = ON
EXPNETLive.exe: 0000300C: 18:52:12 [TUniGUISessionManager]:Cache erase job created, Folder count: [1]
EXPNETLive.exe: 0000300C: 18:52:12 [TUniServerModule]:Starting HTTP Server on Port: 8077...
EXPNETLive.exe: 0000300C: 18:52:12 [TUniServerModule]:HTTP Server Started on Port: 8077
EXPNETLive.exe: 00003E60: 18:52:13 [127.0.0.1]:EUniSessionException : Invalid session or session Timeout. (Session not found: KiRlKZnXkn10ACB89D3 ) : Addr: $007C3B66
EXPNETLive.exe: 0000354C: 18:52:31 []:>--------------------------------------------------------------<
EXPNETLive.exe: 0000354C: 18:52:31 [TUniServerModule]:Server First Init.
EXPNETLive.exe: 0000354C: 18:52:31 [TUniServerModule]:Start Path = H:\Projetos Delphi Android\iGAT App Provedor\Fontes MK-EXPNET\Fonte EXPNET WEB\EXPNET Live\EXPNETWEB\Fonte EXPNET WEB\
EXPNETLive.exe: 0000354C: 18:52:31 [TUniServerModule]:Debug Mode = ON
EXPNETLive.exe: 0000354C: 18:52:31 [TUniGUISessionManager]:Cache erase job created, Folder count: [1]
EXPNETLive.exe: 0000354C: 18:52:31 [TUniServerModule]:Starting HTTP Server on Port: 8077...
EXPNETLive.exe: 0000354C: 18:52:31 [TUniServerModule]:HTTP Server Started on Port: 8077
EXPNETLive.exe: 00001688: 18:52:31 [127.0.0.1]:EUniSessionException : Invalid session or session Timeout. (Session not found: jKUygV4AsI10ACB8A22 ) : Addr: $007C3B66
EXPNETLive.exe: 00000588: 18:52:49 []:>--------------------------------------------------------------<
EXPNETLive.exe: 00000588: 18:52:49 [TUniServerModule]:Server First Init.
EXPNETLive.exe: 00000588: 18:52:49 [TUniServerModule]:Start Path = H:\Projetos Delphi Android\iGAT App Provedor\Fontes MK-EXPNET\Fonte EXPNET WEB\EXPNET Live\EXPNETWEB\Fonte EXPNET WEB\
EXPNETLive.exe: 00000588: 18:52:49 [TUniServerModule]:Debug Mode = ON
EXPNETLive.exe: 00000588: 18:52:49 [TUniGUISessionManager]:Cache erase job created, Folder count: [1]
EXPNETLive.exe: 00000588: 18:52:49 [TUniServerModule]:Starting HTTP Server on Port: 8077...
EXPNETLive.exe: 00000588: 18:52:49 [TUniServerModule]:HTTP Server Started on Port: 8077
EXPNETLive.exe: 00002730: 18:52:51 [127.0.0.1]:EUniSessionException : Invalid session or session Timeout. (Session not found: 3fWvkWg3Z910ACB8A38 ) : Addr: $007C3B66
